<?xml version="1.0" encoding="utf-8"?>
<TestRun id="e00e9416-0929-4b59-b79d-c4e92e2e9c49" name="gmw@WIN-GKU76LNHACV 2026-05-27 12:13:58" runUser="WIN-GKU76LNHACV\GMW" xmlns="http://microsoft.com/schemas/VisualStudio/TeamTest/2010">
  <Times creation="2026-05-27T12:13:58.8431813+08:00" queuing="2026-05-27T12:13:58.8431815+08:00" start="2026-05-27T12:13:55.5893840+08:00" finish="2026-05-27T12:19:14.9028052+08:00" />
  <TestSettings name="default" id="6440bc03-f801-49d0-9855-ab5d04523b5a">
    <Deployment runDeploymentRoot="gmw_WIN-GKU76LNHACV_2026-05-27_12_13_58" />
  </TestSettings>
  <Results>
    <UnitTestResult executionId="d9985985-2677-4d76-aba3-19fd6387ff1e" testId="45254649-8c2d-8a12-e0ce-fd3234106ab0" testName="Photopipeline.Tests.FunctionalTests.ApiChannel.PluginApiTests.ExecutePluginPipeline(tc: TestCaseDefinition { Id = plugin_0152, Name = heif_encoder_quality_60_color_bars_8bit, Category = plugin, Tags = System.String[], InputImage = color_bars_8bit, InputImages = , Pipeline = Photopipeline.Models.PipelineSpec, OutputFormat = PNG, OutputBitDepth = , OutputLossless = , TolerancePerChannel = 0, MinPSNR = , MinSSIM = , MaxDeltaE = , ExpectError = False, ExpectedErrorMessage = , SkipUiChannel = False, SkipApiChannel = False, IsSerialOnly = False })" computerName="WIN-GKU76LNHACV" duration="00:00:02.0089334" startTime="2026-05-27T12:19:02.7858653+08:00" endTime="2026-05-27T12:19:04.7957265+08:00" testType="13cdc9d9-ddb5-4fa4-a97d-d965ccfc6d4b" outcome="Failed" testListId="8c84fa94-04c1-424b-9868-57a2d4851a1d" relativeResultsDirectory="d9985985-2677-4d76-aba3-19fd6387ff1e">
      <Output>
        <StdOut>Backend gRPC connected successfully.</StdOut>
        <ErrorInfo>
          <Message>System.IO.FileNotFoundException : Pipeline output not found: C:\Users\GMW\AppData\Local\Temp\photopipeline_tests\20260527_121902\heif_encoder_quality_60_color_bars_8bit\heif_encoder_quality_60_color_bars_8bit_output.heif</Message>
          <StackTrace>   at Photopipeline.Tests.FunctionalTests.ApiChannel.ApiTestBase.ExecuteAndGetOutput(PipelineSpec spec, String inputImagePath, String outputPath, CancellationToken ct) in c:\Data\code\photopipeline\gui\windows\Photopipeline.Tests\FunctionalTests\ApiChannel\ApiTestBase.cs:line 97&#xD;
   at Photopipeline.Tests.FunctionalTests.ApiChannel.PluginApiTests.ExecutePluginPipeline(TestCaseDefinition tc) in c:\Data\code\photopipeline\gui\windows\Photopipeline.Tests\FunctionalTests\ApiChannel\PluginApiTests.cs:line 51&#xD;
--- End of stack trace from previous location ---</StackTrace>
        </ErrorInfo>
      </Output>
    </UnitTestResult>
    <UnitTestResult executionId="c6b66319-5bbc-482a-a082-f9604c793a55" testId="45254649-8c2d-8a12-e0ce-fd3234106ab0" testName="Photopipeline.Tests.FunctionalTests.ApiChannel.PluginApiTests.ExecutePluginPipeline(tc: TestCaseDefinition { Id = plugin_0031, Name = transform_crop_enabled_True_color_bars_8bit, Category = plugin, Tags = System.String[], InputImage = color_bars_8bit, InputImages = , Pipeline = Photopipeline.Models.PipelineSpec, OutputFormat = PNG, OutputBitDepth = , OutputLossless = , TolerancePerChannel = 0, MinPSNR = , MinSSIM = , MaxDeltaE = , ExpectError = False, ExpectedErrorMessage = , SkipUiChannel = False, SkipApiChannel = False, IsSerialOnly = False })" computerName="WIN-GKU76LNHACV" duration="00:00:02.0080244" startTime="2026-05-27T12:14:58.5805157+08:00" endTime="2026-05-27T12:15:00.5850130+08:00" testType="13cdc9d9-ddb5-4fa4-a97d-d965ccfc6d4b" outcome="Failed" testListId="8c84fa94-04c1-424b-9868-57a2d4851a1d" relativeResultsDirectory="c6b66319-5bbc-482a-a082-f9604c793a55">
      <Output>
        <StdOut>Backend gRPC connected successfully.</StdOut>
        <ErrorInfo>
          <Message>System.IO.FileNotFoundException : Pipeline output not found: C:\Users\GMW\AppData\Local\Temp\photopipeline_tests\20260527_121458\transform_crop_enabled_True_color_bars_8bit\transform_crop_enabled_True_color_bars_8bit_output.png</Message>
          <StackTrace>   at Photopipeline.Tests.FunctionalTests.ApiChannel.ApiTestBase.ExecuteAndGetOutput(PipelineSpec spec, String inputImagePath, String outputPath, CancellationToken ct) in c:\Data\code\photopipeline\gui\windows\Photopipeline.Tests\FunctionalTests\ApiChannel\ApiTestBase.cs:line 97&#xD;
   at Photopipeline.Tests.FunctionalTests.ApiChannel.PluginApiTests.ExecutePluginPipeline(TestCaseDefinition tc) in c:\Data\code\photopipeline\gui\windows\Photopipeline.Tests\FunctionalTests\ApiChannel\PluginApiTests.cs:line 51&#xD;
--- End of stack trace from previous location ---</StackTrace>
        </ErrorInfo>
      </Output>
    </UnitTestResult>
    <UnitTestResult executionId="2a31d495-55ac-4cc3-84ee-bf81364ddf90" testId="45254649-8c2d-8a12-e0ce-fd3234106ab0" testName="Photopipeline.Tests.FunctionalTests.ApiChannel.PluginApiTests.ExecutePluginPipeline(tc: TestCaseDefinition { Id = plugin_0092, Name = lut3d_intensity_0_gradient_horiz_rgb, Category = plugin, Tags = System.String[], InputImage = gradient_horiz_rgb, InputImages = , Pipeline = Photopipeline.Models.PipelineSpec, OutputFormat = PNG, OutputBitDepth = , OutputLossless = , TolerancePerChannel = 0, MinPSNR = , MinSSIM = , MaxDeltaE = , ExpectError = False, ExpectedErrorMessage = , SkipUiChannel = False, SkipApiChannel = False, IsSerialOnly = False })" computerName="WIN-GKU76LNHACV" duration="00:00:02.0181250" startTime="2026-05-27T12:17:01.5319176+08:00" endTime="2026-05-27T12:17:03.5505766+08:00" testType="13cdc9d9-ddb5-4fa4-a97d-d965ccfc6d4b" outcome="Passed" testListId="8c84fa94-04c1-424b-9868-57a2d4851a1d" relativeResultsDirectory="2a31d495-55ac-4cc3-84ee-bf81364ddf90">
      <Output>
        <StdOut>Backend gRPC connected successfully.&#xD;
PASS: lut3d_intensity_0_gradient_horiz_rgb</StdOut>
      </Output>
    </UnitTestResult>
    <UnitTestResult executionId="3b60b08d-e7c1-4ff4-b193-04627322eca7" testId="45254649-8c2d-8a12-e0ce-fd3234106ab0" testName="Photopipeline.Tests.FunctionalTests.ApiChannel.PluginApiTests.ExecutePluginPipeline(tc: TestCaseDefinition { Id = plugin_0071, Name = ai_denoise_denoise_strength_50_checkerboard_8x8, Category = plugin, Tags = System.String[], InputImage = checkerboard_8x8, InputImages = , Pipeline = Photopipeline.Models.PipelineSpec, OutputFormat = PNG, OutputBitDepth = , OutputLossless = , TolerancePerChannel = 0, MinPSNR = , MinSSIM = , MaxDeltaE = , ExpectError = False, ExpectedErrorMessage = , SkipUiChannel = False, SkipApiChannel = False, IsSerialOnly = False })" computerName="WIN-GKU76LNHACV" duration="00:00:02.0087594" startTime="2026-05-27T12:16:19.3358712+08:00" endTime="2026-05-27T12:16:21.3449174+08:00" testType="13cdc9d9-ddb5-4fa4-a97d-d965ccfc6d4b" outcome="Failed" testListId="8c84fa94-04c1-424b-9868-57a2d4851a1d" relativeResultsDirectory="3b60b08d-e7c1-4ff4-b193-04627322eca7">
      <Output>
        <StdOut>Backend gRPC connected successfully.</StdOut>
        <ErrorInfo>
          <Message>System.IO.FileNotFoundException : Pipeline output not found: C:\Users\GMW\AppData\Local\Temp\photopipeline_tests\20260527_121619\ai_denoise_denoise_strength_50_checkerboard_8x8\ai_denoise_denoise_strength_50_checkerboard_8x8_output.png</Message>
          <StackTrace>   at Photopipeline.Tests.FunctionalTests.ApiChannel.ApiTestBase.ExecuteAndGetOutput(PipelineSpec spec, String inputImagePath, String outputPath, CancellationToken ct) in c:\Data\code\photopipeline\gui\windows\Photopipeline.Tests\FunctionalTests\ApiChannel\ApiTestBase.cs:line 97&#xD;
   at Photopipeline.Tests.FunctionalTests.ApiChannel.PluginApiTests.ExecutePluginPipeline(TestCaseDefinition tc) in c:\Data\code\photopipeline\gui\windows\Photopipeline.Tests\FunctionalTests\ApiChannel\PluginApiTests.cs:line 51&#xD;
--- End of stack trace from previous location ---</StackTrace>
        </ErrorInfo>
      </Output>
    </UnitTestResult>
    <UnitTestResult executionId="06ab7e7d-e0fe-4bae-bdab-535ac447353b" testId="45254649-8c2d-8a12-e0ce-fd3234106ab0" testName="Photopipeline.Tests.FunctionalTests.ApiChannel.PluginApiTests.ExecutePluginPipeline(tc: TestCaseDefinition { Id = plugin_0005, Name = transform_scale_percent_200_checkerboard_8x8, Category = plugin, Tags = System.String[], InputImage = checkerboard_8x8, InputImages = , Pipeline = Photopipeline.Models.PipelineSpec, OutputFormat = PNG, OutputBitDepth = , OutputLossless = , TolerancePerChannel = 0, MinPSNR = , MinSSIM = , MaxDeltaE = , ExpectError = False, ExpectedErrorMessage = , SkipUiChannel = False, SkipApiChannel = False, IsSerialOnly = False })" computerName="WIN-GKU76LNHACV" duration="00:00:02.0122087" startTime="2026-05-27T12:14:06.1840604+08:00" endTime="2026-05-27T12:14:08.1966985+08:00" testType="13cdc9d9-ddb5-4fa4-a97d-d965ccfc6d4b" outcome="Passed" testListId="8c84fa94-04c1-424b-9868-57a2d4851a1d" relativeResultsDirectory="06ab7e7d-e0fe-4bae-bdab-535ac447353b">
      <Output>
        <StdOut>Backend gRPC connected successfully.&#xD;
PASS: transform_scale_percent_200_checkerboard_8x8</StdOut>
      </Output>
    </UnitTestResult>
    <UnitTestResult executionId="1a71c7d4-0be3-4ae3-93e4-18496230a89a" testId="45254649-8c2d-8a12-e0ce-fd3234106ab0" testName="Photopipeline.Tests.FunctionalTests.ApiChannel.PluginApiTests.ExecutePluginPipeline(tc: TestCaseDefinition { Id = plugin_0073, Name = ai_denoise_default_all, Category = plugin, Tags = System.String[], InputImage = noise_grain, InputImages = , Pipeline = Photopipeline.Models.PipelineSpec, OutputFormat = PNG, OutputBitDepth = , OutputLossless = , TolerancePerChannel = 0, MinPSNR = , MinSSIM = , MaxDeltaE = , ExpectError = False, ExpectedErrorMessage = , SkipUiChannel = False, SkipApiChannel = False, IsSerialOnly = False })" computerName="WIN-GKU76LNHACV" duration="00:00:02.0096529" startTime="2026-05-27T12:16:23.3526184+08:00" endTime="2026-05-27T12:16:25.3628531+08:00" testType="13cdc9d9-ddb5-4fa4-a97d-d965ccfc6d4b" outcome="Failed" testListId="8c84fa94-04c1-424b-9868-57a2d4851a1d" relativeResultsDirectory="1a71c7d4-0be3-4ae3-93e4-18496230a89a">
      <Output>
        <StdOut>Backend gRPC connected successfully.</StdOut>
        <ErrorInfo>
          <Message>System.IO.FileNotFoundException : Pipeline output not found: C:\Users\GMW\AppData\Local\Temp\photopipeline_tests\20260527_121623\ai_denoise_default_all\ai_denoise_default_all_output.png</Message>
          <StackTrace>   at Photopipeline.Tests.FunctionalTests.ApiChannel.ApiTestBase.ExecuteAndGetOutput(PipelineSpec spec, String inputImagePath, String outputPath, CancellationToken ct) in c:\Data\code\photopipeline\gui\windows\Photopipeline.Tests\FunctionalTests\ApiChannel\ApiTestBase.cs:line 97&#xD;
   at Photopipeline.Tests.FunctionalTests.ApiChannel.ApiTestBase.ExecuteTwiceAndAssertDeterministic(PipelineSpec spec, String inputPath, String outputPath, TestOutputManager outputMgr, CancellationToken ct) in c:\Data\code\photopipeline\gui\windows\Photopipeline.Tests\FunctionalTests\ApiChannel\ApiTestBase.cs:line 120&#xD;
   at Photopipeline.Tests.FunctionalTests.ApiChannel.PluginApiTests.ExecutePluginPipeline(TestCaseDefinition tc) in c:\Data\code\photopipeline\gui\windows\Photopipeline.Tests\FunctionalTests\ApiChannel\PluginApiTests.cs:line 47&#xD;
--- End of stack trace from previous location ---</StackTrace>
        </ErrorInfo>
      </Output>
    </UnitTestResult>
    <UnitTestResult executionId="72b78526-68f2-43df-bdee-95346ad65f65" testId="45254649-8c2d-8a12-e0ce-fd3234106ab0" testName="Photopipeline.Tests.FunctionalTests.ApiChannel.PluginApiTests.ExecutePluginPipeline(tc: TestCaseDefinition { Id = plugin_0055, Name = colorspace_black_point_compensation_True_color_bars_8bit, Category = plugin, Tags = System.String[], InputImage = color_bars_8bit, InputImages = , Pipeline = Photopipeline.Models.PipelineSpec, OutputFormat = PNG, OutputBitDepth = , OutputLossless = , TolerancePerChannel = 0, MinPSNR = , MinSSIM = , MaxDeltaE = , ExpectError = False, ExpectedErrorMessage = , SkipUiChannel = False, SkipApiChannel = False, IsSerialOnly = False })" computerName="WIN-GKU76LNHACV" duration="00:00:02.0120322" startTime="2026-05-27T12:15:47.0702060+08:00" endTime="2026-05-27T12:15:49.0828172+08:00" testType="13cdc9d9-ddb5-4fa4-a97d-d965ccfc6d4b" outcome="Passed" testListId="8c84fa94-04c1-424b-9868-57a2d4851a1d" relativeResultsDirectory="72b78526-68f2-43df-bdee-95346ad65f65">
      <Output>
        <StdOut>Backend gRPC connected successfully.&#xD;
PASS: colorspace_black_point_compensation_True_color_bars_8bit</StdOut>
      </Output>
    </UnitTestResult>
    <UnitTestResult executionId="dc0fd1aa-1b24-4762-aa52-5b292452885f" testId="45254649-8c2d-8a12-e0ce-fd3234106ab0" testName="Photopipeline.Tests.FunctionalTests.ApiChannel.PluginApiTests.ExecutePluginPipeline(tc: TestCaseDefinition { Id = plugin_0064, Name = ai_denoise_denoise_strength_100_noise_grain, Category = plugin, Tags = System.String[], InputImage = noise_grain, InputImages = , Pipeline = Photopipeline.Models.PipelineSpec, OutputFormat = PNG, OutputBitDepth = , OutputLossless = , TolerancePerChannel = 0, MinPSNR = , MinSSIM = , MaxDeltaE = , ExpectError = False, ExpectedErrorMessage = , SkipUiChannel = False, SkipApiChannel = False, IsSerialOnly = False })" computerName="WIN-GKU76LNHACV" duration="00:00:02.0068150" startTime="2026-05-27T12:16:05.2544632+08:00" endTime="2026-05-27T12:16:07.2614291+08:00" testType="13cdc9d9-ddb5-4fa4-a97d-d965ccfc6d4b" outcome="Failed" testListId="8c84fa94-04c1-424b-9868-57a2d4851a1d" relativeResultsDirectory="dc0fd1aa-1b24-4762-aa52-5b292452885f">
      <Output>
        <StdOut>Backend gRPC connected successfully.</StdOut>
        <ErrorInfo>
          <Message>System.IO.FileNotFoundException : Pipeline output not found: C:\Users\GMW\AppData\Local\Temp\photopipeline_tests\20260527_121605\ai_denoise_denoise_strength_100_noise_grain\ai_denoise_denoise_strength_100_noise_grain_output.png</Message>
          <StackTrace>   at Photopipeline.Tests.FunctionalTests.ApiChannel.ApiTestBase.ExecuteAndGetOutput(PipelineSpec spec, String inputImagePath, String outputPath, CancellationToken ct) in c:\Data\code\photopipeline\gui\windows\Photopipeline.Tests\FunctionalTests\ApiChannel\ApiTestBase.cs:line 97&#xD;
   at Photopipeline.Tests.FunctionalTests.ApiChannel.PluginApiTests.ExecutePluginPipeline(TestCaseDefinition tc) in c:\Data\code\photopipeline\gui\windows\Photopipeline.Tests\FunctionalTests\ApiChannel\PluginApiTests.cs:line 51&#xD;
--- End of stack trace from previous location ---</StackTrace>
        </ErrorInfo>
      </Output>
    </UnitTestResult>
    <UnitTestResult executionId="2bdf46c0-7b8d-4b71-bc62-8b4f8ee218fb" testId="45254649-8c2d-8a12-e0ce-fd3234106ab0" testName="Photopipeline.Tests.FunctionalTests.ApiChannel.PluginApiTests.ExecutePluginPipeline(tc: TestCaseDefinition { Id = plugin_0049, Name = colorspace_rendering_intent_photopipeline.plugins.colorspace_pure_red_small, Category = plugin, Tags = System.String[], InputImage = pure_red_small, InputImages = , Pipeline = Photopipeline.Models.PipelineSpec, OutputFormat = PNG, OutputBitDepth = , OutputLossless = , TolerancePerChannel = 0, MinPSNR = , MinSSIM = , MaxDeltaE = , ExpectError = False, ExpectedErrorMessage = , SkipUiChannel = False, SkipApiChannel = False, IsSerialOnly = False })" computerName="WIN-GKU76LNHACV" duration="00:00:02.0113092" startTime="2026-05-27T12:15:34.9874983+08:00" endTime="2026-05-27T12:15:36.9995115+08:00" testType="13cdc9d9-ddb5-4fa4-a97d-d965ccfc6d4b" outcome="Passed" testListId="8c84fa94-04c1-424b-9868-57a2d4851a1d" relativeResultsDirectory="2bdf46c0-7b8d-4b71-bc62-8b4f8ee218fb">
      <Output>
        <StdOut>Backend gRPC connected successfully.&#xD;
PASS: colorspace_rendering_intent_photopipeline.plugins.colorspace_pure_red_small</StdOut>
      </Output>
    </UnitTestResult>
    <UnitTestResult executionId="39f8ffe9-ebc8-464c-b7fd-916d5169fd2b" testId="45254649-8c2d-8a12-e0ce-fd3234106ab0" testName="Photopipeline.Tests.FunctionalTests.ApiChannel.PluginApiTests.ExecutePluginPipeline(tc: TestCaseDefinition { Id = plugin_0074, Name = ai_denoise_detail_preservation_0_noise_grain, Category = plugin, Tags = System.String[], InputImage = noise_grain, InputImages = , Pipeline = Photopipeline.Models.PipelineSpec, OutputFormat = PNG, OutputBitDepth = , OutputLossless = , TolerancePerChannel = 0, MinPSNR = , MinSSIM = , MaxDeltaE = , ExpectError = False, ExpectedErrorMessage = , SkipUiChannel = False, SkipApiChannel = False, IsSerialOnly = False })" computerName="WIN-GKU76LNHACV" duration="00:00:02.0093513" startTime="2026-05-27T12:16:25.3630545+08:00" endTime="2026-05-27T12:16:27.3728569+08:00" testType="13cdc9d9-ddb5-4fa4-a97d-d965ccfc6d4b" outcome="Failed" testListId="8c84fa94-04c1-424b-9868-57a2d4851a1d" relativeResultsDirectory="39f8ffe9-ebc8-464c-b7fd-916d5169fd2b">
      <Output>
        <StdOut>Backend gRPC connected successfully.</StdOut>
        <ErrorInfo>
          <Message>System.IO.FileNotFoundException : Pipeline output not found: C:\Users\GMW\AppData\Local\Temp\photopipeline_tests\20260527_121625\ai_denoise_detail_preservation_0_noise_grain\ai_denoise_detail_preservation_0_noise_grain_output.png</Message>
          <StackTrace>   at Photopipeline.Tests.FunctionalTests.ApiChannel.ApiTestBase.ExecuteAndGetOutput(PipelineSpec spec, String inputImagePath, String outputPath, CancellationToken ct) in c:\Data\code\photopipeline\gui\windows\Photopipeline.Tests\FunctionalTests\ApiChannel\ApiTestBase.cs:line 97&#xD;
   at Photopipeline.Tests.FunctionalTests.ApiChannel.PluginApiTests.ExecutePluginPipeline(TestCaseDefinition tc) in c:\Data\code\photopipeline\gui\windows\Photopipeline.Tests\FunctionalTests\ApiChannel\PluginApiTests.cs:line 51&#xD;
--- End of stack trace from previous location ---</StackTrace>
        </ErrorInfo>
      </Output>
    </UnitTestResult>
    <UnitTestResult executionId="da051f44-4646-4b44-ab37-8cad7a6aa238" testId="45254649-8c2d-8a12-e0ce-fd3234106ab0" testName="Photopipeline.Tests.FunctionalTests.ApiChannel.PluginApiTests.ExecutePluginPipeline(tc: TestCaseDefinition { Id = plugin_0067, Name = ai_denoise_denoise_strength_50_gradient_vert_rgb, Category = plugin, Tags = System.String[], InputImage = gradient_vert_rgb, InputImages = , Pipeline = Photopipeline.Models.PipelineSpec, OutputFormat = PNG, OutputBitDepth = , OutputLossless = , TolerancePerChannel = 0, MinPSNR = , MinSSIM = , MaxDeltaE = , ExpectError = False, ExpectedErrorMessage = , SkipUiChannel = False, SkipApiChannel = False, IsSerialOnly = False })" computerName="WIN-GKU76LNHACV" duration="00:00:02.0079018" startTime="2026-05-27T12:16:11.2906090+08:00" endTime="2026-05-27T12:16:13.2990335+08:00" testType="13cdc9d9-ddb5-4fa4-a97d-d965ccfc6d4b" outcome="Failed" testListId="8c84fa94-04c1-424b-9868-57a2d4851a1d" relativeResultsDirectory="da051f44-4646-4b44-ab37-8cad7a6aa238">
      <Output>
        <StdOut>Backend gRPC connected successfully.</StdOut>
        <ErrorInfo>
          <Message>System.IO.FileNotFoundException : Pipeline output not found: C:\Users\GMW\AppData\Local\Temp\photopipeline_tests\20260527_121611\ai_denoise_denoise_strength_50_gradient_vert_rgb\ai_denoise_denoise_strength_50_gradient_vert_rgb_output.png</Message>
          <StackTrace>   at Photopipeline.Tests.FunctionalTests.ApiChannel.ApiTestBase.ExecuteAndGetOutput(PipelineSpec spec, String inputImagePath, String outputPath, CancellationToken ct) in c:\Data\code\photopipeline\gui\windows\Photopipeline.Tests\FunctionalTests\ApiChannel\ApiTestBase.cs:line 97&#xD;
   at Photopipeline.Tests.FunctionalTests.ApiChannel.PluginApiTests.ExecutePluginPipeline(TestCaseDefinition tc) in c:\Data\code\photopipeline\gui\windows\Photopipeline.Tests\FunctionalTests\ApiChannel\PluginApiTests.cs:line 51&#xD;
--- End of stack trace from previous location ---</StackTrace>
        </ErrorInfo>
      </Output>
    </UnitTestResult>
    <UnitTestResult executionId="343721aa-9b56-4cca-b3a5-f5a9904f39ba" testId="45254649-8c2d-8a12-e0ce-fd3234106ab0" testName="Photopipeline.Tests.FunctionalTests.ApiChannel.PluginApiTests.ExecutePluginPipeline(tc: TestCaseDefinition { Id = plugin_0003, Name = transform_scale_percent_25_checkerboard_8x8, Category = plugin, Tags = System.String[], InputImage = checkerboard_8x8, InputImages = , Pipeline = Photopipeline.Models.PipelineSpec, OutputFormat = PNG, OutputBitDepth = , OutputLossless = , TolerancePerChannel = 0, MinPSNR = , MinSSIM = , MaxDeltaE = , ExpectError = False, ExpectedErrorMessage = , SkipUiChannel = False, SkipApiChannel = False, IsSerialOnly = False })" computerName="WIN-GKU76LNHACV" duration="00:00:02.0093325" startTime="2026-05-27T12:14:02.1642888+08:00" endTime="2026-05-27T12:14:04.1741726+08:00" testType="13cdc9d9-ddb5-4fa4-a97d-d965ccfc6d4b" outcome="Passed" testListId="8c84fa94-04c1-424b-9868-57a2d4851a1d" relativeResultsDirectory="343721aa-9b56-4cca-b3a5-f5a9904f39ba">
      <Output>
        <StdOut>Backend gRPC connected successfully.&#xD;
PASS: transform_scale_percent_25_checkerboard_8x8</StdOut>
      </Output>
    </UnitTestResult>
    <UnitTestResult executionId="cee8754c-e72b-4aec-abde-c125ab2e8b68" testId="45254649-8c2d-8a12-e0ce-fd3234106ab0" testName="Photopipeline.Tests.FunctionalTests.ApiChannel.PluginApiTests.ExecutePluginPipeline(tc: TestCaseDefinition { Id = plugin_0110, Name = raw_input_raw_mode_auto_color_bars_8bit, Category = plugin, Tags = System.String[], InputImage = color_bars_8bit, InputImages = , Pipeline = Photopipeline.Models.PipelineSpec, OutputFormat = PNG, OutputBitDepth = , OutputLossless = , TolerancePerChannel = 0, MinPSNR = , MinSSIM = , MaxDeltaE = , ExpectError = False, ExpectedErrorMessage = , SkipUiChannel = False, SkipApiChannel = False, IsSerialOnly = False })" computerName="WIN-GKU76LNHACV" duration="00:00:02.0079898" startTime="2026-05-27T12:17:37.7047175+08:00" endTime="2026-05-27T12:17:39.7133538+08:00" testType="13cdc9d9-ddb5-4fa4-a97d-d965ccfc6d4b" outcome="Passed" testListId="8c84fa94-04c1-424b-9868-57a2d4851a1d" relativeResultsDirectory="cee8754c-e72b-4aec-abde-c125ab2e8b68">
      <Output>
        <StdOut>Backend gRPC connected successfully.&#xD;
PASS: raw_input_raw_mode_auto_color_bars_8bit</StdOut>
      </Output>
    </UnitTestResult>
    <UnitTestResult executionId="a2a797cd-b941-4e52-abfc-5aad037e5802" testId="45254649-8c2d-8a12-e0ce-fd3234106ab0" testName="Photopipeline.Tests.FunctionalTests.ApiChannel.PluginApiTests.ExecutePluginPipeline(tc: TestCaseDefinition { Id = plugin_0114, Name = raw_input_apply_white_balance_True_gradient_horiz_rgb, Category = plugin, Tags = System.String[], InputImage = gradient_horiz_rgb, InputImages = , Pipeline = Photopipeline.Models.PipelineSpec, OutputFormat = PNG, OutputBitDepth = , OutputLossless = , TolerancePerChannel = 0, MinPSNR = , MinSSIM = , MaxDeltaE = , ExpectError = False, ExpectedErrorMessage = , SkipUiChannel = False, SkipApiChannel = False, IsSerialOnly = False })" computerName="WIN-GKU76LNHACV" duration="00:00:02.0059567" startTime="2026-05-27T12:17:45.7433352+08:00" endTime="2026-05-27T12:17:47.7497152+08:00" testType="13cdc9d9-ddb5-4fa4-a97d-d965ccfc6d4b" outcome="Passed" testListId="8c84fa94-04c1-424b-9868-57a2d4851a1d" relativeResultsDirectory="a2a797cd-b941-4e52-abfc-5aad037e5802">
      <Output>
        <StdOut>Backend gRPC connected successfully.&#xD;
PASS: raw_input_apply_white_balance_True_gradient_horiz_rgb</StdOut>
      </Output>
    </UnitTestResult>
    <UnitTestResult executionId="dee5841a-b0a1-42d8-8b9a-a4083fb834e3" testId="45254649-8c2d-8a12-e0ce-fd3234106ab0" testName="Photopipeline.Tests.FunctionalTests.ApiChannel.PluginApiTests.ExecutePluginPipeline(tc: TestCaseDefinition { Id = plugin_0098, Name = lut3d_default_all, Category = plugin, Tags = System.String[], InputImage = color_bars_8bit, InputImages = , Pipeline = Photopipeline.Models.PipelineSpec, OutputFormat = PNG, OutputBitDepth = , OutputLossless = , TolerancePerChannel = 0, MinPSNR = , MinSSIM = , MaxDeltaE = , ExpectError = False, ExpectedErrorMessage = , SkipUiChannel = False, SkipApiChannel = False, IsSerialOnly = False })" computerName="WIN-GKU76LNHACV" duration="00:00:02.0088929" startTime="2026-05-27T12:17:13.5900374+08:00" endTime="2026-05-27T12:17:15.5994226+08:00" testType="13cdc9d9-ddb5-4fa4-a97d-d965ccfc6d4b" outcome="Passed" testListId="8c84fa94-04c1-424b-9868-57a2d4851a1d" relativeResultsDirectory="dee5841a-b0a1-42d8-8b9a-a4083fb834e3">
      <Output>
        <StdOut>Backend gRPC connected successfully.&#xD;
Determinism verified: two runs produce pixel-identical output&#xD;
PASS: lut3d_default_all</StdOut>
      </Output>
    </UnitTestResult>
    <UnitTestResult executionId="2c576d45-0167-47e7-bdbd-6dc5884d3bef" testId="45254649-8c2d-8a12-e0ce-fd3234106ab0" testName="Photopipeline.Tests.FunctionalTests.ApiChannel.PluginApiTests.ExecutePluginPipeline(tc: TestCaseDefinition { Id = plugin_0028, Name = transform_flip_horizontal_True_color_bars_8bit, Category = plugin, Tags = System.String[], InputImage = color_bars_8bit, InputImages = , Pipeline = Photopipeline.Models.PipelineSpec, OutputFormat = PNG, OutputBitDepth = , OutputLossless = , TolerancePerChannel = 0, MinPSNR = , MinSSIM = , MaxDeltaE = , ExpectError = False, ExpectedErrorMessage = , SkipUiChannel = False, SkipApiChannel = False, IsSerialOnly = False })" computerName="WIN-GKU76LNHACV" duration="00:00:02.0187000" startTime="2026-05-27T12:14:52.5129366+08:00" endTime="2026-05-27T12:14:54.5322211+08:00" testType="13cdc9d9-ddb5-4fa4-a97d-d965ccfc6d4b" outcome="Passed" testListId="8c84fa94-04c1-424b-9868-57a2d4851a1d" relativeResultsDirectory="2c576d45-0167-47e7-bdbd-6dc5884d3bef">
      <Output>
        <StdOut>Backend gRPC connected successfully.&#xD;
PASS: transform_flip_horizontal_True_color_bars_8bit</StdOut>
      </Output>
    </UnitTestResult>
    <UnitTestResult executionId="03862d1c-85b2-4c4d-a8f2-b819d99e23da" testId="45254649-8c2d-8a12-e0ce-fd3234106ab0" testName="Photopipeline.Tests.FunctionalTests.ApiChannel.PluginApiTests.ExecutePluginPipeline(tc: TestCaseDefinition { Id = plugin_0063, Name = ai_denoise_denoise_strength_50_noise_grain, Category = plugin, Tags = System.String[], InputImage = noise_grain, InputImages = , Pipeline = Photopipeline.Models.PipelineSpec, OutputFormat = PNG, OutputBitDepth = , OutputLossless = , TolerancePerChannel = 0, MinPSNR = , MinSSIM = , MaxDeltaE = , ExpectError = False, ExpectedErrorMessage = , SkipUiChannel = False, SkipApiChannel = False, IsSerialOnly = False })" computerName="WIN-GKU76LNHACV" duration="00:00:02.0131685" startTime="2026-05-27T12:16:03.2405103+08:00" endTime="2026-05-27T12:16:05.2540303+08:00" testType="13cdc9d9-ddb5-4fa4-a97d-d965ccfc6d4b" outcome="Failed" testListId="8c84fa94-04c1-424b-9868-57a2d4851a1d" relativeResultsDirectory="03862d1c-85b2-4c4d-a8f2-b819d99e23da">
      <Output>
        <StdOut>Backend gRPC connected successfully.</StdOut>
        <ErrorInfo>
          <Message>System.IO.FileNotFoundException : Pipeline output not found: C:\Users\GMW\AppData\Local\Temp\photopipeline_tests\20260527_121603\ai_denoise_denoise_strength_50_noise_grain\ai_denoise_denoise_strength_50_noise_grain_output.png</Message>
          <StackTrace>   at Photopipeline.Tests.FunctionalTests.ApiChannel.ApiTestBase.ExecuteAndGetOutput(PipelineSpec spec, String inputImagePath, String outputPath, CancellationToken ct) in c:\Data\code\photopipeline\gui\windows\Photopipeline.Tests\FunctionalTests\ApiChannel\ApiTestBase.cs:line 97&#xD;
   at Photopipeline.Tests.FunctionalTests.ApiChannel.PluginApiTests.ExecutePluginPipeline(TestCaseDefinition tc) in c:\Data\code\photopipeline\gui\windows\Photopipeline.Tests\FunctionalTests\ApiChannel\PluginApiTests.cs:line 51&#xD;
--- End of stack trace from previous location ---</StackTrace>
        </ErrorInfo>
      </Output>
    </UnitTestResult>
    <UnitTestResult executionId="85033bca-b40c-47a4-bd91-b856029da938" testId="45254649-8c2d-8a12-e0ce-fd3234106ab0" testName="Photopipeline.Tests.FunctionalTests.ApiChannel.PluginApiTests.ExecutePluginPipeline(tc: TestCaseDefinition { Id = plugin_0132, Name = tiff_encoder_compression_deflate_color_bars_8bit, Category = plugin, Tags = System.String[], InputImage = color_bars_8bit, InputImages = , Pipeline = Photopipeline.Models.PipelineSpec, OutputFormat = PNG, OutputBitDepth = , OutputLossless = , TolerancePerChannel = 0, MinPSNR = , MinSSIM = , MaxDeltaE = , ExpectError = False, ExpectedErrorMessage = , SkipUiChannel = False, SkipApiChannel = False, IsSerialOnly = False })" computerName="WIN-GKU76LNHACV" duration="00:00:02.0061613" startTime="2026-05-27T12:18:21.9345711+08:00" endTime="2026-05-27T12:18:23.9413343+08:00" testType="13cdc9d9-ddb5-4fa4-a97d-d965ccfc6d4b" outcome="Failed" testListId="8c84fa94-04c1-424b-9868-57a2d4851a1d" relativeResultsDirectory="85033bca-b40c-47a4-bd91-b856029da938">
      <Output>
        <StdOut>Backend gRPC connected successfully.</StdOut>
        <ErrorInfo>
          <Message>System.InvalidOperationException : Failed to decode image: C:\Users\GMW\AppData\Local\Temp\photopipeline_tests\20260527_121821\tiff_encoder_compression_deflate_color_bars_8bit\tiff_encoder_compression_deflate_color_bars_8bit_output.tif</Message>
          <StackTrace>   at Photopipeline.Tests.FunctionalTests.Infrastructure.ImageAssert.LoadBitmap(String path) in c:\Data\code\photopipeline\gui\windows\Photopipeline.Tests\FunctionalTests\Infrastructure\ImageAssert.cs:line 237&#xD;
   at Photopipeline.Tests.FunctionalTests.Infrastructure.ImageAssert.IsValidFormat(String path, String expectedFormat, Nullable`1 expectedWidth, Nullable`1 expectedHeight, Nullable`1 expectedBitDepth) in c:\Data\code\photopipeline\gui\windows\Photopipeline.Tests\FunctionalTests\Infrastructure\ImageAssert.cs:line 123&#xD;
   at Photopipeline.Tests.FunctionalTests.ApiChannel.PluginApiTests.ExecutePluginPipeline(TestCaseDefinition tc) in c:\Data\code\photopipeline\gui\windows\Photopipeline.Tests\FunctionalTests\ApiChannel\PluginApiTests.cs:line 55&#xD;
--- End of stack trace from previous location ---</StackTrace>
        </ErrorInfo>
      </Output>
    </UnitTestResult>
    <UnitTestResult executionId="b24c6674-d708-42e4-837e-11f3957f4928" testId="45254649-8c2d-8a12-e0ce-fd3234106ab0" testName="Photopipeline.Tests.FunctionalTests.ApiChannel.PluginApiTests.ExecutePluginPipeline(tc: TestCaseDefinition { Id = plugin_0119, Name = png_encoder_compression_level_6_color_bars_8bit, Category = plugin, Tags = System.String[], InputImage = color_bars_8bit, InputImages = , Pipeline = Photopipeline.Models.PipelineSpec, OutputFormat = PNG, OutputBitDepth = , OutputLossless = , TolerancePerChannel = 0, MinPSNR = , MinSSIM = , MaxDeltaE = , ExpectError = False, ExpectedErrorMessage = , SkipUiChannel = False, SkipApiChannel = False, IsSerialOnly = False })" computerName="WIN-GKU76LNHACV" duration="00:00:02.0088001" startTime="2026-05-27T12:17:55.7827819+08:00" endTime="2026-05-27T12:17:57.7921188+08:00" testType="13cdc9d9-ddb5-4fa4-a97d-d965ccfc6d4b" outcome="Passed" testListId="8c84fa94-04c1-424b-9868-57a2d4851a1d" relativeResultsDirectory="b24c6674-d708-42e4-837e-11f3957f4928">
      <Output>
        <StdOut>Backend gRPC connected successfully.&#xD;
PASS: png_encoder_compression_level_6_color_bars_8bit</StdOut>
      </Output>
    </UnitTestResult>
    <UnitTestResult executionId="6b3a6664-a8fe-46f0-8ce0-f4f640eed24b" testId="45254649-8c2d-8a12-e0ce-fd3234106ab0" testName="Photopipeline.Tests.FunctionalTests.ApiChannel.PluginApiTests.ExecutePluginPipeline(tc: TestCaseDefinition { Id = plugin_0155, Name = heif_encoder_quality_60_gradient_horiz_rgb, Category = plugin, Tags = System.String[], InputImage = gradient_horiz_rgb, InputImages = , Pipeline = Photopipeline.Models.PipelineSpec, OutputFormat = PNG, OutputBitDepth = , OutputLossless = , TolerancePerChannel = 0, MinPSNR = , MinSSIM = , MaxDeltaE = , ExpectError = False, ExpectedErrorMessage = , SkipUiChannel = False, SkipApiChannel = False, IsSerialOnly = False })" computerName="WIN-GKU76LNHACV" duration="00:00:02.0058835" startTime="2026-05-27T12:19:08.8241613+08:00" endTime="2026-05-27T12:19:10.8305193+08:00" testType="13cdc9d9-ddb5-4fa4-a97d-d965ccfc6d4b" outcome="Failed" testListId="8c84fa94-04c1-424b-9868-57a2d4851a1d" relativeResultsDirectory="6b3a6664-a8fe-46f0-8ce0-f4f640eed24b">
      <Output>
        <StdOut>Backend gRPC connected successfully.</StdOut>
        <ErrorInfo>
          <Message>System.IO.FileNotFoundException : Pipeline output not found: C:\Users\GMW\AppData\Local\Temp\photopipeline_tests\20260527_121908\heif_encoder_quality_60_gradient_horiz_rgb\heif_encoder_quality_60_gradient_horiz_rgb_output.heif</Message>
          <StackTrace>   at Photopipeline.Tests.FunctionalTests.ApiChannel.ApiTestBase.ExecuteAndGetOutput(PipelineSpec spec, String inputImagePath, String outputPath, CancellationToken ct) in c:\Data\code\photopipeline\gui\windows\Photopipeline.Tests\FunctionalTests\ApiChannel\ApiTestBase.cs:line 97&#xD;
   at Photopipeline.Tests.FunctionalTests.ApiChannel.PluginApiTests.ExecutePluginPipeline(TestCaseDefinition tc) in c:\Data\code\photopipeline\gui\windows\Photopipeline.Tests\FunctionalTests\ApiChannel\PluginApiTests.cs:line 51&#xD;
--- End of stack trace from previous location ---</StackTrace>
        </ErrorInfo>
      </Output>
    </UnitTestResult>
    <UnitTestResult executionId="e815427f-a135-47a1-aaaf-b1f4e5a73758" testId="45254649-8c2d-8a12-e0ce-fd3234106ab0" testName="Photopipeline.Tests.FunctionalTests.ApiChannel.PluginApiTests.ExecutePluginPipeline(tc: TestCaseDefinition { Id = plugin_0041, Name = colorspace_target_color_space_display_p3_gradient_horiz_rgb, Category = plugin, Tags = System.String[], InputImage = gradient_horiz_rgb, InputImages = , Pipeline = Photopipeline.Models.PipelineSpec, OutputFormat = PNG, OutputBitDepth = , OutputLossless = , TolerancePerChannel = 0, MinPSNR = , MinSSIM = , MaxDeltaE = , ExpectError = False, ExpectedErrorMessage = , SkipUiChannel = False, SkipApiChannel = False, IsSerialOnly = False })" computerName="WIN-GKU76LNHACV" duration="00:00:02.0246970" startTime="2026-05-27T12:15:18.8419516+08:00" endTime="2026-05-27T12:15:20.8675166+08:00" testType="13cdc9d9-ddb5-4fa4-a97d-d965ccfc6d4b" outcome="Passed" testListId="8c84fa94-04c1-424b-9868-57a2d4851a1d" relativeResultsDirectory="e815427f-a135-47a1-aaaf-b1f4e5a73758">
      <Output>
        <StdOut>Backend gRPC connected successfully.&#xD;
PASS: colorspace_target_color_space_display_p3_gradient_horiz_rgb</StdOut>
      </Output>
    </UnitTestResult>
    <UnitTestResult executionId="6c7614ff-ed83-41b4-a9c5-3e01e1166057" testId="45254649-8c2d-8a12-e0ce-fd3234106ab0" testName="Photopipeline.Tests.FunctionalTests.ApiChannel.PluginApiTests.ExecutePluginPipeline(tc: TestCaseDefinition { Id = plugin_0085, Name = ai_denoise_denoise_model_standard_v2_noise_grain, Category = plugin, Tags = System.String[], InputImage = noise_grain, InputImages = , Pipeline = Photopipeline.Models.PipelineSpec, OutputFormat = PNG, OutputBitDepth = , OutputLossless = , TolerancePerChannel = 0, MinPSNR = , MinSSIM = , MaxDeltaE = , ExpectError = False, ExpectedErrorMessage = , SkipUiChannel = False, SkipApiChannel = False, IsSerialOnly = False })" computerName="WIN-GKU76LNHACV" duration="00:00:02.0181835" startTime="2026-05-27T12:16:47.4547156+08:00" endTime="2026-05-27T12:16:49.4734296+08:00" testType="13cdc9d9-ddb5-4fa4-a97d-d965ccfc6d4b" outcome="Failed" testListId="8c84fa94-04c1-424b-9868-57a2d4851a1d" relativeResultsDirectory="6c7614ff-ed83-41b4-a9c5-3e01e1166057">
      <Output>
        <StdOut>Backend gRPC connected successfully.</StdOut>
        <ErrorInfo>
          <Message>System.IO.FileNotFoundException : Pipeline output not found: C:\Users\GMW\AppData\Local\Temp\photopipeline_tests\20260527_121647\ai_denoise_denoise_model_standard_v2_noise_grain\ai_denoise_denoise_model_standard_v2_noise_grain_output.png</Message>
          <StackTrace>   at Photopipeline.Tests.FunctionalTests.ApiChannel.ApiTestBase.ExecuteAndGetOutput(PipelineSpec spec, String inputImagePath, String outputPath, CancellationToken ct) in c:\Data\code\photopipeline\gui\windows\Photopipeline.Tests\FunctionalTests\ApiChannel\ApiTestBase.cs:line 97&#xD;
   at Photopipeline.Tests.FunctionalTests.ApiChannel.PluginApiTests.ExecutePluginPipeline(TestCaseDefinition tc) in c:\Data\code\photopipeline\gui\windows\Photopipeline.Tests\FunctionalTests\ApiChannel\PluginApiTests.cs:line 51&#xD;
--- End of stack trace from previous location ---</StackTrace>
        </ErrorInfo>
      </Output>
    </UnitTestResult>
    <UnitTestResult executionId="130923ed-519d-4ba1-a869-88a70fd7deee" testId="45254649-8c2d-8a12-e0ce-fd3234106ab0" testName="Photopipeline.Tests.FunctionalTests.ApiChannel.PluginApiTests.ExecutePluginPipeline(tc: TestCaseDefinition { Id = plugin_0021, Name = transform_angle_270_pure_red_small, Category = plugin, Tags = System.String[], InputImage = pure_red_small, InputImages = , Pipeline = Photopipeline.Models.PipelineSpec, OutputFormat = PNG, OutputBitDepth = , OutputLossless = , TolerancePerChannel = 0, MinPSNR = , MinSSIM = , MaxDeltaE = , ExpectError = False, ExpectedErrorMessage = , SkipUiChannel = False, SkipApiChannel = False, IsSerialOnly = False })" computerName="WIN-GKU76LNHACV" duration="00:00:02.0102748" startTime="2026-05-27T12:14:38.4163928+08:00" endTime="2026-05-27T12:14:40.4270754+08:00" testType="13cdc9d9-ddb5-4fa4-a97d-d965ccfc6d4b" outcome="Passed" testListId="8c84fa94-04c1-424b-9868-57a2d4851a1d" relativeResultsDirectory="130923ed-519d-4ba1-a869-88a70fd7deee">
      <Output>
        <StdOut>Backend gRPC connected successfully.&#xD;
PASS: transform_angle_270_pure_red_small</StdOut>
      </Output>
    </UnitTestResult>
    <UnitTestResult executionId="2df4be92-bdfb-465a-9aa4-9c7930177b51" testId="45254649-8c2d-8a12-e0ce-fd3234106ab0" testName="Photopipeline.Tests.FunctionalTests.ApiChannel.PluginApiTests.ExecutePluginPipeline(tc: TestCaseDefinition { Id = plugin_0066, Name = ai_denoise_denoise_strength_25_gradient_vert_rgb, Category = plugin, Tags = System.String[], InputImage = gradient_vert_rgb, InputImages = , Pipeline = Photopipeline.Models.PipelineSpec, OutputFormat = PNG, OutputBitDepth = , OutputLossless = , TolerancePerChannel = 0, MinPSNR = , MinSSIM = , MaxDeltaE = , ExpectError = False, ExpectedErrorMessage = , SkipUiChannel = False, SkipApiChannel = False, IsSerialOnly = False })" computerName="WIN-GKU76LNHACV" duration="00:00:02.0075718" startTime="2026-05-27T12:16:09.2821791+08:00" endTime="2026-05-27T12:16:11.2903579+08:00" testType="13cdc9d9-ddb5-4fa4-a97d-d965ccfc6d4b" outcome="Failed" testListId="8c84fa94-04c1-424b-9868-57a2d4851a1d" relativeResultsDirectory="2df4be92-bdfb-465a-9aa4-9c7930177b51">
      <Output>
        <StdOut>Backend gRPC connected successfully.</StdOut>
        <ErrorInfo>
          <Message>System.IO.FileNotFoundException : Pipeline output not found: C:\Users\GMW\AppData\Local\Temp\photopipeline_tests\20260527_121609\ai_denoise_denoise_strength_25_gradient_vert_rgb\ai_denoise_denoise_strength_25_gradient_vert_rgb_output.png</Message>
          <StackTrace>   at Photopipeline.Tests.FunctionalTests.ApiChannel.ApiTestBase.ExecuteAndGetOutput(PipelineSpec spec, String inputImagePath, String outputPath, CancellationToken ct) in c:\Data\code\photopipeline\gui\windows\Photopipeline.Tests\FunctionalTests\ApiChannel\ApiTestBase.cs:line 97&#xD;
   at Photopipeline.Tests.FunctionalTests.ApiChannel.PluginApiTests.ExecutePluginPipeline(TestCaseDefinition tc) in c:\Data\code\photopipeline\gui\windows\Photopipeline.Tests\FunctionalTests\ApiChannel\PluginApiTests.cs:line 51&#xD;
--- End of stack trace from previous location ---</StackTrace>
        </ErrorInfo>
      </Output>
    </UnitTestResult>
    <UnitTestResult executionId="ccdb311f-92a4-4b62-be6d-fae615974dea" testId="45254649-8c2d-8a12-e0ce-fd3234106ab0" testName="Photopipeline.Tests.FunctionalTests.ApiChannel.PluginApiTests.ExecutePluginPipeline(tc: TestCaseDefinition { Id = plugin_0037, Name = colorspace_target_color_space_srgb_pure_red_small, Category = plugin, Tags = System.String[], InputImage = pure_red_small, InputImages = , Pipeline = Photopipeline.Models.PipelineSpec, OutputFormat = PNG, OutputBitDepth = , OutputLossless = , TolerancePerChannel = 0, MinPSNR = , MinSSIM = , MaxDeltaE = , ExpectError = False, ExpectedErrorMessage = , SkipUiChannel = False, SkipApiChannel = False, IsSerialOnly = False })" computerName="WIN-GKU76LNHACV" duration="00:00:02.0088702" startTime="2026-05-27T12:15:10.7963216+08:00" endTime="2026-05-27T12:15:12.8063268+08:00" testType="13cdc9d9-ddb5-4fa4-a97d-d965ccfc6d4b" outcome="Passed" testListId="8c84fa94-04c1-424b-9868-57a2d4851a1d" relativeResultsDirectory="ccdb311f-92a4-4b62-be6d-fae615974dea">
      <Output>
        <StdOut>Backend gRPC connected successfully.&#xD;
PASS: colorspace_target_color_space_srgb_pure_red_small</StdOut>
      </Output>
    </UnitTestResult>
    <UnitTestResult executionId="a6520821-0733-4be5-acb7-43941d8adb90" testId="45254649-8c2d-8a12-e0ce-fd3234106ab0" testName="Photopipeline.Tests.FunctionalTests.ApiChannel.PluginApiTests.ExecutePluginPipeline(tc: TestCaseDefinition { Id = plugin_0103, Name = lens_correct_correct_vignetting_False_gradient_horiz_rgb, Category = plugin, Tags = System.String[], InputImage = gradient_horiz_rgb, InputImages = , Pipeline = Photopipeline.Models.PipelineSpec, OutputFormat = PNG, OutputBitDepth = , OutputLossless = , TolerancePerChannel = 0, MinPSNR = , MinSSIM = , MaxDeltaE = , ExpectError = False, ExpectedErrorMessage = , SkipUiChannel = False, SkipApiChannel = False, IsSerialOnly = False })" computerName="WIN-GKU76LNHACV" duration="00:00:02.0070208" startTime="2026-05-27T12:17:23.6361737+08:00" endTime="2026-05-27T12:17:25.6436339+08:00" testType="13cdc9d9-ddb5-4fa4-a97d-d965ccfc6d4b" outcome="Passed" testListId="8c84fa94-04c1-424b-9868-57a2d4851a1d" relativeResultsDirectory="a6520821-0733-4be5-acb7-43941d8adb90">
      <Output>
        <StdOut>Backend gRPC connected successfully.&#xD;
PASS: lens_correct_correct_vignetting_False_gradient_horiz_rgb</StdOut>
      </Output>
    </UnitTestResult>
    <UnitTestResult executionId="69da63fc-a9f0-4b04-9152-ec01950ea4c5" testId="45254649-8c2d-8a12-e0ce-fd3234106ab0" testName="Photopipeline.Tests.FunctionalTests.ApiChannel.PluginApiTests.ExecutePluginPipeline(tc: TestCaseDefinition { Id = plugin_0081, Name = ai_denoise_detail_preservation_50_checkerboard_8x8, Category = plugin, Tags = System.String[], InputImage = checkerboard_8x8, InputImages = , Pipeline = Photopipeline.Models.PipelineSpec, OutputFormat = PNG, OutputBitDepth = , OutputLossless = , TolerancePerChannel = 0, MinPSNR = , MinSSIM = , MaxDeltaE = , ExpectError = False, ExpectedErrorMessage = , SkipUiChannel = False, SkipApiChannel = False, IsSerialOnly = False })" computerName="WIN-GKU76LNHACV" duration="00:00:02.0072608" startTime="2026-05-27T12:16:39.4220928+08:00" endTime="2026-05-27T12:16:41.4297765+08:00" testType="13cdc9d9-ddb5-4fa4-a97d-d965ccfc6d4b" outcome="Failed" testListId="8c84fa94-04c1-424b-9868-57a2d4851a1d" relativeResultsDirectory="69da63fc-a9f0-4b04-9152-ec01950ea4c5">
      <Output>
        <StdOut>Backend gRPC connected successfully.</StdOut>
        <ErrorInfo>
          <Message>System.IO.FileNotFoundException : Pipeline output not found: C:\Users\GMW\AppData\Local\Temp\photopipeline_tests\20260527_121639\ai_denoise_detail_preservation_50_checkerboard_8x8\ai_denoise_detail_preservation_50_checkerboard_8x8_output.png</Message>
          <StackTrace>   at Photopipeline.Tests.FunctionalTests.ApiChannel.ApiTestBase.ExecuteAndGetOutput(PipelineSpec spec, String inputImagePath, String outputPath, CancellationToken ct) in c:\Data\code\photopipeline\gui\windows\Photopipeline.Tests\FunctionalTests\ApiChannel\ApiTestBase.cs:line 97&#xD;
   at Photopipeline.Tests.FunctionalTests.ApiChannel.PluginApiTests.ExecutePluginPipeline(TestCaseDefinition tc) in c:\Data\code\photopipeline\gui\windows\Photopipeline.Tests\FunctionalTests\ApiChannel\PluginApiTests.cs:line 51&#xD;
--- End of stack trace from previous location ---</StackTrace>
        </ErrorInfo>
      </Output>
    </UnitTestResult>
    <UnitTestResult executionId="398bb719-a53b-4905-93ca-f1629363a4dd" testId="45254649-8c2d-8a12-e0ce-fd3234106ab0" testName="Photopipeline.Tests.FunctionalTests.ApiChannel.PluginApiTests.ExecutePluginPipeline(tc: TestCaseDefinition { Id = plugin_0111, Name = raw_input_raw_mode_dcraw_color_bars_8bit, Category = plugin, Tags = System.String[], InputImage = color_bars_8bit, InputImages = , Pipeline = Photopipeline.Models.PipelineSpec, OutputFormat = PNG, OutputBitDepth = , OutputLossless = , TolerancePerChannel = 0, MinPSNR = , MinSSIM = , MaxDeltaE = , ExpectError = False, ExpectedErrorMessage = , SkipUiChannel = False, SkipApiChannel = False, IsSerialOnly = False })" computerName="WIN-GKU76LNHACV" duration="00:00:02.0068912" startTime="2026-05-27T12:17:39.7133805+08:00" endTime="2026-05-27T12:17:41.7207640+08:00" testType="13cdc9d9-ddb5-4fa4-a97d-d965ccfc6d4b" outcome="Passed" testListId="8c84fa94-04c1-424b-9868-57a2d4851a1d" relativeResultsDirectory="398bb719-a53b-4905-93ca-f1629363a4dd">
      <Output>
        <StdOut>Backend gRPC connected successfully.&#xD;
PASS: raw_input_raw_mode_dcraw_color_bars_8bit</StdOut>
      </Output>
    </UnitTestResult>
    <UnitTestResult executionId="e49f1e9d-f882-488a-8942-d811ce36305d" testId="45254649-8c2d-8a12-e0ce-fd3234106ab0" testName="Photopipeline.Tests.FunctionalTests.ApiChannel.PluginApiTests.ExecutePluginPipeline(tc: TestCaseDefinition { Id = plugin_0053, Name = colorspace_default_all, Category = plugin, Tags = System.String[], InputImage = gradient_horiz_rgb, InputImages = , Pipeline = Photopipeline.Models.PipelineSpec, OutputFormat = PNG, OutputBitDepth = , OutputLossless = , TolerancePerChannel = 0, MinPSNR = , MinSSIM = , MaxDeltaE = , ExpectError = False, ExpectedErrorMessage = , SkipUiChannel = False, SkipApiChannel = False, IsSerialOnly = False })" computerName="WIN-GKU76LNHACV" duration="00:00:02.0162769" startTime="2026-05-27T12:15:43.0402967+08:00" endTime="2026-05-27T12:15:45.0573649+08:00" testType="13cdc9d9-ddb5-4fa4-a97d-d965ccfc6d4b" outcome="Passed" testListId="8c84fa94-04c1-424b-9868-57a2d4851a1d" relativeResultsDirectory="e49f1e9d-f882-488a-8942-d811ce36305d">
      <Output>
        <StdOut>Backend gRPC connected successfully.&#xD;
Determinism verified: two runs produce pixel-identical output&#xD;
PASS: colorspace_default_all</StdOut>
      </Output>
    </UnitTestResult>
    <UnitTestResult executionId="4d4561cd-0b46-4ea0-93eb-2f2fda97e386" testId="45254649-8c2d-8a12-e0ce-fd3234106ab0" testName="Photopipeline.Tests.FunctionalTests.ApiChannel.PluginApiTests.ExecutePluginPipeline(tc: TestCaseDefinition { Id = plugin_0068, Name = ai_denoise_denoise_strength_100_gradient_vert_rgb, Category = plugin, Tags = System.String[], InputImage = gradient_vert_rgb, InputImages = , Pipeline = Photopipeline.Models.PipelineSpec, OutputFormat = PNG, OutputBitDepth = , OutputLossless = , TolerancePerChannel = 0, MinPSNR = , MinSSIM = , MaxDeltaE = , ExpectError = False, ExpectedErrorMessage = , SkipUiChannel = False, SkipApiChannel = False, IsSerialOnly = False })" computerName="WIN-GKU76LNHACV" duration="00:00:02.0080934" startTime="2026-05-27T12:16:13.2992801+08:00" endTime="2026-05-27T12:16:15.3077859+08:00" testType="13cdc9d9-ddb5-4fa4-a97d-d965ccfc6d4b" outcome="Failed" testListId="8c84fa94-04c1-424b-9868-57a2d4851a1d" relativeResultsDirectory="4d4561cd-0b46-4ea0-93eb-2f2fda97e386">
      <Output>
        <StdOut>Backend gRPC connected successfully.</StdOut>
        <ErrorInfo>
          <Message>System.IO.FileNotFoundException : Pipeline output not found: C:\Users\GMW\AppData\Local\Temp\photopipeline_tests\20260527_121613\ai_denoise_denoise_strength_100_gradient_vert_rgb\ai_denoise_denoise_strength_100_gradient_vert_rgb_output.png</Message>
          <StackTrace>   at Photopipeline.Tests.FunctionalTests.ApiChannel.ApiTestBase.ExecuteAndGetOutput(PipelineSpec spec, String inputImagePath, String outputPath, CancellationToken ct) in c:\Data\code\photopipeline\gui\windows\Photopipeline.Tests\FunctionalTests\ApiChannel\ApiTestBase.cs:line 97&#xD;
   at Photopipeline.Tests.FunctionalTests.ApiChannel.PluginApiTests.ExecutePluginPipeline(TestCaseDefinition tc) in c:\Data\code\photopipeline\gui\windows\Photopipeline.Tests\FunctionalTests\ApiChannel\PluginApiTests.cs:line 51&#xD;
--- End of stack trace from previous location ---</StackTrace>
        </ErrorInfo>
      </Output>
    </UnitTestResult>
    <UnitTestResult executionId="3f058761-4070-4a65-a0bc-48d6bf9f3d9e" testId="45254649-8c2d-8a12-e0ce-fd3234106ab0" testName="Photopipeline.Tests.FunctionalTests.ApiChannel.PluginApiTests.ExecutePluginPipeline(tc: TestCaseDefinition { Id = plugin_0056, Name = colorspace_black_point_compensation_False_gradient_diag_rgb, Category = plugin, Tags = System.String[], InputImage = gradient_diag_rgb, InputImages = , Pipeline = Photopipeline.Models.PipelineSpec, OutputFormat = PNG, OutputBitDepth = , OutputLossless = , TolerancePerChannel = 0, MinPSNR = , MinSSIM = , MaxDeltaE = , ExpectError = False, ExpectedErrorMessage = , SkipUiChannel = False, SkipApiChannel = False, IsSerialOnly = False })" computerName="WIN-GKU76LNHACV" duration="00:00:02.0476078" startTime="2026-05-27T12:15:49.0828540+08:00" endTime="2026-05-27T12:15:51.1309446+08:00" testType="13cdc9d9-ddb5-4fa4-a97d-d965ccfc6d4b" outcome="Passed" testListId="8c84fa94-04c1-424b-9868-57a2d4851a1d" relativeResultsDirectory="3f058761-4070-4a65-a0bc-48d6bf9f3d9e">
      <Output>
        <StdOut>Backend gRPC connected successfully.&#xD;
PASS: colorspace_black_point_compensation_False_gradient_diag_rgb</StdOut>
      </Output>
    </UnitTestResult>
    <UnitTestResult executionId="7d8b5ae2-05c6-4a48-a0e4-8b1d18156236" testId="45254649-8c2d-8a12-e0ce-fd3234106ab0" testName="Photopipeline.Tests.FunctionalTests.ApiChannel.PluginApiTests.ExecutePluginPipeline(tc: TestCaseDefinition { Id = plugin_0016, Name = transform_angle_180_checkerboard_8x8, Category = plugin, Tags = System.String[], InputImage = checkerboard_8x8, InputImages = , Pipeline = Photopipeline.Models.PipelineSpec, OutputFormat = PNG, OutputBitDepth = , OutputLossless = , TolerancePerChannel = 0, MinPSNR = , MinSSIM = , MaxDeltaE = , ExpectError = False, ExpectedErrorMessage = , SkipUiChannel = False, SkipApiChannel = False, IsSerialOnly = False })" computerName="WIN-GKU76LNHACV" duration="00:00:02.0121163" startTime="2026-05-27T12:14:28.3524497+08:00" endTime="2026-05-27T12:14:30.3650128+08:00" testType="13cdc9d9-ddb5-4fa4-a97d-d965ccfc6d4b" outcome="Passed" testListId="8c84fa94-04c1-424b-9868-57a2d4851a1d" relativeResultsDirectory="7d8b5ae2-05c6-4a48-a0e4-8b1d18156236">
      <Output>
        <StdOut>Backend gRPC connected successfully.&#xD;
PASS: transform_angle_180_checkerboard_8x8</StdOut>
      </Output>
    </UnitTestResult>
    <UnitTestResult executionId="f75b7ba6-a7a6-4931-87da-91456a563c62" testId="45254649-8c2d-8a12-e0ce-fd3234106ab0" testName="Photopipeline.Tests.FunctionalTests.ApiChannel.PluginApiTests.ExecutePluginPipeline(tc: TestCaseDefinition { Id = plugin_0023, Name = transform_flip_horizontal_False_gradient_horiz_rgb, Category = plugin, Tags = System.String[], InputImage = gradient_horiz_rgb, InputImages = , Pipeline = Photopipeline.Models.PipelineSpec, OutputFormat = PNG, OutputBitDepth = , OutputLossless = , TolerancePerChannel = 0, MinPSNR = , MinSSIM = , MaxDeltaE = , ExpectError = False, ExpectedErrorMessage = , SkipUiChannel = False, SkipApiChannel = False, IsSerialOnly = False })" computerName="WIN-GKU76LNHACV" duration="00:00:02.0100380" startTime="2026-05-27T12:14:42.4547374+08:00" endTime="2026-05-27T12:14:44.4652405+08:00" testType="13cdc9d9-ddb5-4fa4-a97d-d965ccfc6d4b" outcome="Passed" testListId="8c84fa94-04c1-424b-9868-57a2d4851a1d" relativeResultsDirectory="f75b7ba6-a7a6-4931-87da-91456a563c62">
      <Output>
        <StdOut>Backend gRPC connected successfully.&#xD;
PASS: transform_flip_horizontal_False_gradient_horiz_rgb</StdOut>
      </Output>
    </UnitTestResult>
    <UnitTestResult executionId="2a033e41-3e8e-4db7-9c2a-8e68aff54a5d" testId="45254649-8c2d-8a12-e0ce-fd3234106ab0" testName="Photopipeline.Tests.FunctionalTests.ApiChannel.PluginApiTests.ExecutePluginPipeline(tc: TestCaseDefinition { Id = plugin_0025, Name = transform_flip_horizontal_False_checkerboard_4x4, Category = plugin, Tags = System.String[], InputImage = checkerboard_4x4, InputImages = , Pipeline = Photopipeline.Models.PipelineSpec, OutputFormat = PNG, OutputBitDepth = , OutputLossless = , TolerancePerChannel = 0, MinPSNR = , MinSSIM = , MaxDeltaE = , ExpectError = False, ExpectedErrorMessage = , SkipUiChannel = False, SkipApiChannel = False, IsSerialOnly = False })" computerName="WIN-GKU76LNHACV" duration="00:00:02.0108795" startTime="2026-05-27T12:14:46.4813212+08:00" endTime="2026-05-27T12:14:48.4926416+08:00" testType="13cdc9d9-ddb5-4fa4-a97d-d965ccfc6d4b" outcome="Passed" testListId="8c84fa94-04c1-424b-9868-57a2d4851a1d" relativeResultsDirectory="2a033e41-3e8e-4db7-9c2a-8e68aff54a5d">
      <Output>
        <StdOut>Backend gRPC connected successfully.&#xD;
PASS: transform_flip_horizontal_False_checkerboard_4x4</StdOut>
      </Output>
    </UnitTestResult>
    <UnitTestResult executionId="0d0b871b-03d2-4608-a561-b0fc6e9df6a7" testId="45254649-8c2d-8a12-e0ce-fd3234106ab0" testName="Photopipeline.Tests.FunctionalTests.ApiChannel.PluginApiTests.ExecutePluginPipeline(tc: TestCaseDefinition { Id = plugin_0090, Name = lut3d_intensity_50_color_bars_8bit, Category = plugin, Tags = System.String[], InputImage = color_bars_8bit, InputImages = , Pipeline = Photopipeline.Models.PipelineSpec, OutputFormat = PNG, OutputBitDepth = , OutputLossless = , TolerancePerChannel = 0, MinPSNR = , MinSSIM = , MaxDeltaE = , ExpectError = False, ExpectedErrorMessage = , SkipUiChannel = False, SkipApiChannel = False, IsSerialOnly = False })" computerName="WIN-GKU76LNHACV" duration="00:00:02.0074763" startTime="2026-05-27T12:16:57.5139761+08:00" endTime="2026-05-27T12:16:59.5220564+08:00" testType="13cdc9d9-ddb5-4fa4-a97d-d965ccfc6d4b" outcome="Passed" testListId="8c84fa94-04c1-424b-9868-57a2d4851a1d" relativeResultsDirectory="0d0b871b-03d2-4608-a561-b0fc6e9df6a7">
      <Output>
        <StdOut>Backend gRPC connected successfully.&#xD;
PASS: lut3d_intensity_50_color_bars_8bit</StdOut>
      </Output>
    </UnitTestResult>
    <UnitTestResult executionId="413a5641-0b4a-4e73-8e36-05015d40da63" testId="45254649-8c2d-8a12-e0ce-fd3234106ab0" testName="Photopipeline.Tests.FunctionalTests.ApiChannel.PluginApiTests.ExecutePluginPipeline(tc: TestCaseDefinition { Id = plugin_0051, Name = colorspace_rendering_intent_perceptual_color_bars_8bit, Category = plugin, Tags = System.String[], InputImage = color_bars_8bit, InputImages = , Pipeline = Photopipeline.Models.PipelineSpec, OutputFormat = PNG, OutputBitDepth = , OutputLossless = , TolerancePerChannel = 0, MinPSNR = , MinSSIM = , MaxDeltaE = , ExpectError = False, ExpectedErrorMessage = , SkipUiChannel = False, SkipApiChannel = False, IsSerialOnly = False })" computerName="WIN-GKU76LNHACV" duration="00:00:02.0085373" startTime="2026-05-27T12:15:39.0102297+08:00" endTime="2026-05-27T12:15:41.0192985+08:00" testType="13cdc9d9-ddb5-4fa4-a97d-d965ccfc6d4b" outcome="Passed" testListId="8c84fa94-04c1-424b-9868-57a2d4851a1d" relativeResultsDirectory="413a5641-0b4a-4e73-8e36-05015d40da63">
      <Output>
        <StdOut>Backend gRPC connected successfully.&#xD;
PASS: colorspace_rendering_intent_perceptual_color_bars_8bit</StdOut>
      </Output>
    </UnitTestResult>
    <UnitTestResult executionId="07804357-4873-4868-b7d7-1ad8e78edfca" testId="45254649-8c2d-8a12-e0ce-fd3234106ab0" testName="Photopipeline.Tests.FunctionalTests.ApiChannel.PluginApiTests.ExecutePluginPipeline(tc: TestCaseDefinition { Id = plugin_0121, Name = png_encoder_compression_level_0_gradient_horiz_rgb, Category = plugin, Tags = System.String[], InputImage = gradient_horiz_rgb, InputImages = , Pipeline = Photopipeline.Models.PipelineSpec, OutputFormat = PNG, OutputBitDepth = , OutputLossless = , TolerancePerChannel = 0, MinPSNR = , MinSSIM = , MaxDeltaE = , ExpectError = False, ExpectedErrorMessage = , SkipUiChannel = False, SkipApiChannel = False, IsSerialOnly = False })" computerName="WIN-GKU76LNHACV" duration="00:00:02.0079990" startTime="2026-05-27T12:17:59.8108481+08:00" endTime="2026-05-27T12:18:01.8193101+08:00" testType="13cdc9d9-ddb5-4fa4-a97d-d965ccfc6d4b" outcome="Passed" testListId="8c84fa94-04c1-424b-9868-57a2d4851a1d" relativeResultsDirectory="07804357-4873-4868-b7d7-1ad8e78edfca">
      <Output>
        <StdOut>Backend gRPC connected successfully.&#xD;
PASS: png_encoder_compression_level_0_gradient_horiz_rgb</StdOut>
      </Output>
    </UnitTestResult>
    <UnitTestResult executionId="6e43afbf-29a9-438e-b1e9-211813615bfc" testId="45254649-8c2d-8a12-e0ce-fd3234106ab0" testName="Photopipeline.Tests.FunctionalTests.ApiChannel.PluginApiTests.ExecutePluginPipeline(tc: TestCaseDefinition { Id = plugin_0024, Name = transform_flip_horizontal_True_gradient_horiz_rgb, Category = plugin, Tags = System.String[], InputImage = gradient_horiz_rgb, InputImages = , Pipeline = Photopipeline.Models.PipelineSpec, OutputFormat = PNG, OutputBitDepth = , OutputLossless = , TolerancePerChannel = 0, MinPSNR = , MinSSIM = , MaxDeltaE = , ExpectError = False, ExpectedErrorMessage = , SkipUiChannel = False, SkipApiChannel = False, IsSerialOnly = False })" computerName="WIN-GKU76LNHACV" duration="00:00:02.0154478" startTime="2026-05-27T12:14:44.4652805+08:00" endTime="2026-05-27T12:14:46.4812820+08:00" testType="13cdc9d9-ddb5-4fa4-a97d-d965ccfc6d4b" outcome="Passed" testListId="8c84fa94-04c1-424b-9868-57a2d4851a1d" relativeResultsDirectory="6e43afbf-29a9-438e-b1e9-211813615bfc">
      <Output>
        <StdOut>Backend gRPC connected successfully.&#xD;
PASS: transform_flip_horizontal_True_gradient_horiz_rgb</StdOut>
      </Output>
    </UnitTestResult>
    <UnitTestResult executionId="ceb4fb7f-965e-43b8-8e9b-acad202cf4ac" testId="45254649-8c2d-8a12-e0ce-fd3234106ab0" testName="Photopipeline.Tests.FunctionalTests.ApiChannel.PluginApiTests.ExecutePluginPipeline(tc: TestCaseDefinition { Id = plugin_0154, Name = heif_encoder_quality_30_gradient_horiz_rgb, Category = plugin, Tags = System.String[], InputImage = gradient_horiz_rgb, InputImages = , Pipeline = Photopipeline.Models.PipelineSpec, OutputFormat = PNG, OutputBitDepth = , OutputLossless = , TolerancePerChannel = 0, MinPSNR = , MinSSIM = , MaxDeltaE = , ExpectError = False, ExpectedErrorMessage = , SkipUiChannel = False, SkipApiChannel = False, IsSerialOnly = False })" computerName="WIN-GKU76LNHACV" duration="00:00:02.0085562" startTime="2026-05-27T12:19:06.8144456+08:00" endTime="2026-05-27T12:19:08.8239322+08:00" testType="13cdc9d9-ddb5-4fa4-a97d-d965ccfc6d4b" outcome="Failed" testListId="8c84fa94-04c1-424b-9868-57a2d4851a1d" relativeResultsDirectory="ceb4fb7f-965e-43b8-8e9b-acad202cf4ac">
      <Output>
        <StdOut>Backend gRPC connected successfully.</StdOut>
        <ErrorInfo>
          <Message>System.IO.FileNotFoundException : Pipeline output not found: C:\Users\GMW\AppData\Local\Temp\photopipeline_tests\20260527_121906\heif_encoder_quality_30_gradient_horiz_rgb\heif_encoder_quality_30_gradient_horiz_rgb_output.heif</Message>
          <StackTrace>   at Photopipeline.Tests.FunctionalTests.ApiChannel.ApiTestBase.ExecuteAndGetOutput(PipelineSpec spec, String inputImagePath, String outputPath, CancellationToken ct) in c:\Data\code\photopipeline\gui\windows\Photopipeline.Tests\FunctionalTests\ApiChannel\ApiTestBase.cs:line 97&#xD;
   at Photopipeline.Tests.FunctionalTests.ApiChannel.PluginApiTests.ExecutePluginPipeline(TestCaseDefinition tc) in c:\Data\code\photopipeline\gui\windows\Photopipeline.Tests\FunctionalTests\ApiChannel\PluginApiTests.cs:line 51&#xD;
--- End of stack trace from previous location ---</StackTrace>
        </ErrorInfo>
      </Output>
    </UnitTestResult>
    <UnitTestResult executionId="45785c50-c7e4-4e8d-9bfc-b1a3e80af670" testId="45254649-8c2d-8a12-e0ce-fd3234106ab0" testName="Photopipeline.Tests.FunctionalTests.ApiChannel.PluginApiTests.ExecutePluginPipeline(tc: TestCaseDefinition { Id = plugin_0124, Name = png_encoder_default_all, Category = plugin, Tags = System.String[], InputImage = color_bars_8bit, InputImages = , Pipeline = Photopipeline.Models.PipelineSpec, OutputFormat = PNG, OutputBitDepth = , OutputLossless = , TolerancePerChannel = 0, MinPSNR = , MinSSIM = , MaxDeltaE = , ExpectError = False, ExpectedErrorMessage = , SkipUiChannel = False, SkipApiChannel = False, IsSerialOnly = False })" computerName="WIN-GKU76LNHACV" duration="00:00:02.0215819" startTime="2026-05-27T12:18:05.8381009+08:00" endTime="2026-05-27T12:18:07.8601190+08:00" testType="13cdc9d9-ddb5-4fa4-a97d-d965ccfc6d4b" outcome="Passed" testListId="8c84fa94-04c1-424b-9868-57a2d4851a1d" relativeResultsDirectory="45785c50-c7e4-4e8d-9bfc-b1a3e80af670">
      <Output>
        <StdOut>Backend gRPC connected successfully.&#xD;
Determinism verified: two runs produce pixel-identical output&#xD;
PASS: png_encoder_default_all</StdOut>
      </Output>
    </UnitTestResult>
    <UnitTestResult executionId="eac53e74-ac6d-4e52-a779-61c0ae737897" testId="45254649-8c2d-8a12-e0ce-fd3234106ab0" testName="Photopipeline.Tests.FunctionalTests.ApiChannel.PluginApiTests.ExecutePluginPipeline(tc: TestCaseDefinition { Id = plugin_0136, Name = tiff_encoder_default_all, Category = plugin, Tags = System.String[], InputImage = color_bars_8bit, InputImages = , Pipeline = Photopipeline.Models.PipelineSpec, OutputFormat = PNG, OutputBitDepth = , OutputLossless = , TolerancePerChannel = 0, MinPSNR = , MinSSIM = , MaxDeltaE = , ExpectError = False, ExpectedErrorMessage = , SkipUiChannel = False, SkipApiChannel = False, IsSerialOnly = False })" computerName="WIN-GKU76LNHACV" duration="00:00:02.0114067" startTime="2026-05-27T12:18:29.9717873+08:00" endTime="2026-05-27T12:18:31.9837422+08:00" testType="13cdc9d9-ddb5-4fa4-a97d-d965ccfc6d4b" outcome="Failed" testListId="8c84fa94-04c1-424b-9868-57a2d4851a1d" relativeResultsDirectory="eac53e74-ac6d-4e52-a779-61c0ae737897">
      <Output>
        <StdOut>Backend gRPC connected successfully.</StdOut>
        <ErrorInfo>
          <Message>System.InvalidOperationException : Failed to decode image: C:\Users\GMW\AppData\Local\Temp\photopipeline_tests\20260527_121829\tiff_encoder_default_all\tiff_encoder_default_all_output.tif</Message>
          <StackTrace>   at Photopipeline.Tests.FunctionalTests.Infrastructure.ImageAssert.LoadBitmap(String path) in c:\Data\code\photopipeline\gui\windows\Photopipeline.Tests\FunctionalTests\Infrastructure\ImageAssert.cs:line 237&#xD;
   at Photopipeline.Tests.FunctionalTests.Infrastructure.ImageAssert.PixelsEqual(String actualPath, String expectedPath, Int32 tolerancePerChannel) in c:\Data\code\photopipeline\gui\windows\Photopipeline.Tests\FunctionalTests\Infrastructure\ImageAssert.cs:line 14&#xD;
   at Photopipeline.Tests.FunctionalTests.ApiChannel.ApiTestBase.ExecuteTwiceAndAssertDeterministic(PipelineSpec spec, String inputPath, String outputPath, TestOutputManager outputMgr, CancellationToken ct) in c:\Data\code\photopipeline\gui\windows\Photopipeline.Tests\FunctionalTests\ApiChannel\ApiTestBase.cs:line 125&#xD;
   at Photopipeline.Tests.FunctionalTests.ApiChannel.PluginApiTests.ExecutePluginPipeline(TestCaseDefinition tc) in c:\Data\code\photopipeline\gui\windows\Photopipeline.Tests\FunctionalTests\ApiChannel\PluginApiTests.cs:line 47&#xD;
--- End of stack trace from previous location ---</StackTrace>
        </ErrorInfo>
      </Output>
    </UnitTestResult>
    <UnitTestResult executionId="05a09d72-8e78-4452-ae75-aff36af0a20c" testId="45254649-8c2d-8a12-e0ce-fd3234106ab0" testName="Photopipeline.Tests.FunctionalTests.ApiChannel.PluginApiTests.ExecutePluginPipeline(tc: TestCaseDefinition { Id = plugin_0058, Name = colorspace_black_point_compensation_False_pure_red_small, Category = plugin, Tags = System.String[], InputImage = pure_red_small, InputImages = , Pipeline = Photopipeline.Models.PipelineSpec, OutputFormat = PNG, OutputBitDepth = , OutputLossless = , TolerancePerChannel = 0, MinPSNR = , MinSSIM = , MaxDeltaE = , ExpectError = False, ExpectedErrorMessage = , SkipUiChannel = False, SkipApiChannel = False, IsSerialOnly = False })" computerName="WIN-GKU76LNHACV" duration="00:00:02.0074670" startTime="2026-05-27T12:15:53.1788733+08:00" endTime="2026-05-27T12:15:55.1867944+08:00" testType="13cdc9d9-ddb5-4fa4-a97d-d965ccfc6d4b" outcome="Passed" testListId="8c84fa94-04c1-424b-9868-57a2d4851a1d" relativeResultsDirectory="05a09d72-8e78-4452-ae75-aff36af0a20c">
      <Output>
        <StdOut>Backend gRPC connected successfully.&#xD;
PASS: colorspace_black_point_compensation_False_pure_red_small</StdOut>
      </Output>
    </UnitTestResult>
    <UnitTestResult executionId="35162052-9c9f-40af-945e-593d1accd126" testId="45254649-8c2d-8a12-e0ce-fd3234106ab0" testName="Photopipeline.Tests.FunctionalTests.ApiChannel.PluginApiTests.ExecutePluginPipeline(tc: TestCaseDefinition { Id = plugin_0014, Name = transform_angle_0_checkerboard_8x8, Category = plugin, Tags = System.String[], InputImage = checkerboard_8x8, InputImages = , Pipeline = Photopipeline.Models.PipelineSpec, OutputFormat = PNG, OutputBitDepth = , OutputLossless = , TolerancePerChannel = 0, MinPSNR = , MinSSIM = , MaxDeltaE = , ExpectError = False, ExpectedErrorMessage = , SkipUiChannel = False, SkipApiChannel = False, IsSerialOnly = False })" computerName="WIN-GKU76LNHACV" duration="00:00:02.0223195" startTime="2026-05-27T12:14:24.3178009+08:00" endTime="2026-05-27T12:14:26.3407172+08:00" testType="13cdc9d9-ddb5-4fa4-a97d-d965ccfc6d4b" outcome="Passed" testListId="8c84fa94-04c1-424b-9868-57a2d4851a1d" relativeResultsDirectory="35162052-9c9f-40af-945e-593d1accd126">
      <Output>
        <StdOut>Backend gRPC connected successfully.&#xD;
PASS: transform_angle_0_checkerboard_8x8</StdOut>
      </Output>
    </UnitTestResult>
    <UnitTestResult executionId="2e52247d-452b-4335-af61-d80ac9898efa" testId="45254649-8c2d-8a12-e0ce-fd3234106ab0" testName="Photopipeline.Tests.FunctionalTests.ApiChannel.PluginApiTests.ExecutePluginPipeline(tc: TestCaseDefinition { Id = plugin_0112, Name = raw_input_default_all, Category = plugin, Tags = System.String[], InputImage = gradient_horiz_rgb, InputImages = , Pipeline = Photopipeline.Models.PipelineSpec, OutputFormat = PNG, OutputBitDepth = , OutputLossless = , TolerancePerChannel = 0, MinPSNR = , MinSSIM = , MaxDeltaE = , ExpectError = False, ExpectedErrorMessage = , SkipUiChannel = False, SkipApiChannel = False, IsSerialOnly = False })" computerName="WIN-GKU76LNHACV" duration="00:00:02.0141320" startTime="2026-05-27T12:17:41.7207900+08:00" endTime="2026-05-27T12:17:43.7355166+08:00" testType="13cdc9d9-ddb5-4fa4-a97d-d965ccfc6d4b" outcome="Passed" testListId="8c84fa94-04c1-424b-9868-57a2d4851a1d" relativeResultsDirectory="2e52247d-452b-4335-af61-d80ac9898efa">
      <Output>
        <StdOut>Backend gRPC connected successfully.&#xD;
Determinism verified: two runs produce pixel-identical output&#xD;
PASS: raw_input_default_all</StdOut>
      </Output>
    </UnitTestResult>
    <UnitTestResult executionId="563e9528-ce80-4a16-99d4-c07ce65a45ba" testId="45254649-8c2d-8a12-e0ce-fd3234106ab0" testName="Photopipeline.Tests.FunctionalTests.ApiChannel.PluginApiTests.ExecutePluginPipeline(tc: TestCaseDefinition { Id = plugin_0115, Name = raw_input_apply_white_balance_False_color_bars_8bit, Category = plugin, Tags = System.String[], InputImage = color_bars_8bit, InputImages = , Pipeline = Photopipeline.Models.PipelineSpec, OutputFormat = PNG, OutputBitDepth = , OutputLossless = , TolerancePerChannel = 0, MinPSNR = , MinSSIM = , MaxDeltaE = , ExpectError = False, ExpectedErrorMessage = , SkipUiChannel = False, SkipApiChannel = False, IsSerialOnly = False })" computerName="WIN-GKU76LNHACV" duration="00:00:02.0061904" startTime="2026-05-27T12:17:47.7497582+08:00" endTime="2026-05-27T12:17:49.7564155+08:00" testType="13cdc9d9-ddb5-4fa4-a97d-d965ccfc6d4b" outcome="Passed" testListId="8c84fa94-04c1-424b-9868-57a2d4851a1d" relativeResultsDirectory="563e9528-ce80-4a16-99d4-c07ce65a45ba">
      <Output>
        <StdOut>Backend gRPC connected successfully.&#xD;
PASS: raw_input_apply_white_balance_False_color_bars_8bit</StdOut>
      </Output>
    </UnitTestResult>
    <UnitTestResult executionId="7d9c643f-74f8-4c8b-a0fb-768b1c94568b" testId="45254649-8c2d-8a12-e0ce-fd3234106ab0" testName="Photopipeline.Tests.FunctionalTests.ApiChannel.PluginApiTests.ExecutePluginPipeline(tc: TestCaseDefinition { Id = plugin_0084, Name = ai_denoise_denoise_model_lightweight_v1_noise_grain, Category = plugin, Tags = System.String[], InputImage = noise_grain, InputImages = , Pipeline = Photopipeline.Models.PipelineSpec, OutputFormat = PNG, OutputBitDepth = , OutputLossless = , TolerancePerChannel = 0, MinPSNR = , MinSSIM = , MaxDeltaE = , ExpectError = False, ExpectedErrorMessage = , SkipUiChannel = False, SkipApiChannel = False, IsSerialOnly = False })" computerName="WIN-GKU76LNHACV" duration="00:00:02.0080214" startTime="2026-05-27T12:16:45.4461600+08:00" endTime="2026-05-27T12:16:47.4545586+08:00" testType="13cdc9d9-ddb5-4fa4-a97d-d965ccfc6d4b" outcome="Failed" testListId="8c84fa94-04c1-424b-9868-57a2d4851a1d" relativeResultsDirectory="7d9c643f-74f8-4c8b-a0fb-768b1c94568b">
      <Output>
        <StdOut>Backend gRPC connected successfully.</StdOut>
        <ErrorInfo>
          <Message>System.IO.FileNotFoundException : Pipeline output not found: C:\Users\GMW\AppData\Local\Temp\photopipeline_tests\20260527_121645\ai_denoise_denoise_model_lightweight_v1_noise_grain\ai_denoise_denoise_model_lightweight_v1_noise_grain_output.png</Message>
          <StackTrace>   at Photopipeline.Tests.FunctionalTests.ApiChannel.ApiTestBase.ExecuteAndGetOutput(PipelineSpec spec, String inputImagePath, String outputPath, CancellationToken ct) in c:\Data\code\photopipeline\gui\windows\Photopipeline.Tests\FunctionalTests\ApiChannel\ApiTestBase.cs:line 97&#xD;
   at Photopipeline.Tests.FunctionalTests.ApiChannel.PluginApiTests.ExecutePluginPipeline(TestCaseDefinition tc) in c:\Data\code\photopipeline\gui\windows\Photopipeline.Tests\FunctionalTests\ApiChannel\PluginApiTests.cs:line 51&#xD;
--- End of stack trace from previous location ---</StackTrace>
        </ErrorInfo>
      </Output>
    </UnitTestResult>
    <UnitTestResult executionId="cd75785d-acb4-4508-85e7-ce9c74a070d8" testId="45254649-8c2d-8a12-e0ce-fd3234106ab0" testName="Photopipeline.Tests.FunctionalTests.ApiChannel.PluginApiTests.ExecutePluginPipeline(tc: TestCaseDefinition { Id = plugin_0088, Name = ai_denoise_default_all, Category = plugin, Tags = System.String[], InputImage = noise_grain, InputImages = , Pipeline = Photopipeline.Models.PipelineSpec, OutputFormat = PNG, OutputBitDepth = , OutputLossless = , TolerancePerChannel = 0, MinPSNR = , MinSSIM = , MaxDeltaE = , ExpectError = False, ExpectedErrorMessage = , SkipUiChannel = False, SkipApiChannel = False, IsSerialOnly = False })" computerName="WIN-GKU76LNHACV" duration="00:00:02.0070446" startTime="2026-05-27T12:16:53.4897906+08:00" endTime="2026-05-27T12:16:55.4974554+08:00" testType="13cdc9d9-ddb5-4fa4-a97d-d965ccfc6d4b" outcome="Failed" testListId="8c84fa94-04c1-424b-9868-57a2d4851a1d" relativeResultsDirectory="cd75785d-acb4-4508-85e7-ce9c74a070d8">
      <Output>
        <StdOut>Backend gRPC connected successfully.</StdOut>
        <ErrorInfo>
          <Message>System.IO.FileNotFoundException : Pipeline output not found: C:\Users\GMW\AppData\Local\Temp\photopipeline_tests\20260527_121653\ai_denoise_default_all\ai_denoise_default_all_output.png</Message>
          <StackTrace>   at Photopipeline.Tests.FunctionalTests.ApiChannel.ApiTestBase.ExecuteAndGetOutput(PipelineSpec spec, String inputImagePath, String outputPath, CancellationToken ct) in c:\Data\code\photopipeline\gui\windows\Photopipeline.Tests\FunctionalTests\ApiChannel\ApiTestBase.cs:line 97&#xD;
   at Photopipeline.Tests.FunctionalTests.ApiChannel.ApiTestBase.ExecuteTwiceAndAssertDeterministic(PipelineSpec spec, String inputPath, String outputPath, TestOutputManager outputMgr, CancellationToken ct) in c:\Data\code\photopipeline\gui\windows\Photopipeline.Tests\FunctionalTests\ApiChannel\ApiTestBase.cs:line 120&#xD;
   at Photopipeline.Tests.FunctionalTests.ApiChannel.PluginApiTests.ExecutePluginPipeline(TestCaseDefinition tc) in c:\Data\code\photopipeline\gui\windows\Photopipeline.Tests\FunctionalTests\ApiChannel\PluginApiTests.cs:line 47&#xD;
--- End of stack trace from previous location ---</StackTrace>
        </ErrorInfo>
      </Output>
    </UnitTestResult>
    <UnitTestResult executionId="bd33500a-d98c-41a7-b773-3d78f4bad094" testId="45254649-8c2d-8a12-e0ce-fd3234106ab0" testName="Photopipeline.Tests.FunctionalTests.ApiChannel.PluginApiTests.ExecutePluginPipeline(tc: TestCaseDefinition { Id = plugin_0087, Name = ai_denoise_denoise_model_standard_v2_checkerboard_8x8, Category = plugin, Tags = System.String[], InputImage = checkerboard_8x8, InputImages = , Pipeline = Photopipeline.Models.PipelineSpec, OutputFormat = PNG, OutputBitDepth = , OutputLossless = , TolerancePerChannel = 0, MinPSNR = , MinSSIM = , MaxDeltaE = , ExpectError = False, ExpectedErrorMessage = , SkipUiChannel = False, SkipApiChannel = False, IsSerialOnly = False })" computerName="WIN-GKU76LNHACV" duration="00:00:02.0071372" startTime="2026-05-27T12:16:51.4819225+08:00" endTime="2026-05-27T12:16:53.4896393+08:00" testType="13cdc9d9-ddb5-4fa4-a97d-d965ccfc6d4b" outcome="Failed" testListId="8c84fa94-04c1-424b-9868-57a2d4851a1d" relativeResultsDirectory="bd33500a-d98c-41a7-b773-3d78f4bad094">
      <Output>
        <StdOut>Backend gRPC connected successfully.</StdOut>
        <ErrorInfo>
          <Message>System.IO.FileNotFoundException : Pipeline output not found: C:\Users\GMW\AppData\Local\Temp\photopipeline_tests\20260527_121651\ai_denoise_denoise_model_standard_v2_checkerboard_8x8\ai_denoise_denoise_model_standard_v2_checkerboard_8x8_output.png</Message>
          <StackTrace>   at Photopipeline.Tests.FunctionalTests.ApiChannel.ApiTestBase.ExecuteAndGetOutput(PipelineSpec spec, String inputImagePath, String outputPath, CancellationToken ct) in c:\Data\code\photopipeline\gui\windows\Photopipeline.Tests\FunctionalTests\ApiChannel\ApiTestBase.cs:line 97&#xD;
   at Photopipeline.Tests.FunctionalTests.ApiChannel.PluginApiTests.ExecutePluginPipeline(TestCaseDefinition tc) in c:\Data\code\photopipeline\gui\windows\Photopipeline.Tests\FunctionalTests\ApiChannel\PluginApiTests.cs:line 51&#xD;
--- End of stack trace from previous location ---</StackTrace>
        </ErrorInfo>
      </Output>
    </UnitTestResult>
    <UnitTestResult executionId="8fa38273-25c4-4ef9-8eeb-f07a5f844808" testId="45254649-8c2d-8a12-e0ce-fd3234106ab0" testName="Photopipeline.Tests.FunctionalTests.ApiChannel.PluginApiTests.ExecutePluginPipeline(tc: TestCaseDefinition { Id = plugin_0141, Name = avif_encoder_quality_60_gradient_horiz_rgb, Category = plugin, Tags = System.String[], InputImage = gradient_horiz_rgb, InputImages = , Pipeline = Photopipeline.Models.PipelineSpec, OutputFormat = PNG, OutputBitDepth = , OutputLossless = , TolerancePerChannel = 0, MinPSNR = , MinSSIM = , MaxDeltaE = , ExpectError = False, ExpectedErrorMessage = , SkipUiChannel = False, SkipApiChannel = False, IsSerialOnly = False })" computerName="WIN-GKU76LNHACV" duration="00:00:02.1852257" startTime="2026-05-27T12:18:40.2185652+08:00" endTime="2026-05-27T12:18:42.4042938+08:00" testType="13cdc9d9-ddb5-4fa4-a97d-d965ccfc6d4b" outcome="Failed" testListId="8c84fa94-04c1-424b-9868-57a2d4851a1d" relativeResultsDirectory="8fa38273-25c4-4ef9-8eeb-f07a5f844808">
      <Output>
        <StdOut>Backend gRPC connected successfully.</StdOut>
        <ErrorInfo>
          <Message>System.InvalidOperationException : Failed to decode image: C:\Users\GMW\AppData\Local\Temp\photopipeline_tests\20260527_121840\avif_encoder_quality_60_gradient_horiz_rgb\avif_encoder_quality_60_gradient_horiz_rgb_output.avif</Message>
          <StackTrace>   at Photopipeline.Tests.FunctionalTests.Infrastructure.ImageAssert.LoadBitmap(String path) in c:\Data\code\photopipeline\gui\windows\Photopipeline.Tests\FunctionalTests\Infrastructure\ImageAssert.cs:line 237&#xD;
   at Photopipeline.Tests.FunctionalTests.Infrastructure.ImageAssert.IsValidFormat(String path, String expectedFormat, Nullable`1 expectedWidth, Nullable`1 expectedHeight, Nullable`1 expectedBitDepth) in c:\Data\code\photopipeline\gui\windows\Photopipeline.Tests\FunctionalTests\Infrastructure\ImageAssert.cs:line 123&#xD;
   at Photopipeline.Tests.FunctionalTests.ApiChannel.PluginApiTests.ExecutePluginPipeline(TestCaseDefinition tc) in c:\Data\code\photopipeline\gui\windows\Photopipeline.Tests\FunctionalTests\ApiChannel\PluginApiTests.cs:line 55&#xD;
--- End of stack trace from previous location ---</StackTrace>
        </ErrorInfo>
      </Output>
    </UnitTestResult>
    <UnitTestResult executionId="f749c145-8b66-4a3a-93fa-6eada5bbd2f4" testId="45254649-8c2d-8a12-e0ce-fd3234106ab0" testName="Photopipeline.Tests.FunctionalTests.ApiChannel.PluginApiTests.ExecutePluginPipeline(tc: TestCaseDefinition { Id = plugin_0100, Name = lens_correct_correction_mode_auto_checkerboard_8x8, Category = plugin, Tags = System.String[], InputImage = checkerboard_8x8, InputImages = , Pipeline = Photopipeline.Models.PipelineSpec, OutputFormat = PNG, OutputBitDepth = , OutputLossless = , TolerancePerChannel = 0, MinPSNR = , MinSSIM = , MaxDeltaE = , ExpectError = False, ExpectedErrorMessage = , SkipUiChannel = False, SkipApiChannel = False, IsSerialOnly = False })" computerName="WIN-GKU76LNHACV" duration="00:00:02.0084549" startTime="2026-05-27T12:17:17.6080006+08:00" endTime="2026-05-27T12:17:19.6169829+08:00" testType="13cdc9d9-ddb5-4fa4-a97d-d965ccfc6d4b" outcome="Passed" testListId="8c84fa94-04c1-424b-9868-57a2d4851a1d" relativeResultsDirectory="f749c145-8b66-4a3a-93fa-6eada5bbd2f4">
      <Output>
        <StdOut>Backend gRPC connected successfully.&#xD;
PASS: lens_correct_correction_mode_auto_checkerboard_8x8</StdOut>
      </Output>
    </UnitTestResult>
    <UnitTestResult executionId="103ed5ff-9717-48e3-981a-c642cbdf502b" testId="45254649-8c2d-8a12-e0ce-fd3234106ab0" testName="Photopipeline.Tests.FunctionalTests.ApiChannel.PluginApiTests.ExecutePluginPipeline(tc: TestCaseDefinition { Id = plugin_0029, Name = transform_default_all, Category = plugin, Tags = System.String[], InputImage = gradient_horiz_rgb, InputImages = , Pipeline = Photopipeline.Models.PipelineSpec, OutputFormat = PNG, OutputBitDepth = , OutputLossless = , TolerancePerChannel = 0, MinPSNR = , MinSSIM = , MaxDeltaE = , ExpectError = False, ExpectedErrorMessage = , SkipUiChannel = False, SkipApiChannel = False, IsSerialOnly = False })" computerName="WIN-GKU76LNHACV" duration="00:00:02.0178269" startTime="2026-05-27T12:14:54.5322804+08:00" endTime="2026-05-27T12:14:56.5508830+08:00" testType="13cdc9d9-ddb5-4fa4-a97d-d965ccfc6d4b" outcome="Passed" testListId="8c84fa94-04c1-424b-9868-57a2d4851a1d" relativeResultsDirectory="103ed5ff-9717-48e3-981a-c642cbdf502b">
      <Output>
        <StdOut>Backend gRPC connected successfully.&#xD;
Determinism verified: two runs produce pixel-identical output&#xD;
PASS: transform_default_all</StdOut>
      </Output>
    </UnitTestResult>
[...]
      </RunInfo>
      <RunInfo computerName="WIN-GKU76LNHACV" outcome="Error" timestamp="2026-05-27T12:18:21.9346401+08:00">
        <Text>[xUnit.net 00:04:26.08]     Photopipeline.Tests.FunctionalTests.ApiChannel.PluginApiTests.ExecutePluginPipeline(tc: TestCaseDefinition { Id = plugin_0131, Name = tiff_encoder_compression_lzw_color_bars_8bit, Category = plugin, Tags = System.String[], InputImage = color_bars_8bit, InputImages = , Pipeline = Photopipeline.Models.PipelineSpec, OutputFormat = PNG, OutputBitDepth = , OutputLossless = , TolerancePerChannel = 0, MinPSNR = , MinSSIM = , MaxDeltaE = , ExpectError = False, ExpectedErrorMessage = , SkipUiChannel = False, SkipApiChannel = False, IsSerialOnly = False }) [FAIL]</Text>
      </RunInfo>
      <RunInfo computerName="WIN-GKU76LNHACV" outcome="Error" timestamp="2026-05-27T12:18:23.9415171+08:00">
        <Text>[xUnit.net 00:04:28.09]     Photopipeline.Tests.FunctionalTests.ApiChannel.PluginApiTests.ExecutePluginPipeline(tc: TestCaseDefinition { Id = plugin_0132, Name = tiff_encoder_compression_deflate_color_bars_8bit, Category = plugin, Tags = System.String[], InputImage = color_bars_8bit, InputImages = , Pipeline = Photopipeline.Models.PipelineSpec, OutputFormat = PNG, OutputBitDepth = , OutputLossless = , TolerancePerChannel = 0, MinPSNR = , MinSSIM = , MaxDeltaE = , ExpectError = False, ExpectedErrorMessage = , SkipUiChannel = False, SkipApiChannel = False, IsSerialOnly = False }) [FAIL]</Text>
      </RunInfo>
      <RunInfo computerName="WIN-GKU76LNHACV" outcome="Error" timestamp="2026-05-27T12:18:25.9515288+08:00">
        <Text>[xUnit.net 00:04:30.10]     Photopipeline.Tests.FunctionalTests.ApiChannel.PluginApiTests.ExecutePluginPipeline(tc: TestCaseDefinition { Id = plugin_0133, Name = tiff_encoder_compression_none_gradient_horiz_rgb, Category = plugin, Tags = System.String[], InputImage = gradient_horiz_rgb, InputImages = , Pipeline = Photopipeline.Models.PipelineSpec, OutputFormat = PNG, OutputBitDepth = , OutputLossless = , TolerancePerChannel = 0, MinPSNR = , MinSSIM = , MaxDeltaE = , ExpectError = False, ExpectedErrorMessage = , SkipUiChannel = False, SkipApiChannel = False, IsSerialOnly = False }) [FAIL]</Text>
      </RunInfo>
      <RunInfo computerName="WIN-GKU76LNHACV" outcome="Error" timestamp="2026-05-27T12:18:27.9627443+08:00">
        <Text>[xUnit.net 00:04:32.11]     Photopipeline.Tests.FunctionalTests.ApiChannel.PluginApiTests.ExecutePluginPipeline(tc: TestCaseDefinition { Id = plugin_0134, Name = tiff_encoder_compression_lzw_gradient_horiz_rgb, Category = plugin, Tags = System.String[], InputImage = gradient_horiz_rgb, InputImages = , Pipeline = Photopipeline.Models.PipelineSpec, OutputFormat = PNG, OutputBitDepth = , OutputLossless = , TolerancePerChannel = 0, MinPSNR = , MinSSIM = , MaxDeltaE = , ExpectError = False, ExpectedErrorMessage = , SkipUiChannel = False, SkipApiChannel = False, IsSerialOnly = False }) [FAIL]</Text>
      </RunInfo>
      <RunInfo computerName="WIN-GKU76LNHACV" outcome="Error" timestamp="2026-05-27T12:18:29.9718403+08:00">
        <Text>[xUnit.net 00:04:34.12]     Photopipeline.Tests.FunctionalTests.ApiChannel.PluginApiTests.ExecutePluginPipeline(tc: TestCaseDefinition { Id = plugin_0135, Name = tiff_encoder_compression_deflate_gradient_horiz_rgb, Category = plugin, Tags = System.String[], InputImage = gradient_horiz_rgb, InputImages = , Pipeline = Photopipeline.Models.PipelineSpec, OutputFormat = PNG, OutputBitDepth = , OutputLossless = , TolerancePerChannel = 0, MinPSNR = , MinSSIM = , MaxDeltaE = , ExpectError = False, ExpectedErrorMessage = , SkipUiChannel = False, SkipApiChannel = False, IsSerialOnly = False }) [FAIL]</Text>
      </RunInfo>
      <RunInfo computerName="WIN-GKU76LNHACV" outcome="Error" timestamp="2026-05-27T12:18:31.9839374+08:00">
        <Text>[xUnit.net 00:04:36.13]     Photopipeline.Tests.FunctionalTests.ApiChannel.PluginApiTests.ExecutePluginPipeline(tc: TestCaseDefinition { Id = plugin_0136, Name = tiff_encoder_default_all, Category = plugin, Tags = System.String[], InputImage = color_bars_8bit, InputImages = , Pipeline = Photopipeline.Models.PipelineSpec, OutputFormat = PNG, OutputBitDepth = , OutputLossless = , TolerancePerChannel = 0, MinPSNR = , MinSSIM = , MaxDeltaE = , ExpectError = False, ExpectedErrorMessage = , SkipUiChannel = False, SkipApiChannel = False, IsSerialOnly = False }) [FAIL]</Text>
      </RunInfo>
      <RunInfo computerName="WIN-GKU76LNHACV" outcome="Error" timestamp="2026-05-27T12:18:34.0079632+08:00">
        <Text>[xUnit.net 00:04:38.15]     Photopipeline.Tests.FunctionalTests.ApiChannel.PluginApiTests.ExecutePluginPipeline(tc: TestCaseDefinition { Id = plugin_0137, Name = avif_encoder_quality_30_color_bars_8bit, Category = plugin, Tags = System.String[], InputImage = color_bars_8bit, InputImages = , Pipeline = Photopipeline.Models.PipelineSpec, OutputFormat = PNG, OutputBitDepth = , OutputLossless = , TolerancePerChannel = 0, MinPSNR = , MinSSIM = , MaxDeltaE = , ExpectError = False, ExpectedErrorMessage = , SkipUiChannel = False, SkipApiChannel = False, IsSerialOnly = False }) [FAIL]</Text>
      </RunInfo>
      <RunInfo computerName="WIN-GKU76LNHACV" outcome="Error" timestamp="2026-05-27T12:18:36.0420616+08:00">
        <Text>[xUnit.net 00:04:40.19]     Photopipeline.Tests.FunctionalTests.ApiChannel.PluginApiTests.ExecutePluginPipeline(tc: TestCaseDefinition { Id = plugin_0138, Name = avif_encoder_quality_60_color_bars_8bit, Category = plugin, Tags = System.String[], InputImage = color_bars_8bit, InputImages = , Pipeline = Photopipeline.Models.PipelineSpec, OutputFormat = PNG, OutputBitDepth = , OutputLossless = , TolerancePerChannel = 0, MinPSNR = , MinSSIM = , MaxDeltaE = , ExpectError = False, ExpectedErrorMessage = , SkipUiChannel = False, SkipApiChannel = False, IsSerialOnly = False }) [FAIL]</Text>
      </RunInfo>
      <RunInfo computerName="WIN-GKU76LNHACV" outcome="Error" timestamp="2026-05-27T12:18:38.1062879+08:00">
        <Text>[xUnit.net 00:04:42.25]     Photopipeline.Tests.FunctionalTests.ApiChannel.PluginApiTests.ExecutePluginPipeline(tc: TestCaseDefinition { Id = plugin_0139, Name = avif_encoder_quality_90_color_bars_8bit, Category = plugin, Tags = System.String[], InputImage = color_bars_8bit, InputImages = , Pipeline = Photopipeline.Models.PipelineSpec, OutputFormat = PNG, OutputBitDepth = , OutputLossless = , TolerancePerChannel = 0, MinPSNR = , MinSSIM = , MaxDeltaE = , ExpectError = False, ExpectedErrorMessage = , SkipUiChannel = False, SkipApiChannel = False, IsSerialOnly = False }) [FAIL]</Text>
      </RunInfo>
      <RunInfo computerName="WIN-GKU76LNHACV" outcome="Error" timestamp="2026-05-27T12:18:40.2185855+08:00">
        <Text>[xUnit.net 00:04:44.36]     Photopipeline.Tests.FunctionalTests.ApiChannel.PluginApiTests.ExecutePluginPipeline(tc: TestCaseDefinition { Id = plugin_0140, Name = avif_encoder_quality_30_gradient_horiz_rgb, Category = plugin, Tags = System.String[], InputImage = gradient_horiz_rgb, InputImages = , Pipeline = Photopipeline.Models.PipelineSpec, OutputFormat = PNG, OutputBitDepth = , OutputLossless = , TolerancePerChannel = 0, MinPSNR = , MinSSIM = , MaxDeltaE = , ExpectError = False, ExpectedErrorMessage = , SkipUiChannel = False, SkipApiChannel = False, IsSerialOnly = False }) [FAIL]</Text>
      </RunInfo>
      <RunInfo computerName="WIN-GKU76LNHACV" outcome="Error" timestamp="2026-05-27T12:18:42.4044787+08:00">
        <Text>[xUnit.net 00:04:46.55]     Photopipeline.Tests.FunctionalTests.ApiChannel.PluginApiTests.ExecutePluginPipeline(tc: TestCaseDefinition { Id = plugin_0141, Name = avif_encoder_quality_60_gradient_horiz_rgb, Category = plugin, Tags = System.String[], InputImage = gradient_horiz_rgb, InputImages = , Pipeline = Photopipeline.Models.PipelineSpec, OutputFormat = PNG, OutputBitDepth = , OutputLossless = , TolerancePerChannel = 0, MinPSNR = , MinSSIM = , MaxDeltaE = , ExpectError = False, ExpectedErrorMessage = , SkipUiChannel = False, SkipApiChannel = False, IsSerialOnly = False }) [FAIL]</Text>
      </RunInfo>
      <RunInfo computerName="WIN-GKU76LNHACV" outcome="Error" timestamp="2026-05-27T12:18:44.5796399+08:00">
        <Text>[xUnit.net 00:04:48.72]     Photopipeline.Tests.FunctionalTests.ApiChannel.PluginApiTests.ExecutePluginPipeline(tc: TestCaseDefinition { Id = plugin_0142, Name = avif_encoder_quality_90_gradient_horiz_rgb, Category = plugin, Tags = System.String[], InputImage = gradient_horiz_rgb, InputImages = , Pipeline = Photopipeline.Models.PipelineSpec, OutputFormat = PNG, OutputBitDepth = , OutputLossless = , TolerancePerChannel = 0, MinPSNR = , MinSSIM = , MaxDeltaE = , ExpectError = False, ExpectedErrorMessage = , SkipUiChannel = False, SkipApiChannel = False, IsSerialOnly = False }) [FAIL]</Text>
      </RunInfo>
      <RunInfo computerName="WIN-GKU76LNHACV" outcome="Error" timestamp="2026-05-27T12:18:46.7104113+08:00">
        <Text>[xUnit.net 00:04:50.86]     Photopipeline.Tests.FunctionalTests.ApiChannel.PluginApiTests.ExecutePluginPipeline(tc: TestCaseDefinition { Id = plugin_0143, Name = avif_encoder_default_all, Category = plugin, Tags = System.String[], InputImage = color_bars_8bit, InputImages = , Pipeline = Photopipeline.Models.PipelineSpec, OutputFormat = PNG, OutputBitDepth = , OutputLossless = , TolerancePerChannel = 0, MinPSNR = , MinSSIM = , MaxDeltaE = , ExpectError = False, ExpectedErrorMessage = , SkipUiChannel = False, SkipApiChannel = False, IsSerialOnly = False }) [FAIL]</Text>
      </RunInfo>
      <RunInfo computerName="WIN-GKU76LNHACV" outcome="Error" timestamp="2026-05-27T12:18:48.7204633+08:00">
        <Text>[xUnit.net 00:04:52.87]     Photopipeline.Tests.FunctionalTests.ApiChannel.PluginApiTests.ExecutePluginPipeline(tc: TestCaseDefinition { Id = plugin_0144, Name = jxl_encoder_quality_30_color_bars_8bit, Category = plugin, Tags = System.String[], InputImage = color_bars_8bit, InputImages = , Pipeline = Photopipeline.Models.PipelineSpec, OutputFormat = PNG, OutputBitDepth = , OutputLossless = , TolerancePerChannel = 0, MinPSNR = , MinSSIM = , MaxDeltaE = , ExpectError = False, ExpectedErrorMessage = , SkipUiChannel = False, SkipApiChannel = False, IsSerialOnly = False }) [FAIL]</Text>
      </RunInfo>
      <RunInfo computerName="WIN-GKU76LNHACV" outcome="Error" timestamp="2026-05-27T12:18:50.7268824+08:00">
        <Text>[xUnit.net 00:04:54.87]     Photopipeline.Tests.FunctionalTests.ApiChannel.PluginApiTests.ExecutePluginPipeline(tc: TestCaseDefinition { Id = plugin_0145, Name = jxl_encoder_quality_60_color_bars_8bit, Category = plugin, Tags = System.String[], InputImage = color_bars_8bit, InputImages = , Pipeline = Photopipeline.Models.PipelineSpec, OutputFormat = PNG, OutputBitDepth = , OutputLossless = , TolerancePerChannel = 0, MinPSNR = , MinSSIM = , MaxDeltaE = , ExpectError = False, ExpectedErrorMessage = , SkipUiChannel = False, SkipApiChannel = False, IsSerialOnly = False }) [FAIL]</Text>
      </RunInfo>
      <RunInfo computerName="WIN-GKU76LNHACV" outcome="Error" timestamp="2026-05-27T12:18:52.7342527+08:00">
        <Text>[xUnit.net 00:04:56.88]     Photopipeline.Tests.FunctionalTests.ApiChannel.PluginApiTests.ExecutePluginPipeline(tc: TestCaseDefinition { Id = plugin_0146, Name = jxl_encoder_quality_90_color_bars_8bit, Category = plugin, Tags = System.String[], InputImage = color_bars_8bit, InputImages = , Pipeline = Photopipeline.Models.PipelineSpec, OutputFormat = PNG, OutputBitDepth = , OutputLossless = , TolerancePerChannel = 0, MinPSNR = , MinSSIM = , MaxDeltaE = , ExpectError = False, ExpectedErrorMessage = , SkipUiChannel = False, SkipApiChannel = False, IsSerialOnly = False }) [FAIL]</Text>
      </RunInfo>
      <RunInfo computerName="WIN-GKU76LNHACV" outcome="Error" timestamp="2026-05-27T12:18:54.7419630+08:00">
        <Text>[xUnit.net 00:04:58.89]     Photopipeline.Tests.FunctionalTests.ApiChannel.PluginApiTests.ExecutePluginPipeline(tc: TestCaseDefinition { Id = plugin_0147, Name = jxl_encoder_quality_30_gradient_horiz_rgb, Category = plugin, Tags = System.String[], InputImage = gradient_horiz_rgb, InputImages = , Pipeline = Photopipeline.Models.PipelineSpec, OutputFormat = PNG, OutputBitDepth = , OutputLossless = , TolerancePerChannel = 0, MinPSNR = , MinSSIM = , MaxDeltaE = , ExpectError = False, ExpectedErrorMessage = , SkipUiChannel = False, SkipApiChannel = False, IsSerialOnly = False }) [FAIL]</Text>
      </RunInfo>
      <RunInfo computerName="WIN-GKU76LNHACV" outcome="Error" timestamp="2026-05-27T12:18:56.7524970+08:00">
        <Text>[xUnit.net 00:05:00.90]     Photopipeline.Tests.FunctionalTests.ApiChannel.PluginApiTests.ExecutePluginPipeline(tc: TestCaseDefinition { Id = plugin_0148, Name = jxl_encoder_quality_60_gradient_horiz_rgb, Category = plugin, Tags = System.String[], InputImage = gradient_horiz_rgb, InputImages = , Pipeline = Photopipeline.Models.PipelineSpec, OutputFormat = PNG, OutputBitDepth = , OutputLossless = , TolerancePerChannel = 0, MinPSNR = , MinSSIM = , MaxDeltaE = , ExpectError = False, ExpectedErrorMessage = , SkipUiChannel = False, SkipApiChannel = False, IsSerialOnly = False }) [FAIL]</Text>
      </RunInfo>
      <RunInfo computerName="WIN-GKU76LNHACV" outcome="Error" timestamp="2026-05-27T12:18:58.7708384+08:00">
        <Text>[xUnit.net 00:05:02.92]     Photopipeline.Tests.FunctionalTests.ApiChannel.PluginApiTests.ExecutePluginPipeline(tc: TestCaseDefinition { Id = plugin_0149, Name = jxl_encoder_quality_90_gradient_horiz_rgb, Category = plugin, Tags = System.String[], InputImage = gradient_horiz_rgb, InputImages = , Pipeline = Photopipeline.Models.PipelineSpec, OutputFormat = PNG, OutputBitDepth = , OutputLossless = , TolerancePerChannel = 0, MinPSNR = , MinSSIM = , MaxDeltaE = , ExpectError = False, ExpectedErrorMessage = , SkipUiChannel = False, SkipApiChannel = False, IsSerialOnly = False }) [FAIL]</Text>
      </RunInfo>
      <RunInfo computerName="WIN-GKU76LNHACV" outcome="Error" timestamp="2026-05-27T12:19:00.7781698+08:00">
        <Text>[xUnit.net 00:05:04.92]     Photopipeline.Tests.FunctionalTests.ApiChannel.PluginApiTests.ExecutePluginPipeline(tc: TestCaseDefinition { Id = plugin_0150, Name = jxl_encoder_default_all, Category = plugin, Tags = System.String[], InputImage = color_bars_8bit, InputImages = , Pipeline = Photopipeline.Models.PipelineSpec, OutputFormat = PNG, OutputBitDepth = , OutputLossless = , TolerancePerChannel = 0, MinPSNR = , MinSSIM = , MaxDeltaE = , ExpectError = False, ExpectedErrorMessage = , SkipUiChannel = False, SkipApiChannel = False, IsSerialOnly = False }) [FAIL]</Text>
      </RunInfo>
      <RunInfo computerName="WIN-GKU76LNHACV" outcome="Error" timestamp="2026-05-27T12:19:02.7859320+08:00">
        <Text>[xUnit.net 00:05:06.93]     Photopipeline.Tests.FunctionalTests.ApiChannel.PluginApiTests.ExecutePluginPipeline(tc: TestCaseDefinition { Id = plugin_0151, Name = heif_encoder_quality_30_color_bars_8bit, Category = plugin, Tags = System.String[], InputImage = color_bars_8bit, InputImages = , Pipeline = Photopipeline.Models.PipelineSpec, OutputFormat = PNG, OutputBitDepth = , OutputLossless = , TolerancePerChannel = 0, MinPSNR = , MinSSIM = , MaxDeltaE = , ExpectError = False, ExpectedErrorMessage = , SkipUiChannel = False, SkipApiChannel = False, IsSerialOnly = False }) [FAIL]</Text>
      </RunInfo>
      <RunInfo computerName="WIN-GKU76LNHACV" outcome="Error" timestamp="2026-05-27T12:19:04.7959650+08:00">
        <Text>[xUnit.net 00:05:08.94]     Photopipeline.Tests.FunctionalTests.ApiChannel.PluginApiTests.ExecutePluginPipeline(tc: TestCaseDefinition { Id = plugin_0152, Name = heif_encoder_quality_60_color_bars_8bit, Category = plugin, Tags = System.String[], InputImage = color_bars_8bit, InputImages = , Pipeline = Photopipeline.Models.PipelineSpec, OutputFormat = PNG, OutputBitDepth = , OutputLossless = , TolerancePerChannel = 0, MinPSNR = , MinSSIM = , MaxDeltaE = , ExpectError = False, ExpectedErrorMessage = , SkipUiChannel = False, SkipApiChannel = False, IsSerialOnly = False }) [FAIL]</Text>
      </RunInfo>
      <RunInfo computerName="WIN-GKU76LNHACV" outcome="Error" timestamp="2026-05-27T12:19:06.8144796+08:00">
        <Text>[xUnit.net 00:05:10.96]     Photopipeline.Tests.FunctionalTests.ApiChannel.PluginApiTests.ExecutePluginPipeline(tc: TestCaseDefinition { Id = plugin_0153, Name = heif_encoder_quality_95_color_bars_8bit, Category = plugin, Tags = System.String[], InputImage = color_bars_8bit, InputImages = , Pipeline = Photopipeline.Models.PipelineSpec, OutputFormat = PNG, OutputBitDepth = , OutputLossless = , TolerancePerChannel = 0, MinPSNR = , MinSSIM = , MaxDeltaE = , ExpectError = False, ExpectedErrorMessage = , SkipUiChannel = False, SkipApiChannel = False, IsSerialOnly = False }) [FAIL]</Text>
      </RunInfo>
      <RunInfo computerName="WIN-GKU76LNHACV" outcome="Error" timestamp="2026-05-27T12:19:08.8241631+08:00">
        <Text>[xUnit.net 00:05:12.97]     Photopipeline.Tests.FunctionalTests.ApiChannel.PluginApiTests.ExecutePluginPipeline(tc: TestCaseDefinition { Id = plugin_0154, Name = heif_encoder_quality_30_gradient_horiz_rgb, Category = plugin, Tags = System.String[], InputImage = gradient_horiz_rgb, InputImages = , Pipeline = Photopipeline.Models.PipelineSpec, OutputFormat = PNG, OutputBitDepth = , OutputLossless = , TolerancePerChannel = 0, MinPSNR = , MinSSIM = , MaxDeltaE = , ExpectError = False, ExpectedErrorMessage = , SkipUiChannel = False, SkipApiChannel = False, IsSerialOnly = False }) [FAIL]</Text>
      </RunInfo>
      <RunInfo computerName="WIN-GKU76LNHACV" outcome="Error" timestamp="2026-05-27T12:19:10.8308977+08:00">
        <Text>[xUnit.net 00:05:14.98]     Photopipeline.Tests.FunctionalTests.ApiChannel.PluginApiTests.ExecutePluginPipeline(tc: TestCaseDefinition { Id = plugin_0155, Name = heif_encoder_quality_60_gradient_horiz_rgb, Category = plugin, Tags = System.String[], InputImage = gradient_horiz_rgb, InputImages = , Pipeline = Photopipeline.Models.PipelineSpec, OutputFormat = PNG, OutputBitDepth = , OutputLossless = , TolerancePerChannel = 0, MinPSNR = , MinSSIM = , MaxDeltaE = , ExpectError = False, ExpectedErrorMessage = , SkipUiChannel = False, SkipApiChannel = False, IsSerialOnly = False }) [FAIL]</Text>
      </RunInfo>
      <RunInfo computerName="WIN-GKU76LNHACV" outcome="Error" timestamp="2026-05-27T12:19:12.8405334+08:00">
        <Text>[xUnit.net 00:05:16.99]     Photopipeline.Tests.FunctionalTests.ApiChannel.PluginApiTests.ExecutePluginPipeline(tc: TestCaseDefinition { Id = plugin_0156, Name = heif_encoder_quality_95_gradient_horiz_rgb, Category = plugin, Tags = System.String[], InputImage = gradient_horiz_rgb, InputImages = , Pipeline = Photopipeline.Models.PipelineSpec, OutputFormat = PNG, OutputBitDepth = , OutputLossless = , TolerancePerChannel = 0, MinPSNR = , MinSSIM = , MaxDeltaE = , ExpectError = False, ExpectedErrorMessage = , SkipUiChannel = False, SkipApiChannel = False, IsSerialOnly = False }) [FAIL]</Text>
      </RunInfo>
      <RunInfo computerName="WIN-GKU76LNHACV" outcome="Error" timestamp="2026-05-27T12:19:14.8581628+08:00">
        <Text>[xUnit.net 00:05:19.00]     Photopipeline.Tests.FunctionalTests.ApiChannel.PluginApiTests.ExecutePluginPipeline(tc: TestCaseDefinition { Id = plugin_0157, Name = heif_encoder_default_all, Category = plugin, Tags = System.String[], InputImage = color_bars_8bit, InputImages = , Pipeline = Photopipeline.Models.PipelineSpec, OutputFormat = PNG, OutputBitDepth = , OutputLossless = , TolerancePerChannel = 0, MinPSNR = , MinSSIM = , MaxDeltaE = , ExpectError = False, ExpectedErrorMessage = , SkipUiChannel = False, SkipApiChannel = False, IsSerialOnly = False }) [FAIL]</Text>
      </RunInfo>
    </RunInfos>
  </ResultSummary>
</TestRun>