<?xml version="1.0" encoding="utf-8"?>
<TestRun id="77f3f0ac-1c54-4274-b066-ce16600df5b9" name="gmw@WIN-GKU76LNHACV 2026-05-27 12:24:20" runUser="WIN-GKU76LNHACV\GMW" xmlns="http://microsoft.com/schemas/VisualStudio/TeamTest/2010">
  <Times creation="2026-05-27T12:24:20.4375878+08:00" queuing="2026-05-27T12:24:20.4375883+08:00" start="2026-05-27T12:24:17.1595724+08:00" finish="2026-05-27T12:29:36.4113914+08:00" />
  <TestSettings name="default" id="24671ad5-e8d3-4c3d-9fce-7605b1ae63c3">
    <Deployment runDeploymentRoot="gmw_WIN-GKU76LNHACV_2026-05-27_12_24_20" />
  </TestSettings>
  <Results>
    <UnitTestResult executionId="ab477b1b-b124-44aa-acfd-fa371d5d7b50" testId="45254649-8c2d-8a12-e0ce-fd3234106ab0" testName="Photopipeline.Tests.FunctionalTests.ApiChannel.PluginApiTests.ExecutePluginPipeline(tc: TestCaseDefinition { Id = plugin_0130, Name = tiff_encoder_compression_none_color_bars_8bit, Category = plugin, Tags = System.String[], InputImage = color_bars_8bit, InputImages = , Pipeline = Photopipeline.Models.PipelineSpec, OutputFormat = PNG, OutputBitDepth = , OutputLossless = , TolerancePerChannel = 0, MinPSNR = , MinSSIM = , MaxDeltaE = , ExpectError = False, ExpectedErrorMessage = , SkipUiChannel = False, SkipApiChannel = False, IsSerialOnly = False })" computerName="WIN-GKU76LNHACV" duration="00:00:02.0093160" startTime="2026-05-27T12:28:39.4574615+08:00" endTime="2026-05-27T12:28:41.4674346+08:00" testType="13cdc9d9-ddb5-4fa4-a97d-d965ccfc6d4b" outcome="Failed" testListId="8c84fa94-04c1-424b-9868-57a2d4851a1d" relativeResultsDirectory="ab477b1b-b124-44aa-acfd-fa371d5d7b50">
      <Output>
        <StdOut>Backend gRPC connected successfully.</StdOut>
        <ErrorInfo>
          <Message>System.InvalidOperationException : Failed to decode image: C:\Users\GMW\AppData\Local\Temp\photopipeline_tests\20260527_122839\tiff_encoder_compression_none_color_bars_8bit\tiff_encoder_compression_none_color_bars_8bit_output.tif</Message>
          <StackTrace>   at Photopipeline.Tests.FunctionalTests.Infrastructure.ImageAssert.LoadBitmap(String path) in c:\Data\code\photopipeline\gui\windows\Photopipeline.Tests\FunctionalTests\Infrastructure\ImageAssert.cs:line 237&#xD;
   at Photopipeline.Tests.FunctionalTests.Infrastructure.ImageAssert.IsValidFormat(String path, String expectedFormat, Nullable`1 expectedWidth, Nullable`1 expectedHeight, Nullable`1 expectedBitDepth) in c:\Data\code\photopipeline\gui\windows\Photopipeline.Tests\FunctionalTests\Infrastructure\ImageAssert.cs:line 123&#xD;
   at Photopipeline.Tests.FunctionalTests.ApiChannel.PluginApiTests.ExecutePluginPipeline(TestCaseDefinition tc) in c:\Data\code\photopipeline\gui\windows\Photopipeline.Tests\FunctionalTests\ApiChannel\PluginApiTests.cs:line 55&#xD;
--- End of stack trace from previous location ---</StackTrace>
        </ErrorInfo>
      </Output>
    </UnitTestResult>
    <UnitTestResult executionId="6ad8c576-f5af-4ba5-b2c2-265d27622c9a" testId="45254649-8c2d-8a12-e0ce-fd3234106ab0" testName="Photopipeline.Tests.FunctionalTests.ApiChannel.PluginApiTests.ExecutePluginPipeline(tc: TestCaseDefinition { Id = plugin_0051, Name = colorspace_rendering_intent_perceptual_color_bars_8bit, Category = plugin, Tags = System.String[], InputImage = color_bars_8bit, InputImages = , Pipeline = Photopipeline.Models.PipelineSpec, OutputFormat = PNG, OutputBitDepth = , OutputLossless = , TolerancePerChannel = 0, MinPSNR = , MinSSIM = , MaxDeltaE = , ExpectError = False, ExpectedErrorMessage = , SkipUiChannel = False, SkipApiChannel = False, IsSerialOnly = False })" computerName="WIN-GKU76LNHACV" duration="00:00:02.0100169" startTime="2026-05-27T12:26:00.6279474+08:00" endTime="2026-05-27T12:26:02.6384724+08:00" testType="13cdc9d9-ddb5-4fa4-a97d-d965ccfc6d4b" outcome="Passed" testListId="8c84fa94-04c1-424b-9868-57a2d4851a1d" relativeResultsDirectory="6ad8c576-f5af-4ba5-b2c2-265d27622c9a">
      <Output>
        <StdOut>Backend gRPC connected successfully.&#xD;
PASS: colorspace_rendering_intent_perceptual_color_bars_8bit</StdOut>
      </Output>
    </UnitTestResult>
    <UnitTestResult executionId="540d40c0-f76a-470b-a5c7-7e49dd4bd58d" testId="45254649-8c2d-8a12-e0ce-fd3234106ab0" testName="Photopipeline.Tests.FunctionalTests.ApiChannel.PluginApiTests.ExecutePluginPipeline(tc: TestCaseDefinition { Id = plugin_0145, Name = jxl_encoder_quality_60_color_bars_8bit, Category = plugin, Tags = System.String[], InputImage = color_bars_8bit, InputImages = , Pipeline = Photopipeline.Models.PipelineSpec, OutputFormat = PNG, OutputBitDepth = , OutputLossless = , TolerancePerChannel = 0, MinPSNR = , MinSSIM = , MaxDeltaE = , ExpectError = False, ExpectedErrorMessage = , SkipUiChannel = False, SkipApiChannel = False, IsSerialOnly = False })" computerName="WIN-GKU76LNHACV" duration="00:00:02.0070667" startTime="2026-05-27T12:29:10.2593451+08:00" endTime="2026-05-27T12:29:12.2669225+08:00" testType="13cdc9d9-ddb5-4fa4-a97d-d965ccfc6d4b" outcome="Failed" testListId="8c84fa94-04c1-424b-9868-57a2d4851a1d" relativeResultsDirectory="540d40c0-f76a-470b-a5c7-7e49dd4bd58d">
      <Output>
        <StdOut>Backend gRPC connected successfully.</StdOut>
        <ErrorInfo>
          <Message>System.IO.FileNotFoundException : Pipeline output not found: C:\Users\GMW\AppData\Local\Temp\photopipeline_tests\20260527_122910\jxl_encoder_quality_60_color_bars_8bit\jxl_encoder_quality_60_color_bars_8bit_output.jxl</Message>
          <StackTrace>   at Photopipeline.Tests.FunctionalTests.ApiChannel.ApiTestBase.ExecuteAndGetOutput(PipelineSpec spec, String inputImagePath, String outputPath, CancellationToken ct) in c:\Data\code\photopipeline\gui\windows\Photopipeline.Tests\FunctionalTests\ApiChannel\ApiTestBase.cs:line 97&#xD;
   at Photopipeline.Tests.FunctionalTests.ApiChannel.PluginApiTests.ExecutePluginPipeline(TestCaseDefinition tc) in c:\Data\code\photopipeline\gui\windows\Photopipeline.Tests\FunctionalTests\ApiChannel\PluginApiTests.cs:line 51&#xD;
--- End of stack trace from previous location ---</StackTrace>
        </ErrorInfo>
      </Output>
    </UnitTestResult>
    <UnitTestResult executionId="adb40e99-62af-4621-830d-1f4ff448a2cf" testId="45254649-8c2d-8a12-e0ce-fd3234106ab0" testName="Photopipeline.Tests.FunctionalTests.ApiChannel.PluginApiTests.ExecutePluginPipeline(tc: TestCaseDefinition { Id = plugin_0120, Name = png_encoder_compression_level_9_color_bars_8bit, Category = plugin, Tags = System.String[], InputImage = color_bars_8bit, InputImages = , Pipeline = Photopipeline.Models.PipelineSpec, OutputFormat = PNG, OutputBitDepth = , OutputLossless = , TolerancePerChannel = 0, MinPSNR = , MinSSIM = , MaxDeltaE = , ExpectError = False, ExpectedErrorMessage = , SkipUiChannel = False, SkipApiChannel = False, IsSerialOnly = False })" computerName="WIN-GKU76LNHACV" duration="00:00:02.0068531" startTime="2026-05-27T12:28:19.3462950+08:00" endTime="2026-05-27T12:28:21.3535048+08:00" testType="13cdc9d9-ddb5-4fa4-a97d-d965ccfc6d4b" outcome="Passed" testListId="8c84fa94-04c1-424b-9868-57a2d4851a1d" relativeResultsDirectory="adb40e99-62af-4621-830d-1f4ff448a2cf">
      <Output>
        <StdOut>Backend gRPC connected successfully.&#xD;
PASS: png_encoder_compression_level_9_color_bars_8bit</StdOut>
      </Output>
    </UnitTestResult>
    <UnitTestResult executionId="a39018c6-34c0-46a8-9dd9-674d2485fb1c" testId="45254649-8c2d-8a12-e0ce-fd3234106ab0" testName="Photopipeline.Tests.FunctionalTests.ApiChannel.PluginApiTests.ExecutePluginPipeline(tc: TestCaseDefinition { Id = plugin_0001, Name = transform_scale_percent_50_gradient_horiz_rgb, Category = plugin, Tags = System.String[], InputImage = gradient_horiz_rgb, InputImages = , Pipeline = Photopipeline.Models.PipelineSpec, OutputFormat = PNG, OutputBitDepth = , OutputLossless = , TolerancePerChannel = 0, MinPSNR = , MinSSIM = , MaxDeltaE = , ExpectError = False, ExpectedErrorMessage = , SkipUiChannel = False, SkipApiChannel = False, IsSerialOnly = False })" computerName="WIN-GKU76LNHACV" duration="00:00:02.0143709" startTime="2026-05-27T12:24:19.7387616+08:00" endTime="2026-05-27T12:24:21.7506457+08:00" testType="13cdc9d9-ddb5-4fa4-a97d-d965ccfc6d4b" outcome="Passed" testListId="8c84fa94-04c1-424b-9868-57a2d4851a1d" relativeResultsDirectory="a39018c6-34c0-46a8-9dd9-674d2485fb1c">
      <Output>
        <StdOut>Backend gRPC connected successfully.&#xD;
PASS: transform_scale_percent_50_gradient_horiz_rgb</StdOut>
      </Output>
    </UnitTestResult>
    <UnitTestResult executionId="e103ca6b-1c9f-4c2d-bf7b-3cfe3ce1c1fb" testId="45254649-8c2d-8a12-e0ce-fd3234106ab0" testName="Photopipeline.Tests.FunctionalTests.ApiChannel.PluginApiTests.ExecutePluginPipeline(tc: TestCaseDefinition { Id = plugin_0138, Name = avif_encoder_quality_60_color_bars_8bit, Category = plugin, Tags = System.String[], InputImage = color_bars_8bit, InputImages = , Pipeline = Photopipeline.Models.PipelineSpec, OutputFormat = PNG, OutputBitDepth = , OutputLossless = , TolerancePerChannel = 0, MinPSNR = , MinSSIM = , MaxDeltaE = , ExpectError = False, ExpectedErrorMessage = , SkipUiChannel = False, SkipApiChannel = False, IsSerialOnly = False })" computerName="WIN-GKU76LNHACV" duration="00:00:02.0351214" startTime="2026-05-27T12:28:55.5617855+08:00" endTime="2026-05-27T12:28:57.5974610+08:00" testType="13cdc9d9-ddb5-4fa4-a97d-d965ccfc6d4b" outcome="Failed" testListId="8c84fa94-04c1-424b-9868-57a2d4851a1d" relativeResultsDirectory="e103ca6b-1c9f-4c2d-bf7b-3cfe3ce1c1fb">
      <Output>
        <StdOut>Backend gRPC connected successfully.</StdOut>
        <ErrorInfo>
          <Message>System.InvalidOperationException : Failed to decode image: C:\Users\GMW\AppData\Local\Temp\photopipeline_tests\20260527_122855\avif_encoder_quality_60_color_bars_8bit\avif_encoder_quality_60_color_bars_8bit_output.avif</Message>
          <StackTrace>   at Photopipeline.Tests.FunctionalTests.Infrastructure.ImageAssert.LoadBitmap(String path) in c:\Data\code\photopipeline\gui\windows\Photopipeline.Tests\FunctionalTests\Infrastructure\ImageAssert.cs:line 237&#xD;
   at Photopipeline.Tests.FunctionalTests.Infrastructure.ImageAssert.IsValidFormat(String path, String expectedFormat, Nullable`1 expectedWidth, Nullable`1 expectedHeight, Nullable`1 expectedBitDepth) in c:\Data\code\photopipeline\gui\windows\Photopipeline.Tests\FunctionalTests\Infrastructure\ImageAssert.cs:line 123&#xD;
   at Photopipeline.Tests.FunctionalTests.ApiChannel.PluginApiTests.ExecutePluginPipeline(TestCaseDefinition tc) in c:\Data\code\photopipeline\gui\windows\Photopipeline.Tests\FunctionalTests\ApiChannel\PluginApiTests.cs:line 55&#xD;
--- End of stack trace from previous location ---</StackTrace>
        </ErrorInfo>
      </Output>
    </UnitTestResult>
    <UnitTestResult executionId="b980db82-1f6d-4005-874d-926a59b34f0c" testId="45254649-8c2d-8a12-e0ce-fd3234106ab0" testName="Photopipeline.Tests.FunctionalTests.ApiChannel.PluginApiTests.ExecutePluginPipeline(tc: TestCaseDefinition { Id = plugin_0029, Name = transform_default_all, Category = plugin, Tags = System.String[], InputImage = gradient_horiz_rgb, InputImages = , Pipeline = Photopipeline.Models.PipelineSpec, OutputFormat = PNG, OutputBitDepth = , OutputLossless = , TolerancePerChannel = 0, MinPSNR = , MinSSIM = , MaxDeltaE = , ExpectError = False, ExpectedErrorMessage = , SkipUiChannel = False, SkipApiChannel = False, IsSerialOnly = False })" computerName="WIN-GKU76LNHACV" duration="00:00:02.0310304" startTime="2026-05-27T12:25:16.1532155+08:00" endTime="2026-05-27T12:25:18.1859842+08:00" testType="13cdc9d9-ddb5-4fa4-a97d-d965ccfc6d4b" outcome="Passed" testListId="8c84fa94-04c1-424b-9868-57a2d4851a1d" relativeResultsDirectory="b980db82-1f6d-4005-874d-926a59b34f0c">
      <Output>
        <StdOut>Backend gRPC connected successfully.&#xD;
Determinism verified: two runs produce pixel-identical output&#xD;
PASS: transform_default_all</StdOut>
      </Output>
    </UnitTestResult>
    <UnitTestResult executionId="2144710b-b65a-4212-af71-dbe8f1429659" testId="45254649-8c2d-8a12-e0ce-fd3234106ab0" testName="Photopipeline.Tests.FunctionalTests.ApiChannel.PluginApiTests.ExecutePluginPipeline(tc: TestCaseDefinition { Id = plugin_0090, Name = lut3d_intensity_50_color_bars_8bit, Category = plugin, Tags = System.String[], InputImage = color_bars_8bit, InputImages = , Pipeline = Photopipeline.Models.PipelineSpec, OutputFormat = PNG, OutputBitDepth = , OutputLossless = , TolerancePerChannel = 0, MinPSNR = , MinSSIM = , MaxDeltaE = , ExpectError = False, ExpectedErrorMessage = , SkipUiChannel = False, SkipApiChannel = False, IsSerialOnly = False })" computerName="WIN-GKU76LNHACV" duration="00:00:02.0074057" startTime="2026-05-27T12:27:19.0685951+08:00" endTime="2026-05-27T12:27:21.0767966+08:00" testType="13cdc9d9-ddb5-4fa4-a97d-d965ccfc6d4b" outcome="Passed" testListId="8c84fa94-04c1-424b-9868-57a2d4851a1d" relativeResultsDirectory="2144710b-b65a-4212-af71-dbe8f1429659">
      <Output>
        <StdOut>Backend gRPC connected successfully.&#xD;
PASS: lut3d_intensity_50_color_bars_8bit</StdOut>
      </Output>
    </UnitTestResult>
    <UnitTestResult executionId="eef34043-3855-4e36-8d9a-5b3095c168a9" testId="45254649-8c2d-8a12-e0ce-fd3234106ab0" testName="Photopipeline.Tests.FunctionalTests.ApiChannel.PluginApiTests.ExecutePluginPipeline(tc: TestCaseDefinition { Id = plugin_0041, Name = colorspace_target_color_space_display_p3_gradient_horiz_rgb, Category = plugin, Tags = System.String[], InputImage = gradient_horiz_rgb, InputImages = , Pipeline = Photopipeline.Models.PipelineSpec, OutputFormat = PNG, OutputBitDepth = , OutputLossless = , TolerancePerChannel = 0, MinPSNR = , MinSSIM = , MaxDeltaE = , ExpectError = False, ExpectedErrorMessage = , SkipUiChannel = False, SkipApiChannel = False, IsSerialOnly = False })" computerName="WIN-GKU76LNHACV" duration="00:00:02.0216139" startTime="2026-05-27T12:25:40.4680258+08:00" endTime="2026-05-27T12:25:42.4902180+08:00" testType="13cdc9d9-ddb5-4fa4-a97d-d965ccfc6d4b" outcome="Passed" testListId="8c84fa94-04c1-424b-9868-57a2d4851a1d" relativeResultsDirectory="eef34043-3855-4e36-8d9a-5b3095c168a9">
      <Output>
        <StdOut>Backend gRPC connected successfully.&#xD;
PASS: colorspace_target_color_space_display_p3_gradient_horiz_rgb</StdOut>
      </Output>
    </UnitTestResult>
    <UnitTestResult executionId="3def987a-47d0-4bd0-b297-7aa1d8c83c91" testId="45254649-8c2d-8a12-e0ce-fd3234106ab0" testName="Photopipeline.Tests.FunctionalTests.ApiChannel.PluginApiTests.ExecutePluginPipeline(tc: TestCaseDefinition { Id = plugin_0068, Name = ai_denoise_denoise_strength_100_gradient_vert_rgb, Category = plugin, Tags = System.String[], InputImage = gradient_vert_rgb, InputImages = , Pipeline = Photopipeline.Models.PipelineSpec, OutputFormat = PNG, OutputBitDepth = , OutputLossless = , TolerancePerChannel = 0, MinPSNR = , MinSSIM = , MaxDeltaE = , ExpectError = False, ExpectedErrorMessage = , SkipUiChannel = False, SkipApiChannel = False, IsSerialOnly = False })" computerName="WIN-GKU76LNHACV" duration="00:00:02.0085808" startTime="2026-05-27T12:26:34.8799613+08:00" endTime="2026-05-27T12:26:36.8890147+08:00" testType="13cdc9d9-ddb5-4fa4-a97d-d965ccfc6d4b" outcome="Failed" testListId="8c84fa94-04c1-424b-9868-57a2d4851a1d" relativeResultsDirectory="3def987a-47d0-4bd0-b297-7aa1d8c83c91">
      <Output>
        <StdOut>Backend gRPC connected successfully.</StdOut>
        <ErrorInfo>
          <Message>System.IO.FileNotFoundException : Pipeline output not found: C:\Users\GMW\AppData\Local\Temp\photopipeline_tests\20260527_122634\ai_denoise_denoise_strength_100_gradient_vert_rgb\ai_denoise_denoise_strength_100_gradient_vert_rgb_output.png</Message>
          <StackTrace>   at Photopipeline.Tests.FunctionalTests.ApiChannel.ApiTestBase.ExecuteAndGetOutput(PipelineSpec spec, String inputImagePath, String outputPath, CancellationToken ct) in c:\Data\code\photopipeline\gui\windows\Photopipeline.Tests\FunctionalTests\ApiChannel\ApiTestBase.cs:line 97&#xD;
   at Photopipeline.Tests.FunctionalTests.ApiChannel.PluginApiTests.ExecutePluginPipeline(TestCaseDefinition tc) in c:\Data\code\photopipeline\gui\windows\Photopipeline.Tests\FunctionalTests\ApiChannel\PluginApiTests.cs:line 51&#xD;
--- End of stack trace from previous location ---</StackTrace>
        </ErrorInfo>
      </Output>
    </UnitTestResult>
    <UnitTestResult executionId="88175967-3c66-4298-a82d-2057c280a65b" testId="45254649-8c2d-8a12-e0ce-fd3234106ab0" testName="Photopipeline.Tests.FunctionalTests.ApiChannel.PluginApiTests.ExecutePluginPipeline(tc: TestCaseDefinition { Id = plugin_0017, Name = transform_angle_270_checkerboard_8x8, Category = plugin, Tags = System.String[], InputImage = checkerboard_8x8, InputImages = , Pipeline = Photopipeline.Models.PipelineSpec, OutputFormat = PNG, OutputBitDepth = , OutputLossless = , TolerancePerChannel = 0, MinPSNR = , MinSSIM = , MaxDeltaE = , ExpectError = False, ExpectedErrorMessage = , SkipUiChannel = False, SkipApiChannel = False, IsSerialOnly = False })" computerName="WIN-GKU76LNHACV" duration="00:00:02.0128239" startTime="2026-05-27T12:24:51.9987060+08:00" endTime="2026-05-27T12:24:54.0124791+08:00" testType="13cdc9d9-ddb5-4fa4-a97d-d965ccfc6d4b" outcome="Passed" testListId="8c84fa94-04c1-424b-9868-57a2d4851a1d" relativeResultsDirectory="88175967-3c66-4298-a82d-2057c280a65b">
      <Output>
        <StdOut>Backend gRPC connected successfully.&#xD;
PASS: transform_angle_270_checkerboard_8x8</StdOut>
      </Output>
    </UnitTestResult>
    <UnitTestResult executionId="26723bff-3265-48b4-a6d0-ca8065258a62" testId="45254649-8c2d-8a12-e0ce-fd3234106ab0" testName="Photopipeline.Tests.FunctionalTests.ApiChannel.PluginApiTests.ExecutePluginPipeline(tc: TestCaseDefinition { Id = plugin_0013, Name = transform_angle_270_gradient_horiz_rgb, Category = plugin, Tags = System.String[], InputImage = gradient_horiz_rgb, InputImages = , Pipeline = Photopipeline.Models.PipelineSpec, OutputFormat = PNG, OutputBitDepth = , OutputLossless = , TolerancePerChannel = 0, MinPSNR = , MinSSIM = , MaxDeltaE = , ExpectError = False, ExpectedErrorMessage = , SkipUiChannel = False, SkipApiChannel = False, IsSerialOnly = False })" computerName="WIN-GKU76LNHACV" duration="00:00:02.0184243" startTime="2026-05-27T12:24:43.9397215+08:00" endTime="2026-05-27T12:24:45.9590060+08:00" testType="13cdc9d9-ddb5-4fa4-a97d-d965ccfc6d4b" outcome="Passed" testListId="8c84fa94-04c1-424b-9868-57a2d4851a1d" relativeResultsDirectory="26723bff-3265-48b4-a6d0-ca8065258a62">
      <Output>
        <StdOut>Backend gRPC connected successfully.&#xD;
PASS: transform_angle_270_gradient_horiz_rgb</StdOut>
      </Output>
    </UnitTestResult>
    <UnitTestResult executionId="eec08eec-a569-405f-9c27-06c7875f0318" testId="45254649-8c2d-8a12-e0ce-fd3234106ab0" testName="Photopipeline.Tests.FunctionalTests.ApiChannel.PluginApiTests.ExecutePluginPipeline(tc: TestCaseDefinition { Id = plugin_0141, Name = avif_encoder_quality_60_gradient_horiz_rgb, Category = plugin, Tags = System.String[], InputImage = gradient_horiz_rgb, InputImages = , Pipeline = Photopipeline.Models.PipelineSpec, OutputFormat = PNG, OutputBitDepth = , OutputLossless = , TolerancePerChannel = 0, MinPSNR = , MinSSIM = , MaxDeltaE = , ExpectError = False, ExpectedErrorMessage = , SkipUiChannel = False, SkipApiChannel = False, IsSerialOnly = False })" computerName="WIN-GKU76LNHACV" duration="00:00:02.1792135" startTime="2026-05-27T12:29:01.7680981+08:00" endTime="2026-05-27T12:29:03.9477686+08:00" testType="13cdc9d9-ddb5-4fa4-a97d-d965ccfc6d4b" outcome="Failed" testListId="8c84fa94-04c1-424b-9868-57a2d4851a1d" relativeResultsDirectory="eec08eec-a569-405f-9c27-06c7875f0318">
      <Output>
        <StdOut>Backend gRPC connected successfully.</StdOut>
        <ErrorInfo>
          <Message>System.InvalidOperationException : Failed to decode image: C:\Users\GMW\AppData\Local\Temp\photopipeline_tests\20260527_122901\avif_encoder_quality_60_gradient_horiz_rgb\avif_encoder_quality_60_gradient_horiz_rgb_output.avif</Message>
          <StackTrace>   at Photopipeline.Tests.FunctionalTests.Infrastructure.ImageAssert.LoadBitmap(String path) in c:\Data\code\photopipeline\gui\windows\Photopipeline.Tests\FunctionalTests\Infrastructure\ImageAssert.cs:line 237&#xD;
   at Photopipeline.Tests.FunctionalTests.Infrastructure.ImageAssert.IsValidFormat(String path, String expectedFormat, Nullable`1 expectedWidth, Nullable`1 expectedHeight, Nullable`1 expectedBitDepth) in c:\Data\code\photopipeline\gui\windows\Photopipeline.Tests\FunctionalTests\Infrastructure\ImageAssert.cs:line 123&#xD;
   at Photopipeline.Tests.FunctionalTests.ApiChannel.PluginApiTests.ExecutePluginPipeline(TestCaseDefinition tc) in c:\Data\code\photopipeline\gui\windows\Photopipeline.Tests\FunctionalTests\ApiChannel\PluginApiTests.cs:line 55&#xD;
--- End of stack trace from previous location ---</StackTrace>
        </ErrorInfo>
      </Output>
    </UnitTestResult>
    <UnitTestResult executionId="00bfe70d-b296-4fa8-8a1d-8aac61db1c90" testId="45254649-8c2d-8a12-e0ce-fd3234106ab0" testName="Photopipeline.Tests.FunctionalTests.ApiChannel.PluginApiTests.ExecutePluginPipeline(tc: TestCaseDefinition { Id = plugin_0094, Name = lut3d_intensity_100_gradient_horiz_rgb, Category = plugin, Tags = System.String[], InputImage = gradient_horiz_rgb, InputImages = , Pipeline = Photopipeline.Models.PipelineSpec, OutputFormat = PNG, OutputBitDepth = , OutputLossless = , TolerancePerChannel = 0, MinPSNR = , MinSSIM = , MaxDeltaE = , ExpectError = False, ExpectedErrorMessage = , SkipUiChannel = False, SkipApiChannel = False, IsSerialOnly = False })" computerName="WIN-GKU76LNHACV" duration="00:00:02.0082718" startTime="2026-05-27T12:27:27.1013693+08:00" endTime="2026-05-27T12:27:29.1100813+08:00" testType="13cdc9d9-ddb5-4fa4-a97d-d965ccfc6d4b" outcome="Passed" testListId="8c84fa94-04c1-424b-9868-57a2d4851a1d" relativeResultsDirectory="00bfe70d-b296-4fa8-8a1d-8aac61db1c90">
      <Output>
        <StdOut>Backend gRPC connected successfully.&#xD;
PASS: lut3d_intensity_100_gradient_horiz_rgb</StdOut>
      </Output>
    </UnitTestResult>
    <UnitTestResult executionId="17172082-c557-416a-a52e-6b2da18291eb" testId="45254649-8c2d-8a12-e0ce-fd3234106ab0" testName="Photopipeline.Tests.FunctionalTests.ApiChannel.PluginApiTests.ExecutePluginPipeline(tc: TestCaseDefinition { Id = plugin_0156, Name = heif_encoder_quality_95_gradient_horiz_rgb, Category = plugin, Tags = System.String[], InputImage = gradient_horiz_rgb, InputImages = , Pipeline = Photopipeline.Models.PipelineSpec, OutputFormat = PNG, OutputBitDepth = , OutputLossless = , TolerancePerChannel = 0, MinPSNR = , MinSSIM = , MaxDeltaE = , ExpectError = False, ExpectedErrorMessage = , SkipUiChannel = False, SkipApiChannel = False, IsSerialOnly = False })" computerName="WIN-GKU76LNHACV" duration="00:00:02.0077769" startTime="2026-05-27T12:29:32.3479725+08:00" endTime="2026-05-27T12:29:34.3561916+08:00" testType="13cdc9d9-ddb5-4fa4-a97d-d965ccfc6d4b" outcome="Failed" testListId="8c84fa94-04c1-424b-9868-57a2d4851a1d" relativeResultsDirectory="17172082-c557-416a-a52e-6b2da18291eb">
      <Output>
        <StdOut>Backend gRPC connected successfully.</StdOut>
        <ErrorInfo>
          <Message>System.IO.FileNotFoundException : Pipeline output not found: C:\Users\GMW\AppData\Local\Temp\photopipeline_tests\20260527_122932\heif_encoder_quality_95_gradient_horiz_rgb\heif_encoder_quality_95_gradient_horiz_rgb_output.heif</Message>
          <StackTrace>   at Photopipeline.Tests.FunctionalTests.ApiChannel.ApiTestBase.ExecuteAndGetOutput(PipelineSpec spec, String inputImagePath, String outputPath, CancellationToken ct) in c:\Data\code\photopipeline\gui\windows\Photopipeline.Tests\FunctionalTests\ApiChannel\ApiTestBase.cs:line 97&#xD;
   at Photopipeline.Tests.FunctionalTests.ApiChannel.PluginApiTests.ExecutePluginPipeline(TestCaseDefinition tc) in c:\Data\code\photopipeline\gui\windows\Photopipeline.Tests\FunctionalTests\ApiChannel\PluginApiTests.cs:line 51&#xD;
--- End of stack trace from previous location ---</StackTrace>
        </ErrorInfo>
      </Output>
    </UnitTestResult>
    <UnitTestResult executionId="9d7cf800-d9a5-45e5-943a-509bfeabdc11" testId="45254649-8c2d-8a12-e0ce-fd3234106ab0" testName="Photopipeline.Tests.FunctionalTests.ApiChannel.PluginApiTests.ExecutePluginPipeline(tc: TestCaseDefinition { Id = plugin_0142, Name = avif_encoder_quality_90_gradient_horiz_rgb, Category = plugin, Tags = System.String[], InputImage = gradient_horiz_rgb, InputImages = , Pipeline = Photopipeline.Models.PipelineSpec, OutputFormat = PNG, OutputBitDepth = , OutputLossless = , TolerancePerChannel = 0, MinPSNR = , MinSSIM = , MaxDeltaE = , ExpectError = False, ExpectedErrorMessage = , SkipUiChannel = False, SkipApiChannel = False, IsSerialOnly = False })" computerName="WIN-GKU76LNHACV" duration="00:00:02.1756436" startTime="2026-05-27T12:29:03.9479305+08:00" endTime="2026-05-27T12:29:06.1248862+08:00" testType="13cdc9d9-ddb5-4fa4-a97d-d965ccfc6d4b" outcome="Failed" testListId="8c84fa94-04c1-424b-9868-57a2d4851a1d" relativeResultsDirectory="9d7cf800-d9a5-45e5-943a-509bfeabdc11">
      <Output>
        <StdOut>Backend gRPC connected successfully.</StdOut>
        <ErrorInfo>
          <Message>System.InvalidOperationException : Failed to decode image: C:\Users\GMW\AppData\Local\Temp\photopipeline_tests\20260527_122903\avif_encoder_quality_90_gradient_horiz_rgb\avif_encoder_quality_90_gradient_horiz_rgb_output.avif</Message>
          <StackTrace>   at Photopipeline.Tests.FunctionalTests.Infrastructure.ImageAssert.LoadBitmap(String path) in c:\Data\code\photopipeline\gui\windows\Photopipeline.Tests\FunctionalTests\Infrastructure\ImageAssert.cs:line 237&#xD;
   at Photopipeline.Tests.FunctionalTests.Infrastructure.ImageAssert.IsValidFormat(String path, String expectedFormat, Nullable`1 expectedWidth, Nullable`1 expectedHeight, Nullable`1 expectedBitDepth) in c:\Data\code\photopipeline\gui\windows\Photopipeline.Tests\FunctionalTests\Infrastructure\ImageAssert.cs:line 123&#xD;
   at Photopipeline.Tests.FunctionalTests.ApiChannel.PluginApiTests.ExecutePluginPipeline(TestCaseDefinition tc) in c:\Data\code\photopipeline\gui\windows\Photopipeline.Tests\FunctionalTests\ApiChannel\PluginApiTests.cs:line 55&#xD;
--- End of stack trace from previous location ---</StackTrace>
        </ErrorInfo>
      </Output>
    </UnitTestResult>
    <UnitTestResult executionId="45dc7ed4-49dc-46b7-b305-db39bf810799" testId="45254649-8c2d-8a12-e0ce-fd3234106ab0" testName="Photopipeline.Tests.FunctionalTests.ApiChannel.PluginApiTests.ExecutePluginPipeline(tc: TestCaseDefinition { Id = plugin_0007, Name = transform_scale_percent_50_color_bars_8bit, Category = plugin, Tags = System.String[], InputImage = color_bars_8bit, InputImages = , Pipeline = Photopipeline.Models.PipelineSpec, OutputFormat = PNG, OutputBitDepth = , OutputLossless = , TolerancePerChannel = 0, MinPSNR = , MinSSIM = , MaxDeltaE = , ExpectError = False, ExpectedErrorMessage = , SkipUiChannel = False, SkipApiChannel = False, IsSerialOnly = False })" computerName="WIN-GKU76LNHACV" duration="00:00:02.0085726" startTime="2026-05-27T12:24:31.8329183+08:00" endTime="2026-05-27T12:24:33.8430709+08:00" testType="13cdc9d9-ddb5-4fa4-a97d-d965ccfc6d4b" outcome="Passed" testListId="8c84fa94-04c1-424b-9868-57a2d4851a1d" relativeResultsDirectory="45dc7ed4-49dc-46b7-b305-db39bf810799">
      <Output>
        <StdOut>Backend gRPC connected successfully.&#xD;
PASS: transform_scale_percent_50_color_bars_8bit</StdOut>
      </Output>
    </UnitTestResult>
    <UnitTestResult executionId="22f580df-b9b9-4512-ab42-59f0821589ae" testId="45254649-8c2d-8a12-e0ce-fd3234106ab0" testName="Photopipeline.Tests.FunctionalTests.ApiChannel.PluginApiTests.ExecutePluginPipeline(tc: TestCaseDefinition { Id = plugin_0117, Name = raw_input_default_all, Category = plugin, Tags = System.String[], InputImage = gradient_horiz_rgb, InputImages = , Pipeline = Photopipeline.Models.PipelineSpec, OutputFormat = PNG, OutputBitDepth = , OutputLossless = , TolerancePerChannel = 0, MinPSNR = , MinSSIM = , MaxDeltaE = , ExpectError = False, ExpectedErrorMessage = , SkipUiChannel = False, SkipApiChannel = False, IsSerialOnly = False })" computerName="WIN-GKU76LNHACV" duration="00:00:02.0133853" startTime="2026-05-27T12:28:13.3121526+08:00" endTime="2026-05-27T12:28:15.3259882+08:00" testType="13cdc9d9-ddb5-4fa4-a97d-d965ccfc6d4b" outcome="Passed" testListId="8c84fa94-04c1-424b-9868-57a2d4851a1d" relativeResultsDirectory="22f580df-b9b9-4512-ab42-59f0821589ae">
      <Output>
        <StdOut>Backend gRPC connected successfully.&#xD;
Determinism verified: two runs produce pixel-identical output&#xD;
PASS: raw_input_default_all</StdOut>
      </Output>
    </UnitTestResult>
    <UnitTestResult executionId="51814746-584b-432b-94a4-d975dc371c7d" testId="45254649-8c2d-8a12-e0ce-fd3234106ab0" testName="Photopipeline.Tests.FunctionalTests.ApiChannel.PluginApiTests.ExecutePluginPipeline(tc: TestCaseDefinition { Id = plugin_0128, Name = png_encoder_bit_depth_16_checkerboard_8x8, Category = plugin, Tags = System.String[], InputImage = checkerboard_8x8, InputImages = , Pipeline = Photopipeline.Models.PipelineSpec, OutputFormat = PNG, OutputBitDepth = , OutputLossless = , TolerancePerChannel = 0, MinPSNR = , MinSSIM = , MaxDeltaE = , ExpectError = False, ExpectedErrorMessage = , SkipUiChannel = False, SkipApiChannel = False, IsSerialOnly = False })" computerName="WIN-GKU76LNHACV" duration="00:00:02.0075040" startTime="2026-05-27T12:28:35.4343586+08:00" endTime="2026-05-27T12:28:37.4422726+08:00" testType="13cdc9d9-ddb5-4fa4-a97d-d965ccfc6d4b" outcome="Passed" testListId="8c84fa94-04c1-424b-9868-57a2d4851a1d" relativeResultsDirectory="51814746-584b-432b-94a4-d975dc371c7d">
      <Output>
        <StdOut>Backend gRPC connected successfully.&#xD;
PASS: png_encoder_bit_depth_16_checkerboard_8x8</StdOut>
      </Output>
    </UnitTestResult>
    <UnitTestResult executionId="fbe5d325-954c-47d6-ba4d-da22cff1ffed" testId="45254649-8c2d-8a12-e0ce-fd3234106ab0" testName="Photopipeline.Tests.FunctionalTests.ApiChannel.PluginApiTests.ExecutePluginPipeline(tc: TestCaseDefinition { Id = plugin_0005, Name = transform_scale_percent_200_checkerboard_8x8, Category = plugin, Tags = System.String[], InputImage = checkerboard_8x8, InputImages = , Pipeline = Photopipeline.Models.PipelineSpec, OutputFormat = PNG, OutputBitDepth = , OutputLossless = , TolerancePerChannel = 0, MinPSNR = , MinSSIM = , MaxDeltaE = , ExpectError = False, ExpectedErrorMessage = , SkipUiChannel = False, SkipApiChannel = False, IsSerialOnly = False })" computerName="WIN-GKU76LNHACV" duration="00:00:02.0180120" startTime="2026-05-27T12:24:27.8005835+08:00" endTime="2026-05-27T12:24:29.8192898+08:00" testType="13cdc9d9-ddb5-4fa4-a97d-d965ccfc6d4b" outcome="Passed" testListId="8c84fa94-04c1-424b-9868-57a2d4851a1d" relativeResultsDirectory="fbe5d325-954c-47d6-ba4d-da22cff1ffed">
      <Output>
        <StdOut>Backend gRPC connected successfully.&#xD;
PASS: transform_scale_percent_200_checkerboard_8x8</StdOut>
      </Output>
    </UnitTestResult>
    <UnitTestResult executionId="e54a7d07-75db-4ffc-8477-60db6cfcfc37" testId="45254649-8c2d-8a12-e0ce-fd3234106ab0" testName="Photopipeline.Tests.FunctionalTests.ApiChannel.PluginApiTests.ExecutePluginPipeline(tc: TestCaseDefinition { Id = plugin_0089, Name = lut3d_intensity_0_color_bars_8bit, Category = plugin, Tags = System.String[], InputImage = color_bars_8bit, InputImages = , Pipeline = Photopipeline.Models.PipelineSpec, OutputFormat = PNG, OutputBitDepth = , OutputLossless = , TolerancePerChannel = 0, MinPSNR = , MinSSIM = , MaxDeltaE = , ExpectError = False, ExpectedErrorMessage = , SkipUiChannel = False, SkipApiChannel = False, IsSerialOnly = False })" computerName="WIN-GKU76LNHACV" duration="00:00:02.0096603" startTime="2026-05-27T12:27:17.0585245+08:00" endTime="2026-05-27T12:27:19.0685702+08:00" testType="13cdc9d9-ddb5-4fa4-a97d-d965ccfc6d4b" outcome="Passed" testListId="8c84fa94-04c1-424b-9868-57a2d4851a1d" relativeResultsDirectory="e54a7d07-75db-4ffc-8477-60db6cfcfc37">
      <Output>
        <StdOut>Backend gRPC connected successfully.&#xD;
PASS: lut3d_intensity_0_color_bars_8bit</StdOut>
      </Output>
    </UnitTestResult>
    <UnitTestResult executionId="b786eb16-54d2-4df2-b2f4-2f23ae6096fb" testId="45254649-8c2d-8a12-e0ce-fd3234106ab0" testName="Photopipeline.Tests.FunctionalTests.ApiChannel.PluginApiTests.ExecutePluginPipeline(tc: TestCaseDefinition { Id = plugin_0048, Name = colorspace_rendering_intent_perceptual_pure_red_small, Category = plugin, Tags = System.String[], InputImage = pure_red_small, InputImages = , Pipeline = Photopipeline.Models.PipelineSpec, OutputFormat = PNG, OutputBitDepth = , OutputLossless = , TolerancePerChannel = 0, MinPSNR = , MinSSIM = , MaxDeltaE = , ExpectError = False, ExpectedErrorMessage = , SkipUiChannel = False, SkipApiChannel = False, IsSerialOnly = False })" computerName="WIN-GKU76LNHACV" duration="00:00:02.0084341" startTime="2026-05-27T12:25:54.5950528+08:00" endTime="2026-05-27T12:25:56.6043807+08:00" testType="13cdc9d9-ddb5-4fa4-a97d-d965ccfc6d4b" outcome="Passed" testListId="8c84fa94-04c1-424b-9868-57a2d4851a1d" relativeResultsDirectory="b786eb16-54d2-4df2-b2f4-2f23ae6096fb">
      <Output>
        <StdOut>Backend gRPC connected successfully.&#xD;
PASS: colorspace_rendering_intent_perceptual_pure_red_small</StdOut>
      </Output>
    </UnitTestResult>
    <UnitTestResult executionId="09164a6b-6471-4aae-938b-49e9e94d074b" testId="45254649-8c2d-8a12-e0ce-fd3234106ab0" testName="Photopipeline.Tests.FunctionalTests.ApiChannel.PluginApiTests.ExecutePluginPipeline(tc: TestCaseDefinition { Id = plugin_0132, Name = tiff_encoder_compression_deflate_color_bars_8bit, Category = plugin, Tags = System.String[], InputImage = color_bars_8bit, InputImages = , Pipeline = Photopipeline.Models.PipelineSpec, OutputFormat = PNG, OutputBitDepth = , OutputLossless = , TolerancePerChannel = 0, MinPSNR = , MinSSIM = , MaxDeltaE = , ExpectError = False, ExpectedErrorMessage = , SkipUiChannel = False, SkipApiChannel = False, IsSerialOnly = False })" computerName="WIN-GKU76LNHACV" duration="00:00:02.0087438" startTime="2026-05-27T12:28:43.4772531+08:00" endTime="2026-05-27T12:28:45.4864288+08:00" testType="13cdc9d9-ddb5-4fa4-a97d-d965ccfc6d4b" outcome="Failed" testListId="8c84fa94-04c1-424b-9868-57a2d4851a1d" relativeResultsDirectory="09164a6b-6471-4aae-938b-49e9e94d074b">
      <Output>
        <StdOut>Backend gRPC connected successfully.</StdOut>
        <ErrorInfo>
          <Message>System.InvalidOperationException : Failed to decode image: C:\Users\GMW\AppData\Local\Temp\photopipeline_tests\20260527_122843\tiff_encoder_compression_deflate_color_bars_8bit\tiff_encoder_compression_deflate_color_bars_8bit_output.tif</Message>
          <StackTrace>   at Photopipeline.Tests.FunctionalTests.Infrastructure.ImageAssert.LoadBitmap(String path) in c:\Data\code\photopipeline\gui\windows\Photopipeline.Tests\FunctionalTests\Infrastructure\ImageAssert.cs:line 237&#xD;
   at Photopipeline.Tests.FunctionalTests.Infrastructure.ImageAssert.IsValidFormat(String path, String expectedFormat, Nullable`1 expectedWidth, Nullable`1 expectedHeight, Nullable`1 expectedBitDepth) in c:\Data\code\photopipeline\gui\windows\Photopipeline.Tests\FunctionalTests\Infrastructure\ImageAssert.cs:line 123&#xD;
   at Photopipeline.Tests.FunctionalTests.ApiChannel.PluginApiTests.ExecutePluginPipeline(TestCaseDefinition tc) in c:\Data\code\photopipeline\gui\windows\Photopipeline.Tests\FunctionalTests\ApiChannel\PluginApiTests.cs:line 55&#xD;
--- End of stack trace from previous location ---</StackTrace>
        </ErrorInfo>
      </Output>
    </UnitTestResult>
    <UnitTestResult executionId="aee943af-df58-4edf-9b24-35283bb7a041" testId="45254649-8c2d-8a12-e0ce-fd3234106ab0" testName="Photopipeline.Tests.FunctionalTests.ApiChannel.PluginApiTests.ExecutePluginPipeline(tc: TestCaseDefinition { Id = plugin_0016, Name = transform_angle_180_checkerboard_8x8, Category = plugin, Tags = System.String[], InputImage = checkerboard_8x8, InputImages = , Pipeline = Photopipeline.Models.PipelineSpec, OutputFormat = PNG, OutputBitDepth = , OutputLossless = , TolerancePerChannel = 0, MinPSNR = , MinSSIM = , MaxDeltaE = , ExpectError = False, ExpectedErrorMessage = , SkipUiChannel = False, SkipApiChannel = False, IsSerialOnly = False })" computerName="WIN-GKU76LNHACV" duration="00:00:02.0126174" startTime="2026-05-27T12:24:49.9854173+08:00" endTime="2026-05-27T12:24:51.9986410+08:00" testType="13cdc9d9-ddb5-4fa4-a97d-d965ccfc6d4b" outcome="Passed" testListId="8c84fa94-04c1-424b-9868-57a2d4851a1d" relativeResultsDirectory="aee943af-df58-4edf-9b24-35283bb7a041">
      <Output>
        <StdOut>Backend gRPC connected successfully.&#xD;
PASS: transform_angle_180_checkerboard_8x8</StdOut>
      </Output>
    </UnitTestResult>
    <UnitTestResult executionId="4036e6f4-2c84-4958-9409-5cae88bb48d6" testId="45254649-8c2d-8a12-e0ce-fd3234106ab0" testName="Photopipeline.Tests.FunctionalTests.ApiChannel.PluginApiTests.ExecutePluginPipeline(tc: TestCaseDefinition { Id = plugin_0083, Name = ai_denoise_default_all, Category = plugin, Tags = System.String[], InputImage = noise_grain, InputImages = , Pipeline = Photopipeline.Models.PipelineSpec, OutputFormat = PNG, OutputBitDepth = , OutputLossless = , TolerancePerChannel = 0, MinPSNR = , MinSSIM = , MaxDeltaE = , ExpectError = False, ExpectedErrorMessage = , SkipUiChannel = False, SkipApiChannel = False, IsSerialOnly = False })" computerName="WIN-GKU76LNHACV" duration="00:00:02.0078288" startTime="2026-05-27T12:27:05.0079918+08:00" endTime="2026-05-27T12:27:07.0162806+08:00" testType="13cdc9d9-ddb5-4fa4-a97d-d965ccfc6d4b" outcome="Failed" testListId="8c84fa94-04c1-424b-9868-57a2d4851a1d" relativeResultsDirectory="4036e6f4-2c84-4958-9409-5cae88bb48d6">
      <Output>
        <StdOut>Backend gRPC connected successfully.</StdOut>
        <ErrorInfo>
          <Message>System.IO.FileNotFoundException : Pipeline output not found: C:\Users\GMW\AppData\Local\Temp\photopipeline_tests\20260527_122705\ai_denoise_default_all\ai_denoise_default_all_output.png</Message>
          <StackTrace>   at Photopipeline.Tests.FunctionalTests.ApiChannel.ApiTestBase.ExecuteAndGetOutput(PipelineSpec spec, String inputImagePath, String outputPath, CancellationToken ct) in c:\Data\code\photopipeline\gui\windows\Photopipeline.Tests\FunctionalTests\ApiChannel\ApiTestBase.cs:line 97&#xD;
   at Photopipeline.Tests.FunctionalTests.ApiChannel.ApiTestBase.ExecuteTwiceAndAssertDeterministic(PipelineSpec spec, String inputPath, String outputPath, TestOutputManager outputMgr, CancellationToken ct) in c:\Data\code\photopipeline\gui\windows\Photopipeline.Tests\FunctionalTests\ApiChannel\ApiTestBase.cs:line 120&#xD;
   at Photopipeline.Tests.FunctionalTests.ApiChannel.PluginApiTests.ExecutePluginPipeline(TestCaseDefinition tc) in c:\Data\code\photopipeline\gui\windows\Photopipeline.Tests\FunctionalTests\ApiChannel\PluginApiTests.cs:line 47&#xD;
--- End of stack trace from previous location ---</StackTrace>
        </ErrorInfo>
      </Output>
    </UnitTestResult>
    <UnitTestResult executionId="9200bd7d-6b37-4cff-8101-b2e8d5716555" testId="45254649-8c2d-8a12-e0ce-fd3234106ab0" testName="Photopipeline.Tests.FunctionalTests.ApiChannel.PluginApiTests.ExecutePluginPipeline(tc: TestCaseDefinition { Id = plugin_0152, Name = heif_encoder_quality_60_color_bars_8bit, Category = plugin, Tags = System.String[], InputImage = color_bars_8bit, InputImages = , Pipeline = Photopipeline.Models.PipelineSpec, OutputFormat = PNG, OutputBitDepth = , OutputLossless = , TolerancePerChannel = 0, MinPSNR = , MinSSIM = , MaxDeltaE = , ExpectError = False, ExpectedErrorMessage = , SkipUiChannel = False, SkipApiChannel = False, IsSerialOnly = False })" computerName="WIN-GKU76LNHACV" duration="00:00:02.0067261" startTime="2026-05-27T12:29:24.3203265+08:00" endTime="2026-05-27T12:29:26.3276129+08:00" testType="13cdc9d9-ddb5-4fa4-a97d-d965ccfc6d4b" outcome="Failed" testListId="8c84fa94-04c1-424b-9868-57a2d4851a1d" relativeResultsDirectory="9200bd7d-6b37-4cff-8101-b2e8d5716555">
      <Output>
        <StdOut>Backend gRPC connected successfully.</StdOut>
        <ErrorInfo>
          <Message>System.IO.FileNotFoundException : Pipeline output not found: C:\Users\GMW\AppData\Local\Temp\photopipeline_tests\20260527_122924\heif_encoder_quality_60_color_bars_8bit\heif_encoder_quality_60_color_bars_8bit_output.heif</Message>
          <StackTrace>   at Photopipeline.Tests.FunctionalTests.ApiChannel.ApiTestBase.ExecuteAndGetOutput(PipelineSpec spec, String inputImagePath, String outputPath, CancellationToken ct) in c:\Data\code\photopipeline\gui\windows\Photopipeline.Tests\FunctionalTests\ApiChannel\ApiTestBase.cs:line 97&#xD;
   at Photopipeline.Tests.FunctionalTests.ApiChannel.PluginApiTests.ExecutePluginPipeline(TestCaseDefinition tc) in c:\Data\code\photopipeline\gui\windows\Photopipeline.Tests\FunctionalTests\ApiChannel\PluginApiTests.cs:line 51&#xD;
--- End of stack trace from previous location ---</StackTrace>
        </ErrorInfo>
      </Output>
    </UnitTestResult>
    <UnitTestResult executionId="550be1dc-1d39-4418-a142-6606fb4d46ee" testId="45254649-8c2d-8a12-e0ce-fd3234106ab0" testName="Photopipeline.Tests.FunctionalTests.ApiChannel.PluginApiTests.ExecutePluginPipeline(tc: TestCaseDefinition { Id = plugin_0146, Name = jxl_encoder_quality_90_color_bars_8bit, Category = plugin, Tags = System.String[], InputImage = color_bars_8bit, InputImages = , Pipeline = Photopipeline.Models.PipelineSpec, OutputFormat = PNG, OutputBitDepth = , OutputLossless = , TolerancePerChannel = 0, MinPSNR = , MinSSIM = , MaxDeltaE = , ExpectError = False, ExpectedErrorMessage = , SkipUiChannel = False, SkipApiChannel = False, IsSerialOnly = False })" computerName="WIN-GKU76LNHACV" duration="00:00:02.0067051" startTime="2026-05-27T12:29:12.2670757+08:00" endTime="2026-05-27T12:29:14.2742470+08:00" testType="13cdc9d9-ddb5-4fa4-a97d-d965ccfc6d4b" outcome="Failed" testListId="8c84fa94-04c1-424b-9868-57a2d4851a1d" relativeResultsDirectory="550be1dc-1d39-4418-a142-6606fb4d46ee">
      <Output>
        <StdOut>Backend gRPC connected successfully.</StdOut>
        <ErrorInfo>
          <Message>System.IO.FileNotFoundException : Pipeline output not found: C:\Users\GMW\AppData\Local\Temp\photopipeline_tests\20260527_122912\jxl_encoder_quality_90_color_bars_8bit\jxl_encoder_quality_90_color_bars_8bit_output.jxl</Message>
          <StackTrace>   at Photopipeline.Tests.FunctionalTests.ApiChannel.ApiTestBase.ExecuteAndGetOutput(PipelineSpec spec, String inputImagePath, String outputPath, CancellationToken ct) in c:\Data\code\photopipeline\gui\windows\Photopipeline.Tests\FunctionalTests\ApiChannel\ApiTestBase.cs:line 97&#xD;
   at Photopipeline.Tests.FunctionalTests.ApiChannel.PluginApiTests.ExecutePluginPipeline(TestCaseDefinition tc) in c:\Data\code\photopipeline\gui\windows\Photopipeline.Tests\FunctionalTests\ApiChannel\PluginApiTests.cs:line 51&#xD;
--- End of stack trace from previous location ---</StackTrace>
        </ErrorInfo>
      </Output>
    </UnitTestResult>
    <UnitTestResult executionId="2d235cf5-1697-4425-a0df-ea771e924158" testId="45254649-8c2d-8a12-e0ce-fd3234106ab0" testName="Photopipeline.Tests.FunctionalTests.ApiChannel.PluginApiTests.ExecutePluginPipeline(tc: TestCaseDefinition { Id = plugin_0133, Name = tiff_encoder_compression_none_gradient_horiz_rgb, Category = plugin, Tags = System.String[], InputImage = gradient_horiz_rgb, InputImages = , Pipeline = Photopipeline.Models.PipelineSpec, OutputFormat = PNG, OutputBitDepth = , OutputLossless = , TolerancePerChannel = 0, MinPSNR = , MinSSIM = , MaxDeltaE = , ExpectError = False, ExpectedErrorMessage = , SkipUiChannel = False, SkipApiChannel = False, IsSerialOnly = False })" computerName="WIN-GKU76LNHACV" duration="00:00:02.0103593" startTime="2026-05-27T12:28:45.4865908+08:00" endTime="2026-05-27T12:28:47.4976116+08:00" testType="13cdc9d9-ddb5-4fa4-a97d-d965ccfc6d4b" outcome="Failed" testListId="8c84fa94-04c1-424b-9868-57a2d4851a1d" relativeResultsDirectory="2d235cf5-1697-4425-a0df-ea771e924158">
      <Output>
        <StdOut>Backend gRPC connected successfully.</StdOut>
        <ErrorInfo>
          <Message>System.InvalidOperationException : Failed to decode image: C:\Users\GMW\AppData\Local\Temp\photopipeline_tests\20260527_122845\tiff_encoder_compression_none_gradient_horiz_rgb\tiff_encoder_compression_none_gradient_horiz_rgb_output.tif</Message>
          <StackTrace>   at Photopipeline.Tests.FunctionalTests.Infrastructure.ImageAssert.LoadBitmap(String path) in c:\Data\code\photopipeline\gui\windows\Photopipeline.Tests\FunctionalTests\Infrastructure\ImageAssert.cs:line 237&#xD;
   at Photopipeline.Tests.FunctionalTests.Infrastructure.ImageAssert.IsValidFormat(String path, String expectedFormat, Nullable`1 expectedWidth, Nullable`1 expectedHeight, Nullable`1 expectedBitDepth) in c:\Data\code\photopipeline\gui\windows\Photopipeline.Tests\FunctionalTests\Infrastructure\ImageAssert.cs:line 123&#xD;
   at Photopipeline.Tests.FunctionalTests.ApiChannel.PluginApiTests.ExecutePluginPipeline(TestCaseDefinition tc) in c:\Data\code\photopipeline\gui\windows\Photopipeline.Tests\FunctionalTests\ApiChannel\PluginApiTests.cs:line 55&#xD;
--- End of stack trace from previous location ---</StackTrace>
        </ErrorInfo>
      </Output>
    </UnitTestResult>
    <UnitTestResult executionId="8572e114-633b-4031-a891-3b888246c60e" testId="45254649-8c2d-8a12-e0ce-fd3234106ab0" testName="Photopipeline.Tests.FunctionalTests.ApiChannel.PluginApiTests.ExecutePluginPipeline(tc: TestCaseDefinition { Id = plugin_0078, Name = ai_denoise_detail_preservation_50_gradient_vert_rgb, Category = plugin, Tags = System.String[], InputImage = gradient_vert_rgb, InputImages = , Pipeline = Photopipeline.Models.PipelineSpec, OutputFormat = PNG, OutputBitDepth = , OutputLossless = , TolerancePerChannel = 0, MinPSNR = , MinSSIM = , MaxDeltaE = , ExpectError = False, ExpectedErrorMessage = , SkipUiChannel = False, SkipApiChannel = False, IsSerialOnly = False })" computerName="WIN-GKU76LNHACV" duration="00:00:02.0085500" startTime="2026-05-27T12:26:54.9629971+08:00" endTime="2026-05-27T12:26:56.9719940+08:00" testType="13cdc9d9-ddb5-4fa4-a97d-d965ccfc6d4b" outcome="Failed" testListId="8c84fa94-04c1-424b-9868-57a2d4851a1d" relativeResultsDirectory="8572e114-633b-4031-a891-3b888246c60e">
      <Output>
        <StdOut>Backend gRPC connected successfully.</StdOut>
        <ErrorInfo>
          <Message>System.IO.FileNotFoundException : Pipeline output not found: C:\Users\GMW\AppData\Local\Temp\photopipeline_tests\20260527_122654\ai_denoise_detail_preservation_50_gradient_vert_rgb\ai_denoise_detail_preservation_50_gradient_vert_rgb_output.png</Message>
          <StackTrace>   at Photopipeline.Tests.FunctionalTests.ApiChannel.ApiTestBase.ExecuteAndGetOutput(PipelineSpec spec, String inputImagePath, String outputPath, CancellationToken ct) in c:\Data\code\photopipeline\gui\windows\Photopipeline.Tests\FunctionalTests\ApiChannel\ApiTestBase.cs:line 97&#xD;
   at Photopipeline.Tests.FunctionalTests.ApiChannel.PluginApiTests.ExecutePluginPipeline(TestCaseDefinition tc) in c:\Data\code\photopipeline\gui\windows\Photopipeline.Tests\FunctionalTests\ApiChannel\PluginApiTests.cs:line 51&#xD;
--- End of stack trace from previous location ---</StackTrace>
        </ErrorInfo>
      </Output>
    </UnitTestResult>
    <UnitTestResult executionId="a92e629d-b0a9-439e-b1f0-b9f56dac611d" testId="45254649-8c2d-8a12-e0ce-fd3234106ab0" testName="Photopipeline.Tests.FunctionalTests.ApiChannel.PluginApiTests.ExecutePluginPipeline(tc: TestCaseDefinition { Id = plugin_0081, Name = ai_denoise_detail_preservation_50_checkerboard_8x8, Category = plugin, Tags = System.String[], InputImage = checkerboard_8x8, InputImages = , Pipeline = Photopipeline.Models.PipelineSpec, OutputFormat = PNG, OutputBitDepth = , OutputLossless = , TolerancePerChannel = 0, MinPSNR = , MinSSIM = , MaxDeltaE = , ExpectError = False, ExpectedErrorMessage = , SkipUiChannel = False, SkipApiChannel = False, IsSerialOnly = False })" computerName="WIN-GKU76LNHACV" duration="00:00:02.0072458" startTime="2026-05-27T12:27:00.9919644+08:00" endTime="2026-05-27T12:27:02.9996790+08:00" testType="13cdc9d9-ddb5-4fa4-a97d-d965ccfc6d4b" outcome="Failed" testListId="8c84fa94-04c1-424b-9868-57a2d4851a1d" relativeResultsDirectory="a92e629d-b0a9-439e-b1f0-b9f56dac611d">
      <Output>
        <StdOut>Backend gRPC connected successfully.</StdOut>
        <ErrorInfo>
          <Message>System.IO.FileNotFoundException : Pipeline output not found: C:\Users\GMW\AppData\Local\Temp\photopipeline_tests\20260527_122700\ai_denoise_detail_preservation_50_checkerboard_8x8\ai_denoise_detail_preservation_50_checkerboard_8x8_output.png</Message>
          <StackTrace>   at Photopipeline.Tests.FunctionalTests.ApiChannel.ApiTestBase.ExecuteAndGetOutput(PipelineSpec spec, String inputImagePath, String outputPath, CancellationToken ct) in c:\Data\code\photopipeline\gui\windows\Photopipeline.Tests\FunctionalTests\ApiChannel\ApiTestBase.cs:line 97&#xD;
   at Photopipeline.Tests.FunctionalTests.ApiChannel.PluginApiTests.ExecutePluginPipeline(TestCaseDefinition tc) in c:\Data\code\photopipeline\gui\windows\Photopipeline.Tests\FunctionalTests\ApiChannel\PluginApiTests.cs:line 51&#xD;
--- End of stack trace from previous location ---</StackTrace>
        </ErrorInfo>
      </Output>
    </UnitTestResult>
    <UnitTestResult executionId="4e9fbfd4-166c-4c25-84d9-8eb818b40b38" testId="45254649-8c2d-8a12-e0ce-fd3234106ab0" testName="Photopipeline.Tests.FunctionalTests.ApiChannel.PluginApiTests.ExecutePluginPipeline(tc: TestCaseDefinition { Id = plugin_0053, Name = colorspace_default_all, Category = plugin, Tags = System.String[], InputImage = gradient_horiz_rgb, InputImages = , Pipeline = Photopipeline.Models.PipelineSpec, OutputFormat = PNG, OutputBitDepth = , OutputLossless = , TolerancePerChannel = 0, MinPSNR = , MinSSIM = , MaxDeltaE = , ExpectError = False, ExpectedErrorMessage = , SkipUiChannel = False, SkipApiChannel = False, IsSerialOnly = False })" computerName="WIN-GKU76LNHACV" duration="00:00:02.0141102" startTime="2026-05-27T12:26:04.6505369+08:00" endTime="2026-05-27T12:26:06.6651365+08:00" testType="13cdc9d9-ddb5-4fa4-a97d-d965ccfc6d4b" outcome="Passed" testListId="8c84fa94-04c1-424b-9868-57a2d4851a1d" relativeResultsDirectory="4e9fbfd4-166c-4c25-84d9-8eb818b40b38">
      <Output>
        <StdOut>Backend gRPC connected successfully.&#xD;
Determinism verified: two runs produce pixel-identical output&#xD;
PASS: colorspace_default_all</StdOut>
      </Output>
    </UnitTestResult>
    <UnitTestResult executionId="97bd9dbb-c1c9-40f6-ae3e-804cc84f82e8" testId="45254649-8c2d-8a12-e0ce-fd3234106ab0" testName="Photopipeline.Tests.FunctionalTests.ApiChannel.PluginApiTests.ExecutePluginPipeline(tc: TestCaseDefinition { Id = plugin_0157, Name = heif_encoder_default_all, Category = plugin, Tags = System.String[], InputImage = color_bars_8bit, InputImages = , Pipeline = Photopipeline.Models.PipelineSpec, OutputFormat = PNG, OutputBitDepth = , OutputLossless = , TolerancePerChannel = 0, MinPSNR = , MinSSIM = , MaxDeltaE = , ExpectError = False, ExpectedErrorMessage = , SkipUiChannel = False, SkipApiChannel = False, IsSerialOnly = False })" computerName="WIN-GKU76LNHACV" duration="00:00:02.0073846" startTime="2026-05-27T12:29:34.3563593+08:00" endTime="2026-05-27T12:29:36.3642257+08:00" testType="13cdc9d9-ddb5-4fa4-a97d-d965ccfc6d4b" outcome="Failed" testListId="8c84fa94-04c1-424b-9868-57a2d4851a1d" relativeResultsDirectory="97bd9dbb-c1c9-40f6-ae3e-804cc84f82e8">
      <Output>
        <StdOut>Backend gRPC connected successfully.</StdOut>
        <ErrorInfo>
          <Message>System.IO.FileNotFoundException : Pipeline output not found: C:\Users\GMW\AppData\Local\Temp\photopipeline_tests\20260527_122934\heif_encoder_default_all\heif_encoder_default_all_output.heif</Message>
          <StackTrace>   at Photopipeline.Tests.FunctionalTests.ApiChannel.ApiTestBase.ExecuteAndGetOutput(PipelineSpec spec, String inputImagePath, String outputPath, CancellationToken ct) in c:\Data\code\photopipeline\gui\windows\Photopipeline.Tests\FunctionalTests\ApiChannel\ApiTestBase.cs:line 97&#xD;
   at Photopipeline.Tests.FunctionalTests.ApiChannel.ApiTestBase.ExecuteTwiceAndAssertDeterministic(PipelineSpec spec, String inputPath, String outputPath, TestOutputManager outputMgr, CancellationToken ct) in c:\Data\code\photopipeline\gui\windows\Photopipeline.Tests\FunctionalTests\ApiChannel\ApiTestBase.cs:line 120&#xD;
   at Photopipeline.Tests.FunctionalTests.ApiChannel.PluginApiTests.ExecutePluginPipeline(TestCaseDefinition tc) in c:\Data\code\photopipeline\gui\windows\Photopipeline.Tests\FunctionalTests\ApiChannel\PluginApiTests.cs:line 47&#xD;
--- End of stack trace from previous location ---</StackTrace>
        </ErrorInfo>
      </Output>
    </UnitTestResult>
    <UnitTestResult executionId="c106ac86-e182-455c-9261-c1ddec631e29" testId="45254649-8c2d-8a12-e0ce-fd3234106ab0" testName="Photopipeline.Tests.FunctionalTests.ApiChannel.PluginApiTests.ExecutePluginPipeline(tc: TestCaseDefinition { Id = plugin_0066, Name = ai_denoise_denoise_strength_25_gradient_vert_rgb, Category = plugin, Tags = System.String[], InputImage = gradient_vert_rgb, InputImages = , Pipeline = Photopipeline.Models.PipelineSpec, OutputFormat = PNG, OutputBitDepth = , OutputLossless = , TolerancePerChannel = 0, MinPSNR = , MinSSIM = , MaxDeltaE = , ExpectError = False, ExpectedErrorMessage = , SkipUiChannel = False, SkipApiChannel = False, IsSerialOnly = False })" computerName="WIN-GKU76LNHACV" duration="00:00:02.0085142" startTime="2026-05-27T12:26:30.8622483+08:00" endTime="2026-05-27T12:26:32.8715325+08:00" testType="13cdc9d9-ddb5-4fa4-a97d-d965ccfc6d4b" outcome="Failed" testListId="8c84fa94-04c1-424b-9868-57a2d4851a1d" relativeResultsDirectory="c106ac86-e182-455c-9261-c1ddec631e29">
      <Output>
        <StdOut>Backend gRPC connected successfully.</StdOut>
        <ErrorInfo>
          <Message>System.IO.FileNotFoundException : Pipeline output not found: C:\Users\GMW\AppData\Local\Temp\photopipeline_tests\20260527_122630\ai_denoise_denoise_strength_25_gradient_vert_rgb\ai_denoise_denoise_strength_25_gradient_vert_rgb_output.png</Message>
          <StackTrace>   at Photopipeline.Tests.FunctionalTests.ApiChannel.ApiTestBase.ExecuteAndGetOutput(PipelineSpec spec, String inputImagePath, String outputPath, CancellationToken ct) in c:\Data\code\photopipeline\gui\windows\Photopipeline.Tests\FunctionalTests\ApiChannel\ApiTestBase.cs:line 97&#xD;
   at Photopipeline.Tests.FunctionalTests.ApiChannel.PluginApiTests.ExecutePluginPipeline(TestCaseDefinition tc) in c:\Data\code\photopipeline\gui\windows\Photopipeline.Tests\FunctionalTests\ApiChannel\PluginApiTests.cs:line 51&#xD;
--- End of stack trace from previous location ---</StackTrace>
        </ErrorInfo>
      </Output>
    </UnitTestResult>
    <UnitTestResult executionId="8be2f871-eac4-44ba-9a3d-180ff8da0820" testId="45254649-8c2d-8a12-e0ce-fd3234106ab0" testName="Photopipeline.Tests.FunctionalTests.ApiChannel.PluginApiTests.ExecutePluginPipeline(tc: TestCaseDefinition { Id = plugin_0043, Name = colorspace_default_all, Category = plugin, Tags = System.String[], InputImage = color_bars_8bit, InputImages = , Pipeline = Photopipeline.Models.PipelineSpec, OutputFormat = PNG, OutputBitDepth = , OutputLossless = , TolerancePerChannel = 0, MinPSNR = , MinSSIM = , MaxDeltaE = , ExpectError = False, ExpectedErrorMessage = , SkipUiChannel = False, SkipApiChannel = False, IsSerialOnly = False })" computerName="WIN-GKU76LNHACV" duration="00:00:02.0109764" startTime="2026-05-27T12:25:44.5127356+08:00" endTime="2026-05-27T12:25:46.5242644+08:00" testType="13cdc9d9-ddb5-4fa4-a97d-d965ccfc6d4b" outcome="Passed" testListId="8c84fa94-04c1-424b-9868-57a2d4851a1d" relativeResultsDirectory="8be2f871-eac4-44ba-9a3d-180ff8da0820">
      <Output>
        <StdOut>Backend gRPC connected successfully.&#xD;
Determinism verified: two runs produce pixel-identical output&#xD;
PASS: colorspace_default_all</StdOut>
      </Output>
    </UnitTestResult>
    <UnitTestResult executionId="05e5775a-f85b-4d9e-a7ba-c32cb0677b25" testId="45254649-8c2d-8a12-e0ce-fd3234106ab0" testName="Photopipeline.Tests.FunctionalTests.ApiChannel.PluginApiTests.ExecutePluginPipeline(tc: TestCaseDefinition { Id = plugin_0020, Name = transform_angle_180_pure_red_small, Category = plugin, Tags = System.String[], InputImage = pure_red_small, InputImages = , Pipeline = Photopipeline.Models.PipelineSpec, OutputFormat = PNG, OutputBitDepth = , OutputLossless = , TolerancePerChannel = 0, MinPSNR = , MinSSIM = , MaxDeltaE = , ExpectError = False, ExpectedErrorMessage = , SkipUiChannel = False, SkipApiChannel = False, IsSerialOnly = False })" computerName="WIN-GKU76LNHACV" duration="00:00:02.0084316" startTime="2026-05-27T12:24:58.0313494+08:00" endTime="2026-05-27T12:25:00.0403761+08:00" testType="13cdc9d9-ddb5-4fa4-a97d-d965ccfc6d4b" outcome="Passed" testListId="8c84fa94-04c1-424b-9868-57a2d4851a1d" relativeResultsDirectory="05e5775a-f85b-4d9e-a7ba-c32cb0677b25">
      <Output>
        <StdOut>Backend gRPC connected successfully.&#xD;
PASS: transform_angle_180_pure_red_small</StdOut>
      </Output>
    </UnitTestResult>
    <UnitTestResult executionId="0d2528ed-0b86-4d17-a126-dee213d20838" testId="45254649-8c2d-8a12-e0ce-fd3234106ab0" testName="Photopipeline.Tests.FunctionalTests.ApiChannel.PluginApiTests.ExecutePluginPipeline(tc: TestCaseDefinition { Id = plugin_0136, Name = tiff_encoder_default_all, Category = plugin, Tags = System.String[], InputImage = color_bars_8bit, InputImages = , Pipeline = Photopipeline.Models.PipelineSpec, OutputFormat = PNG, OutputBitDepth = , OutputLossless = , TolerancePerChannel = 0, MinPSNR = , MinSSIM = , MaxDeltaE = , ExpectError = False, ExpectedErrorMessage = , SkipUiChannel = False, SkipApiChannel = False, IsSerialOnly = False })" computerName="WIN-GKU76LNHACV" duration="00:00:02.0129469" startTime="2026-05-27T12:28:51.5202083+08:00" endTime="2026-05-27T12:28:53.5336886+08:00" testType="13cdc9d9-ddb5-4fa4-a97d-d965ccfc6d4b" outcome="Failed" testListId="8c84fa94-04c1-424b-9868-57a2d4851a1d" relativeResultsDirectory="0d2528ed-0b86-4d17-a126-dee213d20838">
      <Output>
        <StdOut>Backend gRPC connected successfully.</StdOut>
        <ErrorInfo>
          <Message>System.InvalidOperationException : Failed to decode image: C:\Users\GMW\AppData\Local\Temp\photopipeline_tests\20260527_122851\tiff_encoder_default_all\tiff_encoder_default_all_output.tif</Message>
          <StackTrace>   at Photopipeline.Tests.FunctionalTests.Infrastructure.ImageAssert.LoadBitmap(String path) in c:\Data\code\photopipeline\gui\windows\Photopipeline.Tests\FunctionalTests\Infrastructure\ImageAssert.cs:line 237&#xD;
   at Photopipeline.Tests.FunctionalTests.Infrastructure.ImageAssert.PixelsEqual(String actualPath, String expectedPath, Int32 tolerancePerChannel) in c:\Data\code\photopipeline\gui\windows\Photopipeline.Tests\FunctionalTests\Infrastructure\ImageAssert.cs:line 14&#xD;
   at Photopipeline.Tests.FunctionalTests.ApiChannel.ApiTestBase.ExecuteTwiceAndAssertDeterministic(PipelineSpec spec, String inputPath, String outputPath, TestOutputManager outputMgr, CancellationToken ct) in c:\Data\code\photopipeline\gui\windows\Photopipeline.Tests\FunctionalTests\ApiChannel\ApiTestBase.cs:line 125&#xD;
   at Photopipeline.Tests.FunctionalTests.ApiChannel.PluginApiTests.ExecutePluginPipeline(TestCaseDefinition tc) in c:\Data\code\photopipeline\gui\windows\Photopipeline.Tests\FunctionalTests\ApiChannel\PluginApiTests.cs:line 47&#xD;
--- End of stack trace from previous location ---</StackTrace>
        </ErrorInfo>
      </Output>
    </UnitTestResult>
    <UnitTestResult executionId="38770627-0e6c-4457-8613-77a045bba4af" testId="45254649-8c2d-8a12-e0ce-fd3234106ab0" testName="Photopipeline.Tests.FunctionalTests.ApiChannel.PluginApiTests.ExecutePluginPipeline(tc: TestCaseDefinition { Id = plugin_0118, Name = png_encoder_compression_level_0_color_bars_8bit, Category = plugin, Tags = System.String[], InputImage = color_bars_8bit, InputImages = , Pipeline = Photopipeline.Models.PipelineSpec, OutputFormat = PNG, OutputBitDepth = , OutputLossless = , TolerancePerChannel = 0, MinPSNR = , MinSSIM = , MaxDeltaE = , ExpectError = False, ExpectedErrorMessage = , SkipUiChannel = False, SkipApiChannel = False, IsSerialOnly = False })" computerName="WIN-GKU76LNHACV" duration="00:00:02.0093178" startTime="2026-05-27T12:28:15.3260120+08:00" endTime="2026-05-27T12:28:17.3357771+08:00" testType="13cdc9d9-ddb5-4fa4-a97d-d965ccfc6d4b" outcome="Passed" testListId="8c84fa94-04c1-424b-9868-57a2d4851a1d" relativeResultsDirectory="38770627-0e6c-4457-8613-77a045bba4af">
      <Output>
        <StdOut>Backend gRPC connected successfully.&#xD;
PASS: png_encoder_compression_level_0_color_bars_8bit</StdOut>
      </Output>
    </UnitTestResult>
    <UnitTestResult executionId="1977ae79-874e-477e-a652-e7f23421e191" testId="45254649-8c2d-8a12-e0ce-fd3234106ab0" testName="Photopipeline.Tests.FunctionalTests.ApiChannel.PluginApiTests.ExecutePluginPipeline(tc: TestCaseDefinition { Id = plugin_0021, Name = transform_angle_270_pure_red_small, Category = plugin, Tags = System.String[], InputImage = pure_red_small, InputImages = , Pipeline = Photopipeline.Models.PipelineSpec, OutputFormat = PNG, OutputBitDepth = , OutputLossless = , TolerancePerChannel = 0, MinPSNR = , MinSSIM = , MaxDeltaE = , ExpectError = False, ExpectedErrorMessage = , SkipUiChannel = False, SkipApiChannel = False, IsSerialOnly = False })" computerName="WIN-GKU76LNHACV" duration="00:00:02.0071412" startTime="2026-05-27T12:25:00.0404460+08:00" endTime="2026-05-27T12:25:02.0480168+08:00" testType="13cdc9d9-ddb5-4fa4-a97d-d965ccfc6d4b" outcome="Passed" testListId="8c84fa94-04c1-424b-9868-57a2d4851a1d" relativeResultsDirectory="1977ae79-874e-477e-a652-e7f23421e191">
      <Output>
        <StdOut>Backend gRPC connected successfully.&#xD;
PASS: transform_angle_270_pure_red_small</StdOut>
      </Output>
    </UnitTestResult>
    <UnitTestResult executionId="ce0f9e93-57ef-43b1-9954-5a6bb47b9105" testId="45254649-8c2d-8a12-e0ce-fd3234106ab0" testName="Photopipeline.Tests.FunctionalTests.ApiChannel.PluginApiTests.ExecutePluginPipeline(tc: TestCaseDefinition { Id = plugin_0002, Name = transform_scale_percent_200_gradient_horiz_rgb, Category = plugin, Tags = System.String[], InputImage = gradient_horiz_rgb, InputImages = , Pipeline = Photopipeline.Models.PipelineSpec, OutputFormat = PNG, OutputBitDepth = , OutputLossless = , TolerancePerChannel = 0, MinPSNR = , MinSSIM = , MaxDeltaE = , ExpectError = False, ExpectedErrorMessage = , SkipUiChannel = False, SkipApiChannel = False, IsSerialOnly = False })" computerName="WIN-GKU76LNHACV" duration="00:00:02.0264691" startTime="2026-05-27T12:24:21.7510450+08:00" endTime="2026-05-27T12:24:23.7784791+08:00" testType="13cdc9d9-ddb5-4fa4-a97d-d965ccfc6d4b" outcome="Passed" testListId="8c84fa94-04c1-424b-9868-57a2d4851a1d" relativeResultsDirectory="ce0f9e93-57ef-43b1-9954-5a6bb47b9105">
      <Output>
        <StdOut>Backend gRPC connected successfully.&#xD;
PASS: transform_scale_percent_200_gradient_horiz_rgb</StdOut>
      </Output>
    </UnitTestResult>
    <UnitTestResult executionId="356ddebf-06ed-4a6f-9d2d-c029d1d458c7" testId="45254649-8c2d-8a12-e0ce-fd3234106ab0" testName="Photopipeline.Tests.FunctionalTests.ApiChannel.PluginApiTests.ExecutePluginPipeline(tc: TestCaseDefinition { Id = plugin_0119, Name = png_encoder_compression_level_6_color_bars_8bit, Category = plugin, Tags = System.String[], InputImage = color_bars_8bit, InputImages = , Pipeline = Photopipeline.Models.PipelineSpec, OutputFormat = PNG, OutputBitDepth = , OutputLossless = , TolerancePerChannel = 0, MinPSNR = , MinSSIM = , MaxDeltaE = , ExpectError = False, ExpectedErrorMessage = , SkipUiChannel = False, SkipApiChannel = False, IsSerialOnly = False })" computerName="WIN-GKU76LNHACV" duration="00:00:02.0099707" startTime="2026-05-27T12:28:17.3358017+08:00" endTime="2026-05-27T12:28:19.3462706+08:00" testType="13cdc9d9-ddb5-4fa4-a97d-d965ccfc6d4b" outcome="Passed" testListId="8c84fa94-04c1-424b-9868-57a2d4851a1d" relativeResultsDirectory="356ddebf-06ed-4a6f-9d2d-c029d1d458c7">
      <Output>
        <StdOut>Backend gRPC connected successfully.&#xD;
PASS: png_encoder_compression_level_6_color_bars_8bit</StdOut>
      </Output>
    </UnitTestResult>
    <UnitTestResult executionId="34dbf7b0-f851-4cf3-994f-f566c5d005df" testId="45254649-8c2d-8a12-e0ce-fd3234106ab0" testName="Photopipeline.Tests.FunctionalTests.ApiChannel.PluginApiTests.ExecutePluginPipeline(tc: TestCaseDefinition { Id = plugin_0039, Name = colorspace_target_color_space_adobe_rgb_pure_red_small, Category = plugin, Tags = System.String[], InputImage = pure_red_small, InputImages = , Pipeline = Photopipeline.Models.PipelineSpec, OutputFormat = PNG, OutputBitDepth = , OutputLossless = , TolerancePerChannel = 0, MinPSNR = , MinSSIM = , MaxDeltaE = , ExpectError = False, ExpectedErrorMessage = , SkipUiChannel = False, SkipApiChannel = False, IsSerialOnly = False })" computerName="WIN-GKU76LNHACV" duration="00:00:02.0075540" startTime="2026-05-27T12:25:36.4477104+08:00" endTime="2026-05-27T12:25:38.4557574+08:00" testType="13cdc9d9-ddb5-4fa4-a97d-d965ccfc6d4b" outcome="Passed" testListId="8c84fa94-04c1-424b-9868-57a2d4851a1d" relativeResultsDirectory="34dbf7b0-f851-4cf3-994f-f566c5d005df">
      <Output>
        <StdOut>Backend gRPC connected successfully.&#xD;
PASS: colorspace_target_color_space_adobe_rgb_pure_red_small</StdOut>
      </Output>
    </UnitTestResult>
    <UnitTestResult executionId="4d68a37f-a58a-4fa4-aedf-119f87f76940" testId="45254649-8c2d-8a12-e0ce-fd3234106ab0" testName="Photopipeline.Tests.FunctionalTests.ApiChannel.PluginApiTests.ExecutePluginPipeline(tc: TestCaseDefinition { Id = plugin_0143, Name = avif_encoder_default_all, Category = plugin, Tags = System.String[], InputImage = color_bars_8bit, InputImages = , Pipeline = Photopipeline.Models.PipelineSpec, OutputFormat = PNG, OutputBitDepth = , OutputLossless = , TolerancePerChannel = 0, MinPSNR = , MinSSIM = , MaxDeltaE = , ExpectError = False, ExpectedErrorMessage = , SkipUiChannel = False, SkipApiChannel = False, IsSerialOnly = False })" computerName="WIN-GKU76LNHACV" duration="00:00:02.1265508" startTime="2026-05-27T12:29:06.1250822+08:00" endTime="2026-05-27T12:29:08.2519791+08:00" testType="13cdc9d9-ddb5-4fa4-a97d-d965ccfc6d4b" outcome="Failed" testListId="8c84fa94-04c1-424b-9868-57a2d4851a1d" relativeResultsDirectory="4d68a37f-a58a-4fa4-aedf-119f87f76940">
      <Output>
        <StdOut>Backend gRPC connected successfully.</StdOut>
        <ErrorInfo>
          <Message>System.InvalidOperationException : Failed to decode image: C:\Users\GMW\AppData\Local\Temp\photopipeline_tests\20260527_122906\avif_encoder_default_all\avif_encoder_default_all_output.avif</Message>
          <StackTrace>   at Photopipeline.Tests.FunctionalTests.Infrastructure.ImageAssert.LoadBitmap(String path) in c:\Data\code\photopipeline\gui\windows\Photopipeline.Tests\FunctionalTests\Infrastructure\ImageAssert.cs:line 237&#xD;
   at Photopipeline.Tests.FunctionalTests.Infrastructure.ImageAssert.PixelsEqual(String actualPath, String expectedPath, Int32 tolerancePerChannel) in c:\Data\code\photopipeline\gui\windows\Photopipeline.Tests\FunctionalTests\Infrastructure\ImageAssert.cs:line 14&#xD;
   at Photopipeline.Tests.FunctionalTests.ApiChannel.ApiTestBase.ExecuteTwiceAndAssertDeterministic(PipelineSpec spec, String inputPath, String outputPath, TestOutputManager outputMgr, CancellationToken ct) in c:\Data\code\photopipeline\gui\windows\Photopipeline.Tests\FunctionalTests\ApiChannel\ApiTestBase.cs:line 125&#xD;
   at Photopipeline.Tests.FunctionalTests.ApiChannel.PluginApiTests.ExecutePluginPipeline(TestCaseDefinition tc) in c:\Data\code\photopipeline\gui\windows\Photopipeline.Tests\FunctionalTests\ApiChannel\PluginApiTests.cs:line 47&#xD;
--- End of stack trace from previous location ---</StackTrace>
        </ErrorInfo>
      </Output>
    </UnitTestResult>
    <UnitTestResult executionId="23da6bd5-40f3-46fd-8396-e03fadaf2f13" testId="45254649-8c2d-8a12-e0ce-fd3234106ab0" testName="Photopipeline.Tests.FunctionalTests.ApiChannel.PluginApiTests.ExecutePluginPipeline(tc: TestCaseDefinition { Id = plugin_0037, Name = colorspace_target_color_space_srgb_pure_red_small, Category = plugin, Tags = System.String[], InputImage = pure_red_small, InputImages = , Pipeline = Photopipeline.Models.PipelineSpec, OutputFormat = PNG, OutputBitDepth = , OutputLossless = , TolerancePerChannel = 0, MinPSNR = , MinSSIM = , MaxDeltaE = , ExpectError = False, ExpectedErrorMessage = , SkipUiChannel = False, SkipApiChannel = False, IsSerialOnly = False })" computerName="WIN-GKU76LNHACV" duration="00:00:02.0087312" startTime="2026-05-27T12:25:32.4304263+08:00" endTime="2026-05-27T12:25:34.4398174+08:00" testType="13cdc9d9-ddb5-4fa4-a97d-d965ccfc6d4b" outcome="Passed" testListId="8c84fa94-04c1-424b-9868-57a2d4851a1d" relativeResultsDirectory="23da6bd5-40f3-46fd-8396-e03fadaf2f13">
      <Output>
        <StdOut>Backend gRPC connected successfully.&#xD;
PASS: colorspace_target_color_space_srgb_pure_red_small</StdOut>
      </Output>
    </UnitTestResult>
    <UnitTestResult executionId="15698ce1-b8c3-40ba-8059-59aa5621f5d2" testId="45254649-8c2d-8a12-e0ce-fd3234106ab0" testName="Photopipeline.Tests.FunctionalTests.ApiChannel.PluginApiTests.ExecutePluginPipeline(tc: TestCaseDefinition { Id = plugin_0014, Name = transform_angle_0_checkerboard_8x8, Category = plugin, Tags = System.String[], InputImage = checkerboard_8x8, InputImages = , Pipeline = Photopipeline.Models.PipelineSpec, OutputFormat = PNG, OutputBitDepth = , OutputLossless = , TolerancePerChannel = 0, MinPSNR = , MinSSIM = , MaxDeltaE = , ExpectError = False, ExpectedErrorMessage = , SkipUiChannel = False, SkipApiChannel = False, IsSerialOnly = False })" computerName="WIN-GKU76LNHACV" duration="00:00:02.0108208" startTime="2026-05-27T12:24:45.9590784+08:00" endTime="2026-05-27T12:24:47.9704495+08:00" testType="13cdc9d9-ddb5-4fa4-a97d-d965ccfc6d4b" outcome="Passed" testListId="8c84fa94-04c1-424b-9868-57a2d4851a1d" relativeResultsDirectory="15698ce1-b8c3-40ba-8059-59aa5621f5d2">
      <Output>
        <StdOut>Backend gRPC connected successfully.&#xD;
PASS: transform_angle_0_checkerboard_8x8</StdOut>
      </Output>
    </UnitTestResult>
    <UnitTestResult executionId="037c090a-b7e4-4b41-8ecc-6202e8fad287" testId="45254649-8c2d-8a12-e0ce-fd3234106ab0" testName="Photopipeline.Tests.FunctionalTests.ApiChannel.PluginApiTests.ExecutePluginPipeline(tc: TestCaseDefinition { Id = plugin_0072, Name = ai_denoise_denoise_strength_100_checkerboard_8x8, Category = plugin, Tags = System.String[], InputImage = checkerboard_8x8, InputImages = , Pipeline = Photopipeline.Models.PipelineSpec, OutputFormat = PNG, OutputBitDepth = , OutputLossless = , TolerancePerChannel = 0, MinPSNR = , MinSSIM = , MaxDeltaE = , ExpectError = False, ExpectedErrorMessage = , SkipUiChannel = False, SkipApiChannel = False, IsSerialOnly = False })" computerName="WIN-GKU76LNHACV" duration="00:00:02.0072355" startTime="2026-05-27T12:26:42.9110735+08:00" endTime="2026-05-27T12:26:44.9187127+08:00" testType="13cdc9d9-ddb5-4fa4-a97d-d965ccfc6d4b" outcome="Failed" testListId="8c84fa94-04c1-424b-9868-57a2d4851a1d" relativeResultsDirectory="037c090a-b7e4-4b41-8ecc-6202e8fad287">
      <Output>
        <StdOut>Backend gRPC connected successfully.</StdOut>
        <ErrorInfo>
          <Message>System.IO.FileNotFoundException : Pipeline output not found: C:\Users\GMW\AppData\Local\Temp\photopipeline_tests\20260527_122642\ai_denoise_denoise_strength_100_checkerboard_8x8\ai_denoise_denoise_strength_100_checkerboard_8x8_output.png</Message>
          <StackTrace>   at Photopipeline.Tests.FunctionalTests.ApiChannel.ApiTestBase.ExecuteAndGetOutput(PipelineSpec spec, String inputImagePath, String outputPath, CancellationToken ct) in c:\Data\code\photopipeline\gui\windows\Photopipeline.Tests\FunctionalTests\ApiChannel\ApiTestBase.cs:line 97&#xD;
   at Photopipeline.Tests.FunctionalTests.ApiChannel.PluginApiTests.ExecutePluginPipeline(TestCaseDefinition tc) in c:\Data\code\photopipeline\gui\windows\Photopipeline.Tests\FunctionalTests\ApiChannel\PluginApiTests.cs:line 51&#xD;
--- End of stack trace from previous location ---</StackTrace>
        </ErrorInfo>
      </Output>
    </UnitTestResult>
    <UnitTestResult executionId="766a082f-63a7-46f6-9cb3-928719e8ce40" testId="45254649-8c2d-8a12-e0ce-fd3234106ab0" testName="Photopipeline.Tests.FunctionalTests.ApiChannel.PluginApiTests.ExecutePluginPipeline(tc: TestCaseDefinition { Id = plugin_0125, Name = png_encoder_bit_depth_8_gradient_horiz_rgb, Category = plugin, Tags = System.String[], InputImage = gradient_horiz_rgb, InputImages = , Pipeline = Photopipeline.Models.PipelineSpec, OutputFormat = PNG, OutputBitDepth = , OutputLossless = , TolerancePerChannel = 0, MinPSNR = , MinSSIM = , MaxDeltaE = , ExpectError = False, ExpectedErrorMessage = , SkipUiChannel = False, SkipApiChannel = False, IsSerialOnly = False })" computerName="WIN-GKU76LNHACV" duration="00:00:02.0135772" startTime="2026-05-27T12:28:29.4027630+08:00" endTime="2026-05-27T12:28:31.4176874+08:00" testType="13cdc9d9-ddb5-4fa4-a97d-d965ccfc6d4b" outcome="Passed" testListId="8c84fa94-04c1-424b-9868-57a2d4851a1d" relativeResultsDirectory="766a082f-63a7-46f6-9cb3-928719e8ce40">
      <Output>
        <StdOut>Backend gRPC connected successfully.&#xD;
PASS: png_encoder_bit_depth_8_gradient_horiz_rgb</StdOut>
      </Output>
    </UnitTestResult>
    <UnitTestResult executionId="1a5cd839-28d9-4691-b0c2-aae80c833e08" testId="45254649-8c2d-8a12-e0ce-fd3234106ab0" testName="Photopipeline.Tests.FunctionalTests.ApiChannel.PluginApiTests.ExecutePluginPipeline(tc: TestCaseDefinition { Id = plugin_0116, Name = raw_input_apply_white_balance_True_color_bars_8bit, Category = plugin, Tags = System.String[], InputImage = color_bars_8bit, InputImages = , Pipeline = Photopipeline.Models.PipelineSpec, OutputFormat = PNG, OutputBitDepth = , OutputLossless = , TolerancePerChannel = 0, MinPSNR = , MinSSIM = , MaxDeltaE = , ExpectError = False, ExpectedErrorMessage = , SkipUiChannel = False, SkipApiChannel = False, IsSerialOnly = False })" computerName="WIN-GKU76LNHACV" duration="00:00:02.0053146" startTime="2026-05-27T12:28:11.3063332+08:00" endTime="2026-05-27T12:28:13.3121275+08:00" testType="13cdc9d9-ddb5-4fa4-a97d-d965ccfc6d4b" outcome="Passed" testListId="8c84fa94-04c1-424b-9868-57a2d4851a1d" relativeResultsDirectory="1a5cd839-28d9-4691-b0c2-aae80c833e08">
      <Output>
        <StdOut>Backend gRPC connected successfully.&#xD;
PASS: raw_input_apply_white_balance_True_color_bars_8bit</StdOut>
      </Output>
    </UnitTestResult>
    <UnitTestResult executionId="a9a61ae9-a96b-45af-8403-a3dd6b3e4d0f" testId="45254649-8c2d-8a12-e0ce-fd3234106ab0" testName="Photopipeline.Tests.FunctionalTests.ApiChannel.PluginApiTests.ExecutePluginPipeline(tc: TestCaseDefinition { Id = plugin_0097, Name = lut3d_intensity_100_pure_red_small, Category = plugin, Tags = System.String[], InputImage = pure_red_small, InputImages = , Pipeline = Photopipeline.Models.PipelineSpec, OutputFormat = PNG, OutputBitDepth = , OutputLossless = , TolerancePerChannel = 0, MinPSNR = , MinSSIM = , MaxDeltaE = , ExpectError = False, ExpectedErrorMessage = , SkipUiChannel = False, SkipApiChannel = False, IsSerialOnly = False })" computerName="WIN-GKU76LNHACV" duration="00:00:02.0066951" startTime="2026-05-27T12:27:33.1226495+08:00" endTime="2026-05-27T12:27:35.1298138+08:00" testType="13cdc9d9-ddb5-4fa4-a97d-d965ccfc6d4b" outcome="Passed" testListId="8c84fa94-04c1-424b-9868-57a2d4851a1d" relativeResultsDirectory="a9a61ae9-a96b-45af-8403-a3dd6b3e4d0f">
      <Output>
        <StdOut>Backend gRPC connected successfully.&#xD;
PASS: lut3d_intensity_100_pure_red_small</StdOut>
      </Output>
    </UnitTestResult>
    <UnitTestResult executionId="6421a9cf-b3c1-407d-9a2c-0e9df904caae" testId="45254649-8c2d-8a12-e0ce-fd3234106ab0" testName="Photopipeline.Tests.FunctionalTests.ApiChannel.PluginApiTests.ExecutePluginPipeline(tc: TestCaseDefinition { Id = plugin_0108, Name = raw_input_raw_mode_auto_gradient_horiz_rgb, Category = plugin, Tags = System.String[], InputImage = gradient_horiz_rgb, InputImages = , Pipeline = Photopipeline.Models.PipelineSpec, OutputFormat = PNG, OutputBitDepth = , OutputLossless = , TolerancePerChannel = 0, MinPSNR = , MinSSIM = , MaxDeltaE = , ExpectError = False, ExpectedErrorMessage = , SkipUiChannel = False, SkipApiChannel = False, IsSerialOnly = False })" computerName="WIN-GKU76LNHACV" duration="00:00:02.0103250" startTime="2026-05-27T12:27:55.2287191+08:00" endTime="2026-05-27T12:27:57.2394538+08:00" testType="13cdc9d9-ddb5-4fa4-a97d-d965ccfc6d4b" outcome="Passed" testListId="8c84fa94-04c1-424b-9868-57a2d4851a1d" relativeResultsDirectory="6421a9cf-b3c1-407d-9a2c-0e9df904caae">
      <Output>
        <StdOut>Backend gRPC connected successfully.&#xD;
PASS: raw_input_raw_mode_auto_gradient_horiz_rgb</StdOut>
      </Output>
    </UnitTestResult>
    <UnitTestResult executionId="b6ec6005-eb82-4fce-a006-6f4471144ed7" testId="45254649-8c2d-8a12-e0ce-fd3234106ab0" testName="Photopipeline.Tests.FunctionalTests.ApiChannel.PluginApiTests.ExecutePluginPipeline(tc: TestCaseDefinition { Id = plugin_0085, Name = ai_denoise_denoise_model_standard_v2_noise_grain, Category = plugin, Tags = System.String[], InputImage = noise_grain, InputImages = , Pipeline = Photopipeline.Models.PipelineSpec, OutputFormat = PNG, OutputBitDepth = , OutputLossless = , TolerancePerChannel = 0, MinPSNR = , MinSSIM = , MaxDeltaE = , ExpectError = False, ExpectedErrorMessage = , SkipUiChannel = False, SkipApiChannel = False, IsSerialOnly = False })" computerName="WIN-GKU76LNHACV" duration="00:00:02.0077786" startTime="2026-05-27T12:27:09.0260439+08:00" endTime="2026-05-27T12:27:11.0342235+08:00" testType="13cdc9d9-ddb5-4fa4-a97d-d965ccfc6d4b" outcome="Failed" testListId="8c84fa94-04c1-424b-9868-57a2d4851a1d" relativeResultsDirectory="b6ec6005-eb82-4fce-a006-6f4471144ed7">
      <Output>
        <StdOut>Backend gRPC connected successfully.</StdOut>
        <ErrorInfo>
          <Message>System.IO.FileNotFoundException : Pipeline output not found: C:\Users\GMW\AppData\Local\Temp\photopipeline_tests\20260527_122709\ai_denoise_denoise_model_standard_v2_noise_grain\ai_denoise_denoise_model_standard_v2_noise_grain_output.png</Message>
          <StackTrace>   at Photopipeline.Tests.FunctionalTests.ApiChannel.ApiTestBase.ExecuteAndGetOutput(PipelineSpec spec, String inputImagePath, String outputPath, CancellationToken ct) in c:\Data\code\photopipeline\gui\windows\Photopipeline.Tests\FunctionalTests\ApiChannel\ApiTestBase.cs:line 97&#xD;
   at Photopipeline.Tests.FunctionalTests.ApiChannel.PluginApiTests.ExecutePluginPipeline(TestCaseDefinition tc) in c:\Data\code\photopipeline\gui\windows\Photopipeline.Tests\FunctionalTests\ApiChannel\PluginApiTests.cs:line 51&#xD;
--- End of stack trace from previous location ---</StackTrace>
        </ErrorInfo>
      </Output>
    </UnitTestResult>
[...]
      </RunInfo>
      <RunInfo computerName="WIN-GKU76LNHACV" outcome="Error" timestamp="2026-05-27T12:28:43.4773104+08:00">
        <Text>[xUnit.net 00:04:26.03]     Photopipeline.Tests.FunctionalTests.ApiChannel.PluginApiTests.ExecutePluginPipeline(tc: TestCaseDefinition { Id = plugin_0131, Name = tiff_encoder_compression_lzw_color_bars_8bit, Category = plugin, Tags = System.String[], InputImage = color_bars_8bit, InputImages = , Pipeline = Photopipeline.Models.PipelineSpec, OutputFormat = PNG, OutputBitDepth = , OutputLossless = , TolerancePerChannel = 0, MinPSNR = , MinSSIM = , MaxDeltaE = , ExpectError = False, ExpectedErrorMessage = , SkipUiChannel = False, SkipApiChannel = False, IsSerialOnly = False }) [FAIL]</Text>
      </RunInfo>
      <RunInfo computerName="WIN-GKU76LNHACV" outcome="Error" timestamp="2026-05-27T12:28:45.4867409+08:00">
        <Text>[xUnit.net 00:04:28.04]     Photopipeline.Tests.FunctionalTests.ApiChannel.PluginApiTests.ExecutePluginPipeline(tc: TestCaseDefinition { Id = plugin_0132, Name = tiff_encoder_compression_deflate_color_bars_8bit, Category = plugin, Tags = System.String[], InputImage = color_bars_8bit, InputImages = , Pipeline = Photopipeline.Models.PipelineSpec, OutputFormat = PNG, OutputBitDepth = , OutputLossless = , TolerancePerChannel = 0, MinPSNR = , MinSSIM = , MaxDeltaE = , ExpectError = False, ExpectedErrorMessage = , SkipUiChannel = False, SkipApiChannel = False, IsSerialOnly = False }) [FAIL]</Text>
      </RunInfo>
      <RunInfo computerName="WIN-GKU76LNHACV" outcome="Error" timestamp="2026-05-27T12:28:47.4978452+08:00">
        <Text>[xUnit.net 00:04:30.05]     Photopipeline.Tests.FunctionalTests.ApiChannel.PluginApiTests.ExecutePluginPipeline(tc: TestCaseDefinition { Id = plugin_0133, Name = tiff_encoder_compression_none_gradient_horiz_rgb, Category = plugin, Tags = System.String[], InputImage = gradient_horiz_rgb, InputImages = , Pipeline = Photopipeline.Models.PipelineSpec, OutputFormat = PNG, OutputBitDepth = , OutputLossless = , TolerancePerChannel = 0, MinPSNR = , MinSSIM = , MaxDeltaE = , ExpectError = False, ExpectedErrorMessage = , SkipUiChannel = False, SkipApiChannel = False, IsSerialOnly = False }) [FAIL]</Text>
      </RunInfo>
      <RunInfo computerName="WIN-GKU76LNHACV" outcome="Error" timestamp="2026-05-27T12:28:49.5111164+08:00">
        <Text>[xUnit.net 00:04:32.06]     Photopipeline.Tests.FunctionalTests.ApiChannel.PluginApiTests.ExecutePluginPipeline(tc: TestCaseDefinition { Id = plugin_0134, Name = tiff_encoder_compression_lzw_gradient_horiz_rgb, Category = plugin, Tags = System.String[], InputImage = gradient_horiz_rgb, InputImages = , Pipeline = Photopipeline.Models.PipelineSpec, OutputFormat = PNG, OutputBitDepth = , OutputLossless = , TolerancePerChannel = 0, MinPSNR = , MinSSIM = , MaxDeltaE = , ExpectError = False, ExpectedErrorMessage = , SkipUiChannel = False, SkipApiChannel = False, IsSerialOnly = False }) [FAIL]</Text>
      </RunInfo>
      <RunInfo computerName="WIN-GKU76LNHACV" outcome="Error" timestamp="2026-05-27T12:28:51.5203170+08:00">
        <Text>[xUnit.net 00:04:34.07]     Photopipeline.Tests.FunctionalTests.ApiChannel.PluginApiTests.ExecutePluginPipeline(tc: TestCaseDefinition { Id = plugin_0135, Name = tiff_encoder_compression_deflate_gradient_horiz_rgb, Category = plugin, Tags = System.String[], InputImage = gradient_horiz_rgb, InputImages = , Pipeline = Photopipeline.Models.PipelineSpec, OutputFormat = PNG, OutputBitDepth = , OutputLossless = , TolerancePerChannel = 0, MinPSNR = , MinSSIM = , MaxDeltaE = , ExpectError = False, ExpectedErrorMessage = , SkipUiChannel = False, SkipApiChannel = False, IsSerialOnly = False }) [FAIL]</Text>
      </RunInfo>
      <RunInfo computerName="WIN-GKU76LNHACV" outcome="Error" timestamp="2026-05-27T12:28:53.5339111+08:00">
        <Text>[xUnit.net 00:04:36.08]     Photopipeline.Tests.FunctionalTests.ApiChannel.PluginApiTests.ExecutePluginPipeline(tc: TestCaseDefinition { Id = plugin_0136, Name = tiff_encoder_default_all, Category = plugin, Tags = System.String[], InputImage = color_bars_8bit, InputImages = , Pipeline = Photopipeline.Models.PipelineSpec, OutputFormat = PNG, OutputBitDepth = , OutputLossless = , TolerancePerChannel = 0, MinPSNR = , MinSSIM = , MaxDeltaE = , ExpectError = False, ExpectedErrorMessage = , SkipUiChannel = False, SkipApiChannel = False, IsSerialOnly = False }) [FAIL]</Text>
      </RunInfo>
      <RunInfo computerName="WIN-GKU76LNHACV" outcome="Error" timestamp="2026-05-27T12:28:55.5618119+08:00">
        <Text>[xUnit.net 00:04:38.11]     Photopipeline.Tests.FunctionalTests.ApiChannel.PluginApiTests.ExecutePluginPipeline(tc: TestCaseDefinition { Id = plugin_0137, Name = avif_encoder_quality_30_color_bars_8bit, Category = plugin, Tags = System.String[], InputImage = color_bars_8bit, InputImages = , Pipeline = Photopipeline.Models.PipelineSpec, OutputFormat = PNG, OutputBitDepth = , OutputLossless = , TolerancePerChannel = 0, MinPSNR = , MinSSIM = , MaxDeltaE = , ExpectError = False, ExpectedErrorMessage = , SkipUiChannel = False, SkipApiChannel = False, IsSerialOnly = False }) [FAIL]</Text>
      </RunInfo>
      <RunInfo computerName="WIN-GKU76LNHACV" outcome="Error" timestamp="2026-05-27T12:28:57.5977368+08:00">
        <Text>[xUnit.net 00:04:40.15]     Photopipeline.Tests.FunctionalTests.ApiChannel.PluginApiTests.ExecutePluginPipeline(tc: TestCaseDefinition { Id = plugin_0138, Name = avif_encoder_quality_60_color_bars_8bit, Category = plugin, Tags = System.String[], InputImage = color_bars_8bit, InputImages = , Pipeline = Photopipeline.Models.PipelineSpec, OutputFormat = PNG, OutputBitDepth = , OutputLossless = , TolerancePerChannel = 0, MinPSNR = , MinSSIM = , MaxDeltaE = , ExpectError = False, ExpectedErrorMessage = , SkipUiChannel = False, SkipApiChannel = False, IsSerialOnly = False }) [FAIL]</Text>
      </RunInfo>
      <RunInfo computerName="WIN-GKU76LNHACV" outcome="Error" timestamp="2026-05-27T12:28:59.6631384+08:00">
        <Text>[xUnit.net 00:04:42.21]     Photopipeline.Tests.FunctionalTests.ApiChannel.PluginApiTests.ExecutePluginPipeline(tc: TestCaseDefinition { Id = plugin_0139, Name = avif_encoder_quality_90_color_bars_8bit, Category = plugin, Tags = System.String[], InputImage = color_bars_8bit, InputImages = , Pipeline = Photopipeline.Models.PipelineSpec, OutputFormat = PNG, OutputBitDepth = , OutputLossless = , TolerancePerChannel = 0, MinPSNR = , MinSSIM = , MaxDeltaE = , ExpectError = False, ExpectedErrorMessage = , SkipUiChannel = False, SkipApiChannel = False, IsSerialOnly = False }) [FAIL]</Text>
      </RunInfo>
      <RunInfo computerName="WIN-GKU76LNHACV" outcome="Error" timestamp="2026-05-27T12:29:01.7681208+08:00">
        <Text>[xUnit.net 00:04:44.32]     Photopipeline.Tests.FunctionalTests.ApiChannel.PluginApiTests.ExecutePluginPipeline(tc: TestCaseDefinition { Id = plugin_0140, Name = avif_encoder_quality_30_gradient_horiz_rgb, Category = plugin, Tags = System.String[], InputImage = gradient_horiz_rgb, InputImages = , Pipeline = Photopipeline.Models.PipelineSpec, OutputFormat = PNG, OutputBitDepth = , OutputLossless = , TolerancePerChannel = 0, MinPSNR = , MinSSIM = , MaxDeltaE = , ExpectError = False, ExpectedErrorMessage = , SkipUiChannel = False, SkipApiChannel = False, IsSerialOnly = False }) [FAIL]</Text>
      </RunInfo>
      <RunInfo computerName="WIN-GKU76LNHACV" outcome="Error" timestamp="2026-05-27T12:29:03.9479584+08:00">
        <Text>[xUnit.net 00:04:46.50]     Photopipeline.Tests.FunctionalTests.ApiChannel.PluginApiTests.ExecutePluginPipeline(tc: TestCaseDefinition { Id = plugin_0141, Name = avif_encoder_quality_60_gradient_horiz_rgb, Category = plugin, Tags = System.String[], InputImage = gradient_horiz_rgb, InputImages = , Pipeline = Photopipeline.Models.PipelineSpec, OutputFormat = PNG, OutputBitDepth = , OutputLossless = , TolerancePerChannel = 0, MinPSNR = , MinSSIM = , MaxDeltaE = , ExpectError = False, ExpectedErrorMessage = , SkipUiChannel = False, SkipApiChannel = False, IsSerialOnly = False }) [FAIL]</Text>
      </RunInfo>
      <RunInfo computerName="WIN-GKU76LNHACV" outcome="Error" timestamp="2026-05-27T12:29:06.1252514+08:00">
        <Text>[xUnit.net 00:04:48.68]     Photopipeline.Tests.FunctionalTests.ApiChannel.PluginApiTests.ExecutePluginPipeline(tc: TestCaseDefinition { Id = plugin_0142, Name = avif_encoder_quality_90_gradient_horiz_rgb, Category = plugin, Tags = System.String[], InputImage = gradient_horiz_rgb, InputImages = , Pipeline = Photopipeline.Models.PipelineSpec, OutputFormat = PNG, OutputBitDepth = , OutputLossless = , TolerancePerChannel = 0, MinPSNR = , MinSSIM = , MaxDeltaE = , ExpectError = False, ExpectedErrorMessage = , SkipUiChannel = False, SkipApiChannel = False, IsSerialOnly = False }) [FAIL]</Text>
      </RunInfo>
      <RunInfo computerName="WIN-GKU76LNHACV" outcome="Error" timestamp="2026-05-27T12:29:08.2522280+08:00">
        <Text>[xUnit.net 00:04:50.80]     Photopipeline.Tests.FunctionalTests.ApiChannel.PluginApiTests.ExecutePluginPipeline(tc: TestCaseDefinition { Id = plugin_0143, Name = avif_encoder_default_all, Category = plugin, Tags = System.String[], InputImage = color_bars_8bit, InputImages = , Pipeline = Photopipeline.Models.PipelineSpec, OutputFormat = PNG, OutputBitDepth = , OutputLossless = , TolerancePerChannel = 0, MinPSNR = , MinSSIM = , MaxDeltaE = , ExpectError = False, ExpectedErrorMessage = , SkipUiChannel = False, SkipApiChannel = False, IsSerialOnly = False }) [FAIL]</Text>
      </RunInfo>
      <RunInfo computerName="WIN-GKU76LNHACV" outcome="Error" timestamp="2026-05-27T12:29:10.2593724+08:00">
        <Text>[xUnit.net 00:04:52.81]     Photopipeline.Tests.FunctionalTests.ApiChannel.PluginApiTests.ExecutePluginPipeline(tc: TestCaseDefinition { Id = plugin_0144, Name = jxl_encoder_quality_30_color_bars_8bit, Category = plugin, Tags = System.String[], InputImage = color_bars_8bit, InputImages = , Pipeline = Photopipeline.Models.PipelineSpec, OutputFormat = PNG, OutputBitDepth = , OutputLossless = , TolerancePerChannel = 0, MinPSNR = , MinSSIM = , MaxDeltaE = , ExpectError = False, ExpectedErrorMessage = , SkipUiChannel = False, SkipApiChannel = False, IsSerialOnly = False }) [FAIL]</Text>
      </RunInfo>
      <RunInfo computerName="WIN-GKU76LNHACV" outcome="Error" timestamp="2026-05-27T12:29:12.2672238+08:00">
        <Text>[xUnit.net 00:04:54.82]     Photopipeline.Tests.FunctionalTests.ApiChannel.PluginApiTests.ExecutePluginPipeline(tc: TestCaseDefinition { Id = plugin_0145, Name = jxl_encoder_quality_60_color_bars_8bit, Category = plugin, Tags = System.String[], InputImage = color_bars_8bit, InputImages = , Pipeline = Photopipeline.Models.PipelineSpec, OutputFormat = PNG, OutputBitDepth = , OutputLossless = , TolerancePerChannel = 0, MinPSNR = , MinSSIM = , MaxDeltaE = , ExpectError = False, ExpectedErrorMessage = , SkipUiChannel = False, SkipApiChannel = False, IsSerialOnly = False }) [FAIL]</Text>
      </RunInfo>
      <RunInfo computerName="WIN-GKU76LNHACV" outcome="Error" timestamp="2026-05-27T12:29:14.2744748+08:00">
        <Text>[xUnit.net 00:04:56.83]     Photopipeline.Tests.FunctionalTests.ApiChannel.PluginApiTests.ExecutePluginPipeline(tc: TestCaseDefinition { Id = plugin_0146, Name = jxl_encoder_quality_90_color_bars_8bit, Category = plugin, Tags = System.String[], InputImage = color_bars_8bit, InputImages = , Pipeline = Photopipeline.Models.PipelineSpec, OutputFormat = PNG, OutputBitDepth = , OutputLossless = , TolerancePerChannel = 0, MinPSNR = , MinSSIM = , MaxDeltaE = , ExpectError = False, ExpectedErrorMessage = , SkipUiChannel = False, SkipApiChannel = False, IsSerialOnly = False }) [FAIL]</Text>
      </RunInfo>
      <RunInfo computerName="WIN-GKU76LNHACV" outcome="Error" timestamp="2026-05-27T12:29:16.2856324+08:00">
        <Text>[xUnit.net 00:04:58.84]     Photopipeline.Tests.FunctionalTests.ApiChannel.PluginApiTests.ExecutePluginPipeline(tc: TestCaseDefinition { Id = plugin_0147, Name = jxl_encoder_quality_30_gradient_horiz_rgb, Category = plugin, Tags = System.String[], InputImage = gradient_horiz_rgb, InputImages = , Pipeline = Photopipeline.Models.PipelineSpec, OutputFormat = PNG, OutputBitDepth = , OutputLossless = , TolerancePerChannel = 0, MinPSNR = , MinSSIM = , MaxDeltaE = , ExpectError = False, ExpectedErrorMessage = , SkipUiChannel = False, SkipApiChannel = False, IsSerialOnly = False }) [FAIL]</Text>
      </RunInfo>
      <RunInfo computerName="WIN-GKU76LNHACV" outcome="Error" timestamp="2026-05-27T12:29:18.2969554+08:00">
        <Text>[xUnit.net 00:05:00.85]     Photopipeline.Tests.FunctionalTests.ApiChannel.PluginApiTests.ExecutePluginPipeline(tc: TestCaseDefinition { Id = plugin_0148, Name = jxl_encoder_quality_60_gradient_horiz_rgb, Category = plugin, Tags = System.String[], InputImage = gradient_horiz_rgb, InputImages = , Pipeline = Photopipeline.Models.PipelineSpec, OutputFormat = PNG, OutputBitDepth = , OutputLossless = , TolerancePerChannel = 0, MinPSNR = , MinSSIM = , MaxDeltaE = , ExpectError = False, ExpectedErrorMessage = , SkipUiChannel = False, SkipApiChannel = False, IsSerialOnly = False }) [FAIL]</Text>
      </RunInfo>
      <RunInfo computerName="WIN-GKU76LNHACV" outcome="Error" timestamp="2026-05-27T12:29:20.3043096+08:00">
        <Text>[xUnit.net 00:05:02.85]     Photopipeline.Tests.FunctionalTests.ApiChannel.PluginApiTests.ExecutePluginPipeline(tc: TestCaseDefinition { Id = plugin_0149, Name = jxl_encoder_quality_90_gradient_horiz_rgb, Category = plugin, Tags = System.String[], InputImage = gradient_horiz_rgb, InputImages = , Pipeline = Photopipeline.Models.PipelineSpec, OutputFormat = PNG, OutputBitDepth = , OutputLossless = , TolerancePerChannel = 0, MinPSNR = , MinSSIM = , MaxDeltaE = , ExpectError = False, ExpectedErrorMessage = , SkipUiChannel = False, SkipApiChannel = False, IsSerialOnly = False }) [FAIL]</Text>
      </RunInfo>
      <RunInfo computerName="WIN-GKU76LNHACV" outcome="Error" timestamp="2026-05-27T12:29:22.3131922+08:00">
        <Text>[xUnit.net 00:05:04.86]     Photopipeline.Tests.FunctionalTests.ApiChannel.PluginApiTests.ExecutePluginPipeline(tc: TestCaseDefinition { Id = plugin_0150, Name = jxl_encoder_default_all, Category = plugin, Tags = System.String[], InputImage = color_bars_8bit, InputImages = , Pipeline = Photopipeline.Models.PipelineSpec, OutputFormat = PNG, OutputBitDepth = , OutputLossless = , TolerancePerChannel = 0, MinPSNR = , MinSSIM = , MaxDeltaE = , ExpectError = False, ExpectedErrorMessage = , SkipUiChannel = False, SkipApiChannel = False, IsSerialOnly = False }) [FAIL]</Text>
      </RunInfo>
      <RunInfo computerName="WIN-GKU76LNHACV" outcome="Error" timestamp="2026-05-27T12:29:24.3203577+08:00">
        <Text>[xUnit.net 00:05:06.87]     Photopipeline.Tests.FunctionalTests.ApiChannel.PluginApiTests.ExecutePluginPipeline(tc: TestCaseDefinition { Id = plugin_0151, Name = heif_encoder_quality_30_color_bars_8bit, Category = plugin, Tags = System.String[], InputImage = color_bars_8bit, InputImages = , Pipeline = Photopipeline.Models.PipelineSpec, OutputFormat = PNG, OutputBitDepth = , OutputLossless = , TolerancePerChannel = 0, MinPSNR = , MinSSIM = , MaxDeltaE = , ExpectError = False, ExpectedErrorMessage = , SkipUiChannel = False, SkipApiChannel = False, IsSerialOnly = False }) [FAIL]</Text>
      </RunInfo>
      <RunInfo computerName="WIN-GKU76LNHACV" outcome="Error" timestamp="2026-05-27T12:29:26.3278003+08:00">
        <Text>[xUnit.net 00:05:08.88]     Photopipeline.Tests.FunctionalTests.ApiChannel.PluginApiTests.ExecutePluginPipeline(tc: TestCaseDefinition { Id = plugin_0152, Name = heif_encoder_quality_60_color_bars_8bit, Category = plugin, Tags = System.String[], InputImage = color_bars_8bit, InputImages = , Pipeline = Photopipeline.Models.PipelineSpec, OutputFormat = PNG, OutputBitDepth = , OutputLossless = , TolerancePerChannel = 0, MinPSNR = , MinSSIM = , MaxDeltaE = , ExpectError = False, ExpectedErrorMessage = , SkipUiChannel = False, SkipApiChannel = False, IsSerialOnly = False }) [FAIL]</Text>
      </RunInfo>
      <RunInfo computerName="WIN-GKU76LNHACV" outcome="Error" timestamp="2026-05-27T12:29:28.3347966+08:00">
        <Text>[xUnit.net 00:05:10.89]     Photopipeline.Tests.FunctionalTests.ApiChannel.PluginApiTests.ExecutePluginPipeline(tc: TestCaseDefinition { Id = plugin_0153, Name = heif_encoder_quality_95_color_bars_8bit, Category = plugin, Tags = System.String[], InputImage = color_bars_8bit, InputImages = , Pipeline = Photopipeline.Models.PipelineSpec, OutputFormat = PNG, OutputBitDepth = , OutputLossless = , TolerancePerChannel = 0, MinPSNR = , MinSSIM = , MaxDeltaE = , ExpectError = False, ExpectedErrorMessage = , SkipUiChannel = False, SkipApiChannel = False, IsSerialOnly = False }) [FAIL]</Text>
      </RunInfo>
      <RunInfo computerName="WIN-GKU76LNHACV" outcome="Error" timestamp="2026-05-27T12:29:30.3407701+08:00">
        <Text>[xUnit.net 00:05:12.89]     Photopipeline.Tests.FunctionalTests.ApiChannel.PluginApiTests.ExecutePluginPipeline(tc: TestCaseDefinition { Id = plugin_0154, Name = heif_encoder_quality_30_gradient_horiz_rgb, Category = plugin, Tags = System.String[], InputImage = gradient_horiz_rgb, InputImages = , Pipeline = Photopipeline.Models.PipelineSpec, OutputFormat = PNG, OutputBitDepth = , OutputLossless = , TolerancePerChannel = 0, MinPSNR = , MinSSIM = , MaxDeltaE = , ExpectError = False, ExpectedErrorMessage = , SkipUiChannel = False, SkipApiChannel = False, IsSerialOnly = False }) [FAIL]</Text>
      </RunInfo>
      <RunInfo computerName="WIN-GKU76LNHACV" outcome="Error" timestamp="2026-05-27T12:29:32.3480126+08:00">
        <Text>[xUnit.net 00:05:14.90]     Photopipeline.Tests.FunctionalTests.ApiChannel.PluginApiTests.ExecutePluginPipeline(tc: TestCaseDefinition { Id = plugin_0155, Name = heif_encoder_quality_60_gradient_horiz_rgb, Category = plugin, Tags = System.String[], InputImage = gradient_horiz_rgb, InputImages = , Pipeline = Photopipeline.Models.PipelineSpec, OutputFormat = PNG, OutputBitDepth = , OutputLossless = , TolerancePerChannel = 0, MinPSNR = , MinSSIM = , MaxDeltaE = , ExpectError = False, ExpectedErrorMessage = , SkipUiChannel = False, SkipApiChannel = False, IsSerialOnly = False }) [FAIL]</Text>
      </RunInfo>
      <RunInfo computerName="WIN-GKU76LNHACV" outcome="Error" timestamp="2026-05-27T12:29:34.3564601+08:00">
        <Text>[xUnit.net 00:05:16.91]     Photopipeline.Tests.FunctionalTests.ApiChannel.PluginApiTests.ExecutePluginPipeline(tc: TestCaseDefinition { Id = plugin_0156, Name = heif_encoder_quality_95_gradient_horiz_rgb, Category = plugin, Tags = System.String[], InputImage = gradient_horiz_rgb, InputImages = , Pipeline = Photopipeline.Models.PipelineSpec, OutputFormat = PNG, OutputBitDepth = , OutputLossless = , TolerancePerChannel = 0, MinPSNR = , MinSSIM = , MaxDeltaE = , ExpectError = False, ExpectedErrorMessage = , SkipUiChannel = False, SkipApiChannel = False, IsSerialOnly = False }) [FAIL]</Text>
      </RunInfo>
      <RunInfo computerName="WIN-GKU76LNHACV" outcome="Error" timestamp="2026-05-27T12:29:36.3644145+08:00">
        <Text>[xUnit.net 00:05:18.91]     Photopipeline.Tests.FunctionalTests.ApiChannel.PluginApiTests.ExecutePluginPipeline(tc: TestCaseDefinition { Id = plugin_0157, Name = heif_encoder_default_all, Category = plugin, Tags = System.String[], InputImage = color_bars_8bit, InputImages = , Pipeline = Photopipeline.Models.PipelineSpec, OutputFormat = PNG, OutputBitDepth = , OutputLossless = , TolerancePerChannel = 0, MinPSNR = , MinSSIM = , MaxDeltaE = , ExpectError = False, ExpectedErrorMessage = , SkipUiChannel = False, SkipApiChannel = False, IsSerialOnly = False }) [FAIL]</Text>
      </RunInfo>
    </RunInfos>
  </ResultSummary>
</TestRun>