<?xml version="1.0" encoding="utf-8"?>
<TestRun id="72da8a7e-0ecc-4f3c-8776-871635a38301" name="gmw@WIN-GKU76LNHACV 2026-05-27 11:58:04" runUser="WIN-GKU76LNHACV\GMW" xmlns="http://microsoft.com/schemas/VisualStudio/TeamTest/2010">
  <Times creation="2026-05-27T11:58:04.0443485+08:00" queuing="2026-05-27T11:58:04.0443487+08:00" start="2026-05-27T11:58:00.7851605+08:00" finish="2026-05-27T12:03:20.2257775+08:00" />
  <TestSettings name="default" id="817c9c84-0216-4584-a1c1-1694f97fc1d4">
    <Deployment runDeploymentRoot="gmw_WIN-GKU76LNHACV_2026-05-27_11_58_04" />
  </TestSettings>
  <Results>
    <UnitTestResult executionId="f0175cd2-dce0-4d37-989a-1034533db723" testId="45254649-8c2d-8a12-e0ce-fd3234106ab0" testName="Photopipeline.Tests.FunctionalTests.ApiChannel.PluginApiTests.ExecutePluginPipeline(tc: TestCaseDefinition { Id = plugin_0118, Name = png_encoder_compression_level_0_color_bars_8bit, Category = plugin, Tags = System.String[], InputImage = color_bars_8bit, InputImages = , Pipeline = Photopipeline.Models.PipelineSpec, OutputFormat = PNG, OutputBitDepth = , OutputLossless = , TolerancePerChannel = 0, MinPSNR = , MinSSIM = , MaxDeltaE = , ExpectError = False, ExpectedErrorMessage = , SkipUiChannel = False, SkipApiChannel = False, IsSerialOnly = False })" computerName="WIN-GKU76LNHACV" duration="00:00:02.0091548" startTime="2026-05-27T12:01:59.1391284+08:00" endTime="2026-05-27T12:02:01.1488686+08:00" testType="13cdc9d9-ddb5-4fa4-a97d-d965ccfc6d4b" outcome="Passed" testListId="8c84fa94-04c1-424b-9868-57a2d4851a1d" relativeResultsDirectory="f0175cd2-dce0-4d37-989a-1034533db723">
      <Output>
        <StdOut>Backend gRPC connected successfully.&#xD;
PASS: png_encoder_compression_level_0_color_bars_8bit</StdOut>
      </Output>
    </UnitTestResult>
    <UnitTestResult executionId="5f03e3f9-c05c-418c-a7b2-521ac38c9dd7" testId="45254649-8c2d-8a12-e0ce-fd3234106ab0" testName="Photopipeline.Tests.FunctionalTests.ApiChannel.PluginApiTests.ExecutePluginPipeline(tc: TestCaseDefinition { Id = plugin_0036, Name = colorspace_target_color_space_adobe_rgb_color_bars_8bit, Category = plugin, Tags = System.String[], InputImage = color_bars_8bit, InputImages = , Pipeline = Photopipeline.Models.PipelineSpec, OutputFormat = PNG, OutputBitDepth = , OutputLossless = , TolerancePerChannel = 0, MinPSNR = , MinSSIM = , MaxDeltaE = , ExpectError = False, ExpectedErrorMessage = , SkipUiChannel = False, SkipApiChannel = False, IsSerialOnly = False })" computerName="WIN-GKU76LNHACV" duration="00:00:02.0122378" startTime="2026-05-27T11:59:14.1246490+08:00" endTime="2026-05-27T11:59:16.1372789+08:00" testType="13cdc9d9-ddb5-4fa4-a97d-d965ccfc6d4b" outcome="Passed" testListId="8c84fa94-04c1-424b-9868-57a2d4851a1d" relativeResultsDirectory="5f03e3f9-c05c-418c-a7b2-521ac38c9dd7">
      <Output>
        <StdOut>Backend gRPC connected successfully.&#xD;
PASS: colorspace_target_color_space_adobe_rgb_color_bars_8bit</StdOut>
      </Output>
    </UnitTestResult>
    <UnitTestResult executionId="8784ea4c-a7fe-42bc-8034-f05978051958" testId="45254649-8c2d-8a12-e0ce-fd3234106ab0" testName="Photopipeline.Tests.FunctionalTests.ApiChannel.PluginApiTests.ExecutePluginPipeline(tc: TestCaseDefinition { Id = plugin_0117, Name = raw_input_default_all, Category = plugin, Tags = System.String[], InputImage = gradient_horiz_rgb, InputImages = , Pipeline = Photopipeline.Models.PipelineSpec, OutputFormat = PNG, OutputBitDepth = , OutputLossless = , TolerancePerChannel = 0, MinPSNR = , MinSSIM = , MaxDeltaE = , ExpectError = False, ExpectedErrorMessage = , SkipUiChannel = False, SkipApiChannel = False, IsSerialOnly = False })" computerName="WIN-GKU76LNHACV" duration="00:00:02.0134742" startTime="2026-05-27T12:01:57.1251353+08:00" endTime="2026-05-27T12:01:59.1391017+08:00" testType="13cdc9d9-ddb5-4fa4-a97d-d965ccfc6d4b" outcome="Passed" testListId="8c84fa94-04c1-424b-9868-57a2d4851a1d" relativeResultsDirectory="8784ea4c-a7fe-42bc-8034-f05978051958">
      <Output>
        <StdOut>Backend gRPC connected successfully.&#xD;
Determinism verified: two runs produce pixel-identical output&#xD;
PASS: raw_input_default_all</StdOut>
      </Output>
    </UnitTestResult>
    <UnitTestResult executionId="b6d3b4ff-eb54-49c0-8a14-e286c61be7f4" testId="45254649-8c2d-8a12-e0ce-fd3234106ab0" testName="Photopipeline.Tests.FunctionalTests.ApiChannel.PluginApiTests.ExecutePluginPipeline(tc: TestCaseDefinition { Id = plugin_0073, Name = ai_denoise_default_all, Category = plugin, Tags = System.String[], InputImage = noise_grain, InputImages = , Pipeline = Photopipeline.Models.PipelineSpec, OutputFormat = PNG, OutputBitDepth = , OutputLossless = , TolerancePerChannel = 0, MinPSNR = , MinSSIM = , MaxDeltaE = , ExpectError = False, ExpectedErrorMessage = , SkipUiChannel = False, SkipApiChannel = False, IsSerialOnly = False })" computerName="WIN-GKU76LNHACV" duration="00:00:02.0076677" startTime="2026-05-27T12:00:28.6172448+08:00" endTime="2026-05-27T12:00:30.6253682+08:00" testType="13cdc9d9-ddb5-4fa4-a97d-d965ccfc6d4b" outcome="Failed" testListId="8c84fa94-04c1-424b-9868-57a2d4851a1d" relativeResultsDirectory="b6d3b4ff-eb54-49c0-8a14-e286c61be7f4">
      <Output>
        <StdOut>Backend gRPC connected successfully.</StdOut>
        <ErrorInfo>
          <Message>System.IO.FileNotFoundException : Pipeline output not found: C:\Users\GMW\AppData\Local\Temp\photopipeline_tests\20260527_120028\ai_denoise_default_all\ai_denoise_default_all_output.png</Message>
          <StackTrace>   at Photopipeline.Tests.FunctionalTests.ApiChannel.ApiTestBase.ExecuteAndGetOutput(PipelineSpec spec, String inputImagePath, String outputPath, CancellationToken ct) in C:\Data\code\photopipeline\gui\windows\Photopipeline.Tests\FunctionalTests\ApiChannel\ApiTestBase.cs:line 97&#xD;
   at Photopipeline.Tests.FunctionalTests.ApiChannel.ApiTestBase.ExecuteTwiceAndAssertDeterministic(PipelineSpec spec, String inputPath, String outputPath, TestOutputManager outputMgr, CancellationToken ct) in C:\Data\code\photopipeline\gui\windows\Photopipeline.Tests\FunctionalTests\ApiChannel\ApiTestBase.cs:line 120&#xD;
   at Photopipeline.Tests.FunctionalTests.ApiChannel.PluginApiTests.ExecutePluginPipeline(TestCaseDefinition tc) in C:\Data\code\photopipeline\gui\windows\Photopipeline.Tests\FunctionalTests\ApiChannel\PluginApiTests.cs:line 47&#xD;
--- End of stack trace from previous location ---</StackTrace>
        </ErrorInfo>
      </Output>
    </UnitTestResult>
    <UnitTestResult executionId="e5a2194d-1ab7-44c1-8f40-2c8bc3034de2" testId="45254649-8c2d-8a12-e0ce-fd3234106ab0" testName="Photopipeline.Tests.FunctionalTests.ApiChannel.PluginApiTests.ExecutePluginPipeline(tc: TestCaseDefinition { Id = plugin_0049, Name = colorspace_rendering_intent_photopipeline.plugins.colorspace_pure_red_small, Category = plugin, Tags = System.String[], InputImage = pure_red_small, InputImages = , Pipeline = Photopipeline.Models.PipelineSpec, OutputFormat = PNG, OutputBitDepth = , OutputLossless = , TolerancePerChannel = 0, MinPSNR = , MinSSIM = , MaxDeltaE = , ExpectError = False, ExpectedErrorMessage = , SkipUiChannel = False, SkipApiChannel = False, IsSerialOnly = False })" computerName="WIN-GKU76LNHACV" duration="00:00:02.0181822" startTime="2026-05-27T11:59:40.3012416+08:00" endTime="2026-05-27T11:59:42.3204772+08:00" testType="13cdc9d9-ddb5-4fa4-a97d-d965ccfc6d4b" outcome="Failed" testListId="8c84fa94-04c1-424b-9868-57a2d4851a1d" relativeResultsDirectory="e5a2194d-1ab7-44c1-8f40-2c8bc3034de2">
      <Output>
        <StdOut>Backend gRPC connected successfully.</StdOut>
        <ErrorInfo>
          <Message>PLUGIN HAD NO EFFECT: Output is pixel-identical to input. Test case 'colorspace_rendering_intent_photopipeline.plugins.colorspace_pure_red_small' — plugin likely did not execute. Parameters: rendering_intent=photopipeline.plugins.colorspace</Message>
          <StackTrace>   at Photopipeline.Tests.FunctionalTests.ApiChannel.PluginApiTests.ExecutePluginPipeline(TestCaseDefinition tc) in C:\Data\code\photopipeline\gui\windows\Photopipeline.Tests\FunctionalTests\ApiChannel\PluginApiTests.cs:line 72&#xD;
--- End of stack trace from previous location ---</StackTrace>
        </ErrorInfo>
      </Output>
    </UnitTestResult>
    <UnitTestResult executionId="8e882a63-309e-4753-b8ed-81d4f845b0ef" testId="45254649-8c2d-8a12-e0ce-fd3234106ab0" testName="Photopipeline.Tests.FunctionalTests.ApiChannel.PluginApiTests.ExecutePluginPipeline(tc: TestCaseDefinition { Id = plugin_0074, Name = ai_denoise_detail_preservation_0_noise_grain, Category = plugin, Tags = System.String[], InputImage = noise_grain, InputImages = , Pipeline = Photopipeline.Models.PipelineSpec, OutputFormat = PNG, OutputBitDepth = , OutputLossless = , TolerancePerChannel = 0, MinPSNR = , MinSSIM = , MaxDeltaE = , ExpectError = False, ExpectedErrorMessage = , SkipUiChannel = False, SkipApiChannel = False, IsSerialOnly = False })" computerName="WIN-GKU76LNHACV" duration="00:00:02.0158344" startTime="2026-05-27T12:00:30.6255392+08:00" endTime="2026-05-27T12:00:32.6418603+08:00" testType="13cdc9d9-ddb5-4fa4-a97d-d965ccfc6d4b" outcome="Failed" testListId="8c84fa94-04c1-424b-9868-57a2d4851a1d" relativeResultsDirectory="8e882a63-309e-4753-b8ed-81d4f845b0ef">
      <Output>
        <StdOut>Backend gRPC connected successfully.</StdOut>
        <ErrorInfo>
          <Message>System.IO.FileNotFoundException : Pipeline output not found: C:\Users\GMW\AppData\Local\Temp\photopipeline_tests\20260527_120030\ai_denoise_detail_preservation_0_noise_grain\ai_denoise_detail_preservation_0_noise_grain_output.png</Message>
          <StackTrace>   at Photopipeline.Tests.FunctionalTests.ApiChannel.ApiTestBase.ExecuteAndGetOutput(PipelineSpec spec, String inputImagePath, String outputPath, CancellationToken ct) in C:\Data\code\photopipeline\gui\windows\Photopipeline.Tests\FunctionalTests\ApiChannel\ApiTestBase.cs:line 97&#xD;
   at Photopipeline.Tests.FunctionalTests.ApiChannel.PluginApiTests.ExecutePluginPipeline(TestCaseDefinition tc) in C:\Data\code\photopipeline\gui\windows\Photopipeline.Tests\FunctionalTests\ApiChannel\PluginApiTests.cs:line 51&#xD;
--- End of stack trace from previous location ---</StackTrace>
        </ErrorInfo>
      </Output>
    </UnitTestResult>
    <UnitTestResult executionId="44935b49-dcbe-4fc3-b18d-6d8544d1f5d7" testId="45254649-8c2d-8a12-e0ce-fd3234106ab0" testName="Photopipeline.Tests.FunctionalTests.ApiChannel.PluginApiTests.ExecutePluginPipeline(tc: TestCaseDefinition { Id = plugin_0047, Name = colorspace_rendering_intent_relative_colorimetric_pure_red_small, Category = plugin, Tags = System.String[], InputImage = pure_red_small, InputImages = , Pipeline = Photopipeline.Models.PipelineSpec, OutputFormat = PNG, OutputBitDepth = , OutputLossless = , TolerancePerChannel = 0, MinPSNR = , MinSSIM = , MaxDeltaE = , ExpectError = False, ExpectedErrorMessage = , SkipUiChannel = False, SkipApiChannel = False, IsSerialOnly = False })" computerName="WIN-GKU76LNHACV" duration="00:00:02.0082456" startTime="2026-05-27T11:59:36.2840160+08:00" endTime="2026-05-27T11:59:38.2928448+08:00" testType="13cdc9d9-ddb5-4fa4-a97d-d965ccfc6d4b" outcome="Failed" testListId="8c84fa94-04c1-424b-9868-57a2d4851a1d" relativeResultsDirectory="44935b49-dcbe-4fc3-b18d-6d8544d1f5d7">
      <Output>
        <StdOut>Backend gRPC connected successfully.</StdOut>
        <ErrorInfo>
          <Message>PLUGIN HAD NO EFFECT: Output is pixel-identical to input. Test case 'colorspace_rendering_intent_relative_colorimetric_pure_red_small' — plugin likely did not execute. Parameters: rendering_intent=relative_colorimetric</Message>
          <StackTrace>   at Photopipeline.Tests.FunctionalTests.ApiChannel.PluginApiTests.ExecutePluginPipeline(TestCaseDefinition tc) in C:\Data\code\photopipeline\gui\windows\Photopipeline.Tests\FunctionalTests\ApiChannel\PluginApiTests.cs:line 72&#xD;
--- End of stack trace from previous location ---</StackTrace>
        </ErrorInfo>
      </Output>
    </UnitTestResult>
    <UnitTestResult executionId="3ade02ea-fc00-4aea-a349-7572e3f750f5" testId="45254649-8c2d-8a12-e0ce-fd3234106ab0" testName="Photopipeline.Tests.FunctionalTests.ApiChannel.PluginApiTests.ExecutePluginPipeline(tc: TestCaseDefinition { Id = plugin_0132, Name = tiff_encoder_compression_deflate_color_bars_8bit, Category = plugin, Tags = System.String[], InputImage = color_bars_8bit, InputImages = , Pipeline = Photopipeline.Models.PipelineSpec, OutputFormat = PNG, OutputBitDepth = , OutputLossless = , TolerancePerChannel = 0, MinPSNR = , MinSSIM = , MaxDeltaE = , ExpectError = False, ExpectedErrorMessage = , SkipUiChannel = False, SkipApiChannel = False, IsSerialOnly = False })" computerName="WIN-GKU76LNHACV" duration="00:00:02.0097109" startTime="2026-05-27T12:02:27.2887795+08:00" endTime="2026-05-27T12:02:29.2989355+08:00" testType="13cdc9d9-ddb5-4fa4-a97d-d965ccfc6d4b" outcome="Failed" testListId="8c84fa94-04c1-424b-9868-57a2d4851a1d" relativeResultsDirectory="3ade02ea-fc00-4aea-a349-7572e3f750f5">
      <Output>
        <StdOut>Backend gRPC connected successfully.</StdOut>
        <ErrorInfo>
          <Message>System.InvalidOperationException : Failed to decode image: C:\Users\GMW\AppData\Local\Temp\photopipeline_tests\20260527_120227\tiff_encoder_compression_deflate_color_bars_8bit\tiff_encoder_compression_deflate_color_bars_8bit_output.tif</Message>
          <StackTrace>   at Photopipeline.Tests.FunctionalTests.Infrastructure.ImageAssert.LoadBitmap(String path) in C:\Data\code\photopipeline\gui\windows\Photopipeline.Tests\FunctionalTests\Infrastructure\ImageAssert.cs:line 237&#xD;
   at Photopipeline.Tests.FunctionalTests.Infrastructure.ImageAssert.IsValidFormat(String path, String expectedFormat, Nullable`1 expectedWidth, Nullable`1 expectedHeight, Nullable`1 expectedBitDepth) in C:\Data\code\photopipeline\gui\windows\Photopipeline.Tests\FunctionalTests\Infrastructure\ImageAssert.cs:line 123&#xD;
   at Photopipeline.Tests.FunctionalTests.ApiChannel.ApiTestBase.AssertValidOutput(String outputPath, String expectedFormat, Nullable`1 expectedWidth, Nullable`1 expectedHeight, Nullable`1 expectedBitDepth) in C:\Data\code\photopipeline\gui\windows\Photopipeline.Tests\FunctionalTests\ApiChannel\ApiTestBase.cs:line 138&#xD;
   at Photopipeline.Tests.FunctionalTests.ApiChannel.PluginApiTests.ExecutePluginPipeline(TestCaseDefinition tc) in C:\Data\code\photopipeline\gui\windows\Photopipeline.Tests\FunctionalTests\ApiChannel\PluginApiTests.cs:line 55&#xD;
--- End of stack trace from previous location ---</StackTrace>
        </ErrorInfo>
      </Output>
    </UnitTestResult>
    <UnitTestResult executionId="96436449-b928-4b33-a8c7-f2e6a4e1133d" testId="45254649-8c2d-8a12-e0ce-fd3234106ab0" testName="Photopipeline.Tests.FunctionalTests.ApiChannel.PluginApiTests.ExecutePluginPipeline(tc: TestCaseDefinition { Id = plugin_0151, Name = heif_encoder_quality_30_color_bars_8bit, Category = plugin, Tags = System.String[], InputImage = color_bars_8bit, InputImages = , Pipeline = Photopipeline.Models.PipelineSpec, OutputFormat = PNG, OutputBitDepth = , OutputLossless = , TolerancePerChannel = 0, MinPSNR = , MinSSIM = , MaxDeltaE = , ExpectError = False, ExpectedErrorMessage = , SkipUiChannel = False, SkipApiChannel = False, IsSerialOnly = False })" computerName="WIN-GKU76LNHACV" duration="00:00:02.0054166" startTime="2026-05-27T12:03:06.1273993+08:00" endTime="2026-05-27T12:03:08.1332357+08:00" testType="13cdc9d9-ddb5-4fa4-a97d-d965ccfc6d4b" outcome="Failed" testListId="8c84fa94-04c1-424b-9868-57a2d4851a1d" relativeResultsDirectory="96436449-b928-4b33-a8c7-f2e6a4e1133d">
      <Output>
        <StdOut>Backend gRPC connected successfully.</StdOut>
        <ErrorInfo>
          <Message>System.IO.FileNotFoundException : Pipeline output not found: C:\Users\GMW\AppData\Local\Temp\photopipeline_tests\20260527_120306\heif_encoder_quality_30_color_bars_8bit\heif_encoder_quality_30_color_bars_8bit_output.heif</Message>
          <StackTrace>   at Photopipeline.Tests.FunctionalTests.ApiChannel.ApiTestBase.ExecuteAndGetOutput(PipelineSpec spec, String inputImagePath, String outputPath, CancellationToken ct) in C:\Data\code\photopipeline\gui\windows\Photopipeline.Tests\FunctionalTests\ApiChannel\ApiTestBase.cs:line 97&#xD;
   at Photopipeline.Tests.FunctionalTests.ApiChannel.PluginApiTests.ExecutePluginPipeline(TestCaseDefinition tc) in C:\Data\code\photopipeline\gui\windows\Photopipeline.Tests\FunctionalTests\ApiChannel\PluginApiTests.cs:line 51&#xD;
--- End of stack trace from previous location ---</StackTrace>
        </ErrorInfo>
      </Output>
    </UnitTestResult>
    <UnitTestResult executionId="6c233d0e-bc5e-438a-861f-ee3220c6584f" testId="45254649-8c2d-8a12-e0ce-fd3234106ab0" testName="Photopipeline.Tests.FunctionalTests.ApiChannel.PluginApiTests.ExecutePluginPipeline(tc: TestCaseDefinition { Id = plugin_0087, Name = ai_denoise_denoise_model_standard_v2_checkerboard_8x8, Category = plugin, Tags = System.String[], InputImage = checkerboard_8x8, InputImages = , Pipeline = Photopipeline.Models.PipelineSpec, OutputFormat = PNG, OutputBitDepth = , OutputLossless = , TolerancePerChannel = 0, MinPSNR = , MinSSIM = , MaxDeltaE = , ExpectError = False, ExpectedErrorMessage = , SkipUiChannel = False, SkipApiChannel = False, IsSerialOnly = False })" computerName="WIN-GKU76LNHACV" duration="00:00:02.0082150" startTime="2026-05-27T12:00:56.7532916+08:00" endTime="2026-05-27T12:00:58.7621059+08:00" testType="13cdc9d9-ddb5-4fa4-a97d-d965ccfc6d4b" outcome="Failed" testListId="8c84fa94-04c1-424b-9868-57a2d4851a1d" relativeResultsDirectory="6c233d0e-bc5e-438a-861f-ee3220c6584f">
      <Output>
        <StdOut>Backend gRPC connected successfully.</StdOut>
        <ErrorInfo>
          <Message>System.IO.FileNotFoundException : Pipeline output not found: C:\Users\GMW\AppData\Local\Temp\photopipeline_tests\20260527_120056\ai_denoise_denoise_model_standard_v2_checkerboard_8x8\ai_denoise_denoise_model_standard_v2_checkerboard_8x8_output.png</Message>
          <StackTrace>   at Photopipeline.Tests.FunctionalTests.ApiChannel.ApiTestBase.ExecuteAndGetOutput(PipelineSpec spec, String inputImagePath, String outputPath, CancellationToken ct) in C:\Data\code\photopipeline\gui\windows\Photopipeline.Tests\FunctionalTests\ApiChannel\ApiTestBase.cs:line 97&#xD;
   at Photopipeline.Tests.FunctionalTests.ApiChannel.PluginApiTests.ExecutePluginPipeline(TestCaseDefinition tc) in C:\Data\code\photopipeline\gui\windows\Photopipeline.Tests\FunctionalTests\ApiChannel\PluginApiTests.cs:line 51&#xD;
--- End of stack trace from previous location ---</StackTrace>
        </ErrorInfo>
      </Output>
    </UnitTestResult>
    <UnitTestResult executionId="a8d7895c-4926-4405-a1eb-f301d9cb7964" testId="45254649-8c2d-8a12-e0ce-fd3234106ab0" testName="Photopipeline.Tests.FunctionalTests.ApiChannel.PluginApiTests.ExecutePluginPipeline(tc: TestCaseDefinition { Id = plugin_0034, Name = colorspace_target_color_space_srgb_color_bars_8bit, Category = plugin, Tags = System.String[], InputImage = color_bars_8bit, InputImages = , Pipeline = Photopipeline.Models.PipelineSpec, OutputFormat = PNG, OutputBitDepth = , OutputLossless = , TolerancePerChannel = 0, MinPSNR = , MinSSIM = , MaxDeltaE = , ExpectError = False, ExpectedErrorMessage = , SkipUiChannel = False, SkipApiChannel = False, IsSerialOnly = False })" computerName="WIN-GKU76LNHACV" duration="00:00:02.0087541" startTime="2026-05-27T11:59:10.1042847+08:00" endTime="2026-05-27T11:59:12.1137646+08:00" testType="13cdc9d9-ddb5-4fa4-a97d-d965ccfc6d4b" outcome="Failed" testListId="8c84fa94-04c1-424b-9868-57a2d4851a1d" relativeResultsDirectory="a8d7895c-4926-4405-a1eb-f301d9cb7964">
      <Output>
        <StdOut>Backend gRPC connected successfully.</StdOut>
        <ErrorInfo>
          <Message>PLUGIN HAD NO EFFECT: Output is pixel-identical to input. Test case 'colorspace_target_color_space_srgb_color_bars_8bit' — plugin likely did not execute. Parameters: target_color_space=srgb</Message>
          <StackTrace>   at Photopipeline.Tests.FunctionalTests.ApiChannel.PluginApiTests.ExecutePluginPipeline(TestCaseDefinition tc) in C:\Data\code\photopipeline\gui\windows\Photopipeline.Tests\FunctionalTests\ApiChannel\PluginApiTests.cs:line 72&#xD;
--- End of stack trace from previous location ---</StackTrace>
        </ErrorInfo>
      </Output>
    </UnitTestResult>
    <UnitTestResult executionId="42600166-6347-4074-bf9d-47b66319cab8" testId="45254649-8c2d-8a12-e0ce-fd3234106ab0" testName="Photopipeline.Tests.FunctionalTests.ApiChannel.PluginApiTests.ExecutePluginPipeline(tc: TestCaseDefinition { Id = plugin_0016, Name = transform_angle_180_checkerboard_8x8, Category = plugin, Tags = System.String[], InputImage = checkerboard_8x8, InputImages = , Pipeline = Photopipeline.Models.PipelineSpec, OutputFormat = PNG, OutputBitDepth = , OutputLossless = , TolerancePerChannel = 0, MinPSNR = , MinSSIM = , MaxDeltaE = , ExpectError = False, ExpectedErrorMessage = , SkipUiChannel = False, SkipApiChannel = False, IsSerialOnly = False })" computerName="WIN-GKU76LNHACV" duration="00:00:02.0121147" startTime="2026-05-27T11:58:33.5955183+08:00" endTime="2026-05-27T11:58:35.6082836+08:00" testType="13cdc9d9-ddb5-4fa4-a97d-d965ccfc6d4b" outcome="Passed" testListId="8c84fa94-04c1-424b-9868-57a2d4851a1d" relativeResultsDirectory="42600166-6347-4074-bf9d-47b66319cab8">
      <Output>
        <StdOut>Backend gRPC connected successfully.&#xD;
PASS: transform_angle_180_checkerboard_8x8</StdOut>
      </Output>
    </UnitTestResult>
    <UnitTestResult executionId="c297b970-870c-48af-a640-4b02849dd53b" testId="45254649-8c2d-8a12-e0ce-fd3234106ab0" testName="Photopipeline.Tests.FunctionalTests.ApiChannel.PluginApiTests.ExecutePluginPipeline(tc: TestCaseDefinition { Id = plugin_0142, Name = avif_encoder_quality_90_gradient_horiz_rgb, Category = plugin, Tags = System.String[], InputImage = gradient_horiz_rgb, InputImages = , Pipeline = Photopipeline.Models.PipelineSpec, OutputFormat = PNG, OutputBitDepth = , OutputLossless = , TolerancePerChannel = 0, MinPSNR = , MinSSIM = , MaxDeltaE = , ExpectError = False, ExpectedErrorMessage = , SkipUiChannel = False, SkipApiChannel = False, IsSerialOnly = False })" computerName="WIN-GKU76LNHACV" duration="00:00:02.1708287" startTime="2026-05-27T12:02:47.7780085+08:00" endTime="2026-05-27T12:02:49.9492228+08:00" testType="13cdc9d9-ddb5-4fa4-a97d-d965ccfc6d4b" outcome="Failed" testListId="8c84fa94-04c1-424b-9868-57a2d4851a1d" relativeResultsDirectory="c297b970-870c-48af-a640-4b02849dd53b">
      <Output>
        <StdOut>Backend gRPC connected successfully.</StdOut>
        <ErrorInfo>
          <Message>System.InvalidOperationException : Failed to decode image: C:\Users\GMW\AppData\Local\Temp\photopipeline_tests\20260527_120247\avif_encoder_quality_90_gradient_horiz_rgb\avif_encoder_quality_90_gradient_horiz_rgb_output.avif</Message>
          <StackTrace>   at Photopipeline.Tests.FunctionalTests.Infrastructure.ImageAssert.LoadBitmap(String path) in C:\Data\code\photopipeline\gui\windows\Photopipeline.Tests\FunctionalTests\Infrastructure\ImageAssert.cs:line 237&#xD;
   at Photopipeline.Tests.FunctionalTests.Infrastructure.ImageAssert.IsValidFormat(String path, String expectedFormat, Nullable`1 expectedWidth, Nullable`1 expectedHeight, Nullable`1 expectedBitDepth) in C:\Data\code\photopipeline\gui\windows\Photopipeline.Tests\FunctionalTests\Infrastructure\ImageAssert.cs:line 123&#xD;
   at Photopipeline.Tests.FunctionalTests.ApiChannel.ApiTestBase.AssertValidOutput(String outputPath, String expectedFormat, Nullable`1 expectedWidth, Nullable`1 expectedHeight, Nullable`1 expectedBitDepth) in C:\Data\code\photopipeline\gui\windows\Photopipeline.Tests\FunctionalTests\ApiChannel\ApiTestBase.cs:line 138&#xD;
   at Photopipeline.Tests.FunctionalTests.ApiChannel.PluginApiTests.ExecutePluginPipeline(TestCaseDefinition tc) in C:\Data\code\photopipeline\gui\windows\Photopipeline.Tests\FunctionalTests\ApiChannel\PluginApiTests.cs:line 55&#xD;
--- End of stack trace from previous location ---</StackTrace>
        </ErrorInfo>
      </Output>
    </UnitTestResult>
    <UnitTestResult executionId="2391dd7c-e21c-4787-8242-ee086550ee79" testId="45254649-8c2d-8a12-e0ce-fd3234106ab0" testName="Photopipeline.Tests.FunctionalTests.ApiChannel.PluginApiTests.ExecutePluginPipeline(tc: TestCaseDefinition { Id = plugin_0125, Name = png_encoder_bit_depth_8_gradient_horiz_rgb, Category = plugin, Tags = System.String[], InputImage = gradient_horiz_rgb, InputImages = , Pipeline = Photopipeline.Models.PipelineSpec, OutputFormat = PNG, OutputBitDepth = , OutputLossless = , TolerancePerChannel = 0, MinPSNR = , MinSSIM = , MaxDeltaE = , ExpectError = False, ExpectedErrorMessage = , SkipUiChannel = False, SkipApiChannel = False, IsSerialOnly = False })" computerName="WIN-GKU76LNHACV" duration="00:00:02.0084029" startTime="2026-05-27T12:02:13.2151394+08:00" endTime="2026-05-27T12:02:15.2241104+08:00" testType="13cdc9d9-ddb5-4fa4-a97d-d965ccfc6d4b" outcome="Passed" testListId="8c84fa94-04c1-424b-9868-57a2d4851a1d" relativeResultsDirectory="2391dd7c-e21c-4787-8242-ee086550ee79">
      <Output>
        <StdOut>Backend gRPC connected successfully.&#xD;
PASS: png_encoder_bit_depth_8_gradient_horiz_rgb</StdOut>
      </Output>
    </UnitTestResult>
    <UnitTestResult executionId="c26a644f-efa5-45a6-9383-e8ca19e0e243" testId="45254649-8c2d-8a12-e0ce-fd3234106ab0" testName="Photopipeline.Tests.FunctionalTests.ApiChannel.PluginApiTests.ExecutePluginPipeline(tc: TestCaseDefinition { Id = plugin_0089, Name = lut3d_intensity_0_color_bars_8bit, Category = plugin, Tags = System.String[], InputImage = color_bars_8bit, InputImages = , Pipeline = Photopipeline.Models.PipelineSpec, OutputFormat = PNG, OutputBitDepth = , OutputLossless = , TolerancePerChannel = 0, MinPSNR = , MinSSIM = , MaxDeltaE = , ExpectError = False, ExpectedErrorMessage = , SkipUiChannel = False, SkipApiChannel = False, IsSerialOnly = False })" computerName="WIN-GKU76LNHACV" duration="00:00:02.0183982" startTime="2026-05-27T12:01:00.7726933+08:00" endTime="2026-05-27T12:01:02.7915718+08:00" testType="13cdc9d9-ddb5-4fa4-a97d-d965ccfc6d4b" outcome="Failed" testListId="8c84fa94-04c1-424b-9868-57a2d4851a1d" relativeResultsDirectory="c26a644f-efa5-45a6-9383-e8ca19e0e243">
      <Output>
        <StdOut>Backend gRPC connected successfully.</StdOut>
        <ErrorInfo>
          <Message>PLUGIN HAD NO EFFECT: Output is pixel-identical to input. Test case 'lut3d_intensity_0_color_bars_8bit' — plugin likely did not execute. Parameters: intensity=0</Message>
          <StackTrace>   at Photopipeline.Tests.FunctionalTests.ApiChannel.PluginApiTests.ExecutePluginPipeline(TestCaseDefinition tc) in C:\Data\code\photopipeline\gui\windows\Photopipeline.Tests\FunctionalTests\ApiChannel\PluginApiTests.cs:line 72&#xD;
--- End of stack trace from previous location ---</StackTrace>
        </ErrorInfo>
      </Output>
    </UnitTestResult>
    <UnitTestResult executionId="5289cb98-4372-4af2-a6cf-d23499b73cd0" testId="45254649-8c2d-8a12-e0ce-fd3234106ab0" testName="Photopipeline.Tests.FunctionalTests.ApiChannel.PluginApiTests.ExecutePluginPipeline(tc: TestCaseDefinition { Id = plugin_0014, Name = transform_angle_0_checkerboard_8x8, Category = plugin, Tags = System.String[], InputImage = checkerboard_8x8, InputImages = , Pipeline = Photopipeline.Models.PipelineSpec, OutputFormat = PNG, OutputBitDepth = , OutputLossless = , TolerancePerChannel = 0, MinPSNR = , MinSSIM = , MaxDeltaE = , ExpectError = False, ExpectedErrorMessage = , SkipUiChannel = False, SkipApiChannel = False, IsSerialOnly = False })" computerName="WIN-GKU76LNHACV" duration="00:00:02.0104123" startTime="2026-05-27T11:58:29.5703852+08:00" endTime="2026-05-27T11:58:31.5815857+08:00" testType="13cdc9d9-ddb5-4fa4-a97d-d965ccfc6d4b" outcome="Failed" testListId="8c84fa94-04c1-424b-9868-57a2d4851a1d" relativeResultsDirectory="5289cb98-4372-4af2-a6cf-d23499b73cd0">
      <Output>
        <StdOut>Backend gRPC connected successfully.</StdOut>
        <ErrorInfo>
          <Message>PLUGIN HAD NO EFFECT: Output is pixel-identical to input. Test case 'transform_angle_0_checkerboard_8x8' — plugin likely did not execute. Parameters: angle=0</Message>
          <StackTrace>   at Photopipeline.Tests.FunctionalTests.ApiChannel.PluginApiTests.ExecutePluginPipeline(TestCaseDefinition tc) in C:\Data\code\photopipeline\gui\windows\Photopipeline.Tests\FunctionalTests\ApiChannel\PluginApiTests.cs:line 72&#xD;
--- End of stack trace from previous location ---</StackTrace>
        </ErrorInfo>
      </Output>
    </UnitTestResult>
    <UnitTestResult executionId="22aadd58-9b96-4941-b203-0c0bb09fbf27" testId="45254649-8c2d-8a12-e0ce-fd3234106ab0" testName="Photopipeline.Tests.FunctionalTests.ApiChannel.PluginApiTests.ExecutePluginPipeline(tc: TestCaseDefinition { Id = plugin_0092, Name = lut3d_intensity_0_gradient_horiz_rgb, Category = plugin, Tags = System.String[], InputImage = gradient_horiz_rgb, InputImages = , Pipeline = Photopipeline.Models.PipelineSpec, OutputFormat = PNG, OutputBitDepth = , OutputLossless = , TolerancePerChannel = 0, MinPSNR = , MinSSIM = , MaxDeltaE = , ExpectError = False, ExpectedErrorMessage = , SkipUiChannel = False, SkipApiChannel = False, IsSerialOnly = False })" computerName="WIN-GKU76LNHACV" duration="00:00:02.0128223" startTime="2026-05-27T12:01:06.8077582+08:00" endTime="2026-05-27T12:01:08.8212219+08:00" testType="13cdc9d9-ddb5-4fa4-a97d-d965ccfc6d4b" outcome="Failed" testListId="8c84fa94-04c1-424b-9868-57a2d4851a1d" relativeResultsDirectory="22aadd58-9b96-4941-b203-0c0bb09fbf27">
      <Output>
        <StdOut>Backend gRPC connected successfully.</StdOut>
        <ErrorInfo>
          <Message>PLUGIN HAD NO EFFECT: Output is pixel-identical to input. Test case 'lut3d_intensity_0_gradient_horiz_rgb' — plugin likely did not execute. Parameters: intensity=0</Message>
          <StackTrace>   at Photopipeline.Tests.FunctionalTests.ApiChannel.PluginApiTests.ExecutePluginPipeline(TestCaseDefinition tc) in C:\Data\code\photopipeline\gui\windows\Photopipeline.Tests\FunctionalTests\ApiChannel\PluginApiTests.cs:line 72&#xD;
--- End of stack trace from previous location ---</StackTrace>
        </ErrorInfo>
      </Output>
    </UnitTestResult>
    <UnitTestResult executionId="d88e1734-e08e-4756-ac0e-958b0d2f2312" testId="45254649-8c2d-8a12-e0ce-fd3234106ab0" testName="Photopipeline.Tests.FunctionalTests.ApiChannel.PluginApiTests.ExecutePluginPipeline(tc: TestCaseDefinition { Id = plugin_0070, Name = ai_denoise_denoise_strength_25_checkerboard_8x8, Category = plugin, Tags = System.String[], InputImage = checkerboard_8x8, InputImages = , Pipeline = Photopipeline.Models.PipelineSpec, OutputFormat = PNG, OutputBitDepth = , OutputLossless = , TolerancePerChannel = 0, MinPSNR = , MinSSIM = , MaxDeltaE = , ExpectError = False, ExpectedErrorMessage = , SkipUiChannel = False, SkipApiChannel = False, IsSerialOnly = False })" computerName="WIN-GKU76LNHACV" duration="00:00:02.0071473" startTime="2026-05-27T12:00:22.5954058+08:00" endTime="2026-05-27T12:00:24.6031112+08:00" testType="13cdc9d9-ddb5-4fa4-a97d-d965ccfc6d4b" outcome="Failed" testListId="8c84fa94-04c1-424b-9868-57a2d4851a1d" relativeResultsDirectory="d88e1734-e08e-4756-ac0e-958b0d2f2312">
      <Output>
        <StdOut>Backend gRPC connected successfully.</StdOut>
        <ErrorInfo>
          <Message>System.IO.FileNotFoundException : Pipeline output not found: C:\Users\GMW\AppData\Local\Temp\photopipeline_tests\20260527_120022\ai_denoise_denoise_strength_25_checkerboard_8x8\ai_denoise_denoise_strength_25_checkerboard_8x8_output.png</Message>
          <StackTrace>   at Photopipeline.Tests.FunctionalTests.ApiChannel.ApiTestBase.ExecuteAndGetOutput(PipelineSpec spec, String inputImagePath, String outputPath, CancellationToken ct) in C:\Data\code\photopipeline\gui\windows\Photopipeline.Tests\FunctionalTests\ApiChannel\ApiTestBase.cs:line 97&#xD;
   at Photopipeline.Tests.FunctionalTests.ApiChannel.PluginApiTests.ExecutePluginPipeline(TestCaseDefinition tc) in C:\Data\code\photopipeline\gui\windows\Photopipeline.Tests\FunctionalTests\ApiChannel\PluginApiTests.cs:line 51&#xD;
--- End of stack trace from previous location ---</StackTrace>
        </ErrorInfo>
      </Output>
    </UnitTestResult>
    <UnitTestResult executionId="8bd1ecc4-063d-4a6e-ac66-5642a015de1d" testId="45254649-8c2d-8a12-e0ce-fd3234106ab0" testName="Photopipeline.Tests.FunctionalTests.ApiChannel.PluginApiTests.ExecutePluginPipeline(tc: TestCaseDefinition { Id = plugin_0009, Name = transform_default_all, Category = plugin, Tags = System.String[], InputImage = gradient_horiz_rgb, InputImages = , Pipeline = Photopipeline.Models.PipelineSpec, OutputFormat = PNG, OutputBitDepth = , OutputLossless = , TolerancePerChannel = 0, MinPSNR = , MinSSIM = , MaxDeltaE = , ExpectError = False, ExpectedErrorMessage = , SkipUiChannel = False, SkipApiChannel = False, IsSerialOnly = False })" computerName="WIN-GKU76LNHACV" duration="00:00:02.0312368" startTime="2026-05-27T11:58:19.4713846+08:00" endTime="2026-05-27T11:58:21.5033884+08:00" testType="13cdc9d9-ddb5-4fa4-a97d-d965ccfc6d4b" outcome="Passed" testListId="8c84fa94-04c1-424b-9868-57a2d4851a1d" relativeResultsDirectory="8bd1ecc4-063d-4a6e-ac66-5642a015de1d">
      <Output>
        <StdOut>Backend gRPC connected successfully.&#xD;
Determinism verified: two runs produce pixel-identical output&#xD;
PASS: transform_default_all</StdOut>
      </Output>
    </UnitTestResult>
    <UnitTestResult executionId="de412a21-e95d-4e7e-b19f-7058dec953fa" testId="45254649-8c2d-8a12-e0ce-fd3234106ab0" testName="Photopipeline.Tests.FunctionalTests.ApiChannel.PluginApiTests.ExecutePluginPipeline(tc: TestCaseDefinition { Id = plugin_0006, Name = transform_scale_percent_25_color_bars_8bit, Category = plugin, Tags = System.String[], InputImage = color_bars_8bit, InputImages = , Pipeline = Photopipeline.Models.PipelineSpec, OutputFormat = PNG, OutputBitDepth = , OutputLossless = , TolerancePerChannel = 0, MinPSNR = , MinSSIM = , MaxDeltaE = , ExpectError = False, ExpectedErrorMessage = , SkipUiChannel = False, SkipApiChannel = False, IsSerialOnly = False })" computerName="WIN-GKU76LNHACV" duration="00:00:02.0094687" startTime="2026-05-27T11:58:13.4390941+08:00" endTime="2026-05-27T11:58:15.4490022+08:00" testType="13cdc9d9-ddb5-4fa4-a97d-d965ccfc6d4b" outcome="Failed" testListId="8c84fa94-04c1-424b-9868-57a2d4851a1d" relativeResultsDirectory="de412a21-e95d-4e7e-b19f-7058dec953fa">
      <Output>
        <StdOut>Backend gRPC connected successfully.</StdOut>
        <ErrorInfo>
          <Message>PLUGIN HAD NO EFFECT: Output is pixel-identical to input. Test case 'transform_scale_percent_25_color_bars_8bit' — plugin likely did not execute. Parameters: scale_percent=25</Message>
          <StackTrace>   at Photopipeline.Tests.FunctionalTests.ApiChannel.PluginApiTests.ExecutePluginPipeline(TestCaseDefinition tc) in C:\Data\code\photopipeline\gui\windows\Photopipeline.Tests\FunctionalTests\ApiChannel\PluginApiTests.cs:line 72&#xD;
--- End of stack trace from previous location ---</StackTrace>
        </ErrorInfo>
      </Output>
    </UnitTestResult>
    <UnitTestResult executionId="f4f76ac7-fca1-4d97-8410-8960da2c4df6" testId="45254649-8c2d-8a12-e0ce-fd3234106ab0" testName="Photopipeline.Tests.FunctionalTests.ApiChannel.PluginApiTests.ExecutePluginPipeline(tc: TestCaseDefinition { Id = plugin_0145, Name = jxl_encoder_quality_60_color_bars_8bit, Category = plugin, Tags = System.String[], InputImage = color_bars_8bit, InputImages = , Pipeline = Photopipeline.Models.PipelineSpec, OutputFormat = PNG, OutputBitDepth = , OutputLossless = , TolerancePerChannel = 0, MinPSNR = , MinSSIM = , MaxDeltaE = , ExpectError = False, ExpectedErrorMessage = , SkipUiChannel = False, SkipApiChannel = False, IsSerialOnly = False })" computerName="WIN-GKU76LNHACV" duration="00:00:02.0064629" startTime="2026-05-27T12:02:54.0842685+08:00" endTime="2026-05-27T12:02:56.0911635+08:00" testType="13cdc9d9-ddb5-4fa4-a97d-d965ccfc6d4b" outcome="Failed" testListId="8c84fa94-04c1-424b-9868-57a2d4851a1d" relativeResultsDirectory="f4f76ac7-fca1-4d97-8410-8960da2c4df6">
      <Output>
        <StdOut>Backend gRPC connected successfully.</StdOut>
        <ErrorInfo>
          <Message>System.IO.FileNotFoundException : Pipeline output not found: C:\Users\GMW\AppData\Local\Temp\photopipeline_tests\20260527_120254\jxl_encoder_quality_60_color_bars_8bit\jxl_encoder_quality_60_color_bars_8bit_output.jxl</Message>
          <StackTrace>   at Photopipeline.Tests.FunctionalTests.ApiChannel.ApiTestBase.ExecuteAndGetOutput(PipelineSpec spec, String inputImagePath, String outputPath, CancellationToken ct) in C:\Data\code\photopipeline\gui\windows\Photopipeline.Tests\FunctionalTests\ApiChannel\ApiTestBase.cs:line 97&#xD;
   at Photopipeline.Tests.FunctionalTests.ApiChannel.PluginApiTests.ExecutePluginPipeline(TestCaseDefinition tc) in C:\Data\code\photopipeline\gui\windows\Photopipeline.Tests\FunctionalTests\ApiChannel\PluginApiTests.cs:line 51&#xD;
--- End of stack trace from previous location ---</StackTrace>
        </ErrorInfo>
      </Output>
    </UnitTestResult>
    <UnitTestResult executionId="5d102cbb-6f01-4335-ba06-b718eb9ff303" testId="45254649-8c2d-8a12-e0ce-fd3234106ab0" testName="Photopipeline.Tests.FunctionalTests.ApiChannel.PluginApiTests.ExecutePluginPipeline(tc: TestCaseDefinition { Id = plugin_0107, Name = lens_correct_default_all, Category = plugin, Tags = System.String[], InputImage = gradient_horiz_rgb, InputImages = , Pipeline = Photopipeline.Models.PipelineSpec, OutputFormat = PNG, OutputBitDepth = , OutputLossless = , TolerancePerChannel = 0, MinPSNR = , MinSSIM = , MaxDeltaE = , ExpectError = False, ExpectedErrorMessage = , SkipUiChannel = False, SkipApiChannel = False, IsSerialOnly = False })" computerName="WIN-GKU76LNHACV" duration="00:00:02.0159763" startTime="2026-05-27T12:01:37.0109236+08:00" endTime="2026-05-27T12:01:39.0274448+08:00" testType="13cdc9d9-ddb5-4fa4-a97d-d965ccfc6d4b" outcome="Passed" testListId="8c84fa94-04c1-424b-9868-57a2d4851a1d" relativeResultsDirectory="5d102cbb-6f01-4335-ba06-b718eb9ff303">
      <Output>
        <StdOut>Backend gRPC connected successfully.&#xD;
Determinism verified: two runs produce pixel-identical output&#xD;
PASS: lens_correct_default_all</StdOut>
      </Output>
    </UnitTestResult>
    <UnitTestResult executionId="64c8f889-1e61-4f3b-9c64-54b995440cb0" testId="45254649-8c2d-8a12-e0ce-fd3234106ab0" testName="Photopipeline.Tests.FunctionalTests.ApiChannel.PluginApiTests.ExecutePluginPipeline(tc: TestCaseDefinition { Id = plugin_0085, Name = ai_denoise_denoise_model_standard_v2_noise_grain, Category = plugin, Tags = System.String[], InputImage = noise_grain, InputImages = , Pipeline = Photopipeline.Models.PipelineSpec, OutputFormat = PNG, OutputBitDepth = , OutputLossless = , TolerancePerChannel = 0, MinPSNR = , MinSSIM = , MaxDeltaE = , ExpectError = False, ExpectedErrorMessage = , SkipUiChannel = False, SkipApiChannel = False, IsSerialOnly = False })" computerName="WIN-GKU76LNHACV" duration="00:00:02.0069792" startTime="2026-05-27T12:00:52.7379689+08:00" endTime="2026-05-27T12:00:54.7456516+08:00" testType="13cdc9d9-ddb5-4fa4-a97d-d965ccfc6d4b" outcome="Failed" testListId="8c84fa94-04c1-424b-9868-57a2d4851a1d" relativeResultsDirectory="64c8f889-1e61-4f3b-9c64-54b995440cb0">
      <Output>
        <StdOut>Backend gRPC connected successfully.</StdOut>
        <ErrorInfo>
          <Message>System.IO.FileNotFoundException : Pipeline output not found: C:\Users\GMW\AppData\Local\Temp\photopipeline_tests\20260527_120052\ai_denoise_denoise_model_standard_v2_noise_grain\ai_denoise_denoise_model_standard_v2_noise_grain_output.png</Message>
          <StackTrace>   at Photopipeline.Tests.FunctionalTests.ApiChannel.ApiTestBase.ExecuteAndGetOutput(PipelineSpec spec, String inputImagePath, String outputPath, CancellationToken ct) in C:\Data\code\photopipeline\gui\windows\Photopipeline.Tests\FunctionalTests\ApiChannel\ApiTestBase.cs:line 97&#xD;
   at Photopipeline.Tests.FunctionalTests.ApiChannel.PluginApiTests.ExecutePluginPipeline(TestCaseDefinition tc) in C:\Data\code\photopipeline\gui\windows\Photopipeline.Tests\FunctionalTests\ApiChannel\PluginApiTests.cs:line 51&#xD;
--- End of stack trace from previous location ---</StackTrace>
        </ErrorInfo>
      </Output>
    </UnitTestResult>
    <UnitTestResult executionId="d8115c7a-1e18-4252-a2f7-9823c7754b4f" testId="45254649-8c2d-8a12-e0ce-fd3234106ab0" testName="Photopipeline.Tests.FunctionalTests.ApiChannel.PluginApiTests.ExecutePluginPipeline(tc: TestCaseDefinition { Id = plugin_0012, Name = transform_angle_180_gradient_horiz_rgb, Category = plugin, Tags = System.String[], InputImage = gradient_horiz_rgb, InputImages = , Pipeline = Photopipeline.Models.PipelineSpec, OutputFormat = PNG, OutputBitDepth = , OutputLossless = , TolerancePerChannel = 0, MinPSNR = , MinSSIM = , MaxDeltaE = , ExpectError = False, ExpectedErrorMessage = , SkipUiChannel = False, SkipApiChannel = False, IsSerialOnly = False })" computerName="WIN-GKU76LNHACV" duration="00:00:02.0179071" startTime="2026-05-27T11:58:25.5351084+08:00" endTime="2026-05-27T11:58:27.5536833+08:00" testType="13cdc9d9-ddb5-4fa4-a97d-d965ccfc6d4b" outcome="Passed" testListId="8c84fa94-04c1-424b-9868-57a2d4851a1d" relativeResultsDirectory="d8115c7a-1e18-4252-a2f7-9823c7754b4f">
      <Output>
        <StdOut>Backend gRPC connected successfully.&#xD;
PASS: transform_angle_180_gradient_horiz_rgb</StdOut>
      </Output>
    </UnitTestResult>
    <UnitTestResult executionId="00ddda16-4654-4812-b2da-c38e844f11ae" testId="45254649-8c2d-8a12-e0ce-fd3234106ab0" testName="Photopipeline.Tests.FunctionalTests.ApiChannel.PluginApiTests.ExecutePluginPipeline(tc: TestCaseDefinition { Id = plugin_0106, Name = lens_correct_correct_vignetting_True_checkerboard_8x8, Category = plugin, Tags = System.String[], InputImage = checkerboard_8x8, InputImages = , Pipeline = Photopipeline.Models.PipelineSpec, OutputFormat = PNG, OutputBitDepth = , OutputLossless = , TolerancePerChannel = 0, MinPSNR = , MinSSIM = , MaxDeltaE = , ExpectError = False, ExpectedErrorMessage = , SkipUiChannel = False, SkipApiChannel = False, IsSerialOnly = False })" computerName="WIN-GKU76LNHACV" duration="00:00:02.0097551" startTime="2026-05-27T12:01:35.0005728+08:00" endTime="2026-05-27T12:01:37.0107958+08:00" testType="13cdc9d9-ddb5-4fa4-a97d-d965ccfc6d4b" outcome="Failed" testListId="8c84fa94-04c1-424b-9868-57a2d4851a1d" relativeResultsDirectory="00ddda16-4654-4812-b2da-c38e844f11ae">
      <Output>
        <StdOut>Backend gRPC connected successfully.</StdOut>
        <ErrorInfo>
          <Message>PLUGIN HAD NO EFFECT: Output is pixel-identical to input. Test case 'lens_correct_correct_vignetting_True_checkerboard_8x8' — plugin likely did not execute. Parameters: correct_vignetting=True</Message>
          <StackTrace>   at Photopipeline.Tests.FunctionalTests.ApiChannel.PluginApiTests.ExecutePluginPipeline(TestCaseDefinition tc) in C:\Data\code\photopipeline\gui\windows\Photopipeline.Tests\FunctionalTests\ApiChannel\PluginApiTests.cs:line 72&#xD;
--- End of stack trace from previous location ---</StackTrace>
        </ErrorInfo>
      </Output>
    </UnitTestResult>
    <UnitTestResult executionId="c27270b5-02aa-49b9-af4b-8cccdd2e547b" testId="45254649-8c2d-8a12-e0ce-fd3234106ab0" testName="Photopipeline.Tests.FunctionalTests.ApiChannel.PluginApiTests.ExecutePluginPipeline(tc: TestCaseDefinition { Id = plugin_0093, Name = lut3d_intensity_50_gradient_horiz_rgb, Category = plugin, Tags = System.String[], InputImage = gradient_horiz_rgb, InputImages = , Pipeline = Photopipeline.Models.PipelineSpec, OutputFormat = PNG, OutputBitDepth = , OutputLossless = , TolerancePerChannel = 0, MinPSNR = , MinSSIM = , MaxDeltaE = , ExpectError = False, ExpectedErrorMessage = , SkipUiChannel = False, SkipApiChannel = False, IsSerialOnly = False })" computerName="WIN-GKU76LNHACV" duration="00:00:02.0208934" startTime="2026-05-27T12:01:08.8213574+08:00" endTime="2026-05-27T12:01:10.8426853+08:00" testType="13cdc9d9-ddb5-4fa4-a97d-d965ccfc6d4b" outcome="Failed" testListId="8c84fa94-04c1-424b-9868-57a2d4851a1d" relativeResultsDirectory="c27270b5-02aa-49b9-af4b-8cccdd2e547b">
      <Output>
        <StdOut>Backend gRPC connected successfully.</StdOut>
        <ErrorInfo>
          <Message>PLUGIN HAD NO EFFECT: Output is pixel-identical to input. Test case 'lut3d_intensity_50_gradient_horiz_rgb' — plugin likely did not execute. Parameters: intensity=50</Message>
          <StackTrace>   at Photopipeline.Tests.FunctionalTests.ApiChannel.PluginApiTests.ExecutePluginPipeline(TestCaseDefinition tc) in C:\Data\code\photopipeline\gui\windows\Photopipeline.Tests\FunctionalTests\ApiChannel\PluginApiTests.cs:line 72&#xD;
--- End of stack trace from previous location ---</StackTrace>
        </ErrorInfo>
      </Output>
    </UnitTestResult>
    <UnitTestResult executionId="10c4182a-7c68-4efe-bf4c-b233454ea3b2" testId="45254649-8c2d-8a12-e0ce-fd3234106ab0" testName="Photopipeline.Tests.FunctionalTests.ApiChannel.PluginApiTests.ExecutePluginPipeline(tc: TestCaseDefinition { Id = plugin_0043, Name = colorspace_default_all, Category = plugin, Tags = System.String[], InputImage = color_bars_8bit, InputImages = , Pipeline = Photopipeline.Models.PipelineSpec, OutputFormat = PNG, OutputBitDepth = , OutputLossless = , TolerancePerChannel = 0, MinPSNR = , MinSSIM = , MaxDeltaE = , ExpectError = False, ExpectedErrorMessage = , SkipUiChannel = False, SkipApiChannel = False, IsSerialOnly = False })" computerName="WIN-GKU76LNHACV" duration="00:00:02.0103782" startTime="2026-05-27T11:59:28.2256514+08:00" endTime="2026-05-27T11:59:30.2365046+08:00" testType="13cdc9d9-ddb5-4fa4-a97d-d965ccfc6d4b" outcome="Passed" testListId="8c84fa94-04c1-424b-9868-57a2d4851a1d" relativeResultsDirectory="10c4182a-7c68-4efe-bf4c-b233454ea3b2">
      <Output>
        <StdOut>Backend gRPC connected successfully.&#xD;
Determinism verified: two runs produce pixel-identical output&#xD;
PASS: colorspace_default_all</StdOut>
      </Output>
    </UnitTestResult>
    <UnitTestResult executionId="7dedeea2-0420-40c9-9f9d-9e788c13b205" testId="45254649-8c2d-8a12-e0ce-fd3234106ab0" testName="Photopipeline.Tests.FunctionalTests.ApiChannel.PluginApiTests.ExecutePluginPipeline(tc: TestCaseDefinition { Id = plugin_0128, Name = png_encoder_bit_depth_16_checkerboard_8x8, Category = plugin, Tags = System.String[], InputImage = checkerboard_8x8, InputImages = , Pipeline = Photopipeline.Models.PipelineSpec, OutputFormat = PNG, OutputBitDepth = , OutputLossless = , TolerancePerChannel = 0, MinPSNR = , MinSSIM = , MaxDeltaE = , ExpectError = False, ExpectedErrorMessage = , SkipUiChannel = False, SkipApiChannel = False, IsSerialOnly = False })" computerName="WIN-GKU76LNHACV" duration="00:00:02.0091351" startTime="2026-05-27T12:02:19.2424468+08:00" endTime="2026-05-27T12:02:21.2521465+08:00" testType="13cdc9d9-ddb5-4fa4-a97d-d965ccfc6d4b" outcome="Passed" testListId="8c84fa94-04c1-424b-9868-57a2d4851a1d" relativeResultsDirectory="7dedeea2-0420-40c9-9f9d-9e788c13b205">
      <Output>
        <StdOut>Backend gRPC connected successfully.&#xD;
PASS: png_encoder_bit_depth_16_checkerboard_8x8</StdOut>
      </Output>
    </UnitTestResult>
    <UnitTestResult executionId="bfd02c59-851e-4135-930b-a0c07c7fe9ff" testId="45254649-8c2d-8a12-e0ce-fd3234106ab0" testName="Photopipeline.Tests.FunctionalTests.ApiChannel.PluginApiTests.ExecutePluginPipeline(tc: TestCaseDefinition { Id = plugin_0116, Name = raw_input_apply_white_balance_True_color_bars_8bit, Category = plugin, Tags = System.String[], InputImage = color_bars_8bit, InputImages = , Pipeline = Photopipeline.Models.PipelineSpec, OutputFormat = PNG, OutputBitDepth = , OutputLossless = , TolerancePerChannel = 0, MinPSNR = , MinSSIM = , MaxDeltaE = , ExpectError = False, ExpectedErrorMessage = , SkipUiChannel = False, SkipApiChannel = False, IsSerialOnly = False })" computerName="WIN-GKU76LNHACV" duration="00:00:02.0065669" startTime="2026-05-27T12:01:55.1179769+08:00" endTime="2026-05-27T12:01:57.1251056+08:00" testType="13cdc9d9-ddb5-4fa4-a97d-d965ccfc6d4b" outcome="Passed" testListId="8c84fa94-04c1-424b-9868-57a2d4851a1d" relativeResultsDirectory="bfd02c59-851e-4135-930b-a0c07c7fe9ff">
      <Output>
        <StdOut>Backend gRPC connected successfully.&#xD;
PASS: raw_input_apply_white_balance_True_color_bars_8bit</StdOut>
      </Output>
    </UnitTestResult>
    <UnitTestResult executionId="71e0deba-ceac-4694-b63e-afae16127517" testId="45254649-8c2d-8a12-e0ce-fd3234106ab0" testName="Photopipeline.Tests.FunctionalTests.ApiChannel.PluginApiTests.ExecutePluginPipeline(tc: TestCaseDefinition { Id = plugin_0139, Name = avif_encoder_quality_90_color_bars_8bit, Category = plugin, Tags = System.String[], InputImage = color_bars_8bit, InputImages = , Pipeline = Photopipeline.Models.PipelineSpec, OutputFormat = PNG, OutputBitDepth = , OutputLossless = , TolerancePerChannel = 0, MinPSNR = , MinSSIM = , MaxDeltaE = , ExpectError = False, ExpectedErrorMessage = , SkipUiChannel = False, SkipApiChannel = False, IsSerialOnly = False })" computerName="WIN-GKU76LNHACV" duration="00:00:02.0653613" startTime="2026-05-27T12:02:41.4181841+08:00" endTime="2026-05-27T12:02:43.4841829+08:00" testType="13cdc9d9-ddb5-4fa4-a97d-d965ccfc6d4b" outcome="Failed" testListId="8c84fa94-04c1-424b-9868-57a2d4851a1d" relativeResultsDirectory="71e0deba-ceac-4694-b63e-afae16127517">
      <Output>
        <StdOut>Backend gRPC connected successfully.</StdOut>
        <ErrorInfo>
          <Message>System.InvalidOperationException : Failed to decode image: C:\Users\GMW\AppData\Local\Temp\photopipeline_tests\20260527_120241\avif_encoder_quality_90_color_bars_8bit\avif_encoder_quality_90_color_bars_8bit_output.avif</Message>
          <StackTrace>   at Photopipeline.Tests.FunctionalTests.Infrastructure.ImageAssert.LoadBitmap(String path) in C:\Data\code\photopipeline\gui\windows\Photopipeline.Tests\FunctionalTests\Infrastructure\ImageAssert.cs:line 237&#xD;
   at Photopipeline.Tests.FunctionalTests.Infrastructure.ImageAssert.IsValidFormat(String path, String expectedFormat, Nullable`1 expectedWidth, Nullable`1 expectedHeight, Nullable`1 expectedBitDepth) in C:\Data\code\photopipeline\gui\windows\Photopipeline.Tests\FunctionalTests\Infrastructure\ImageAssert.cs:line 123&#xD;
   at Photopipeline.Tests.FunctionalTests.ApiChannel.ApiTestBase.AssertValidOutput(String outputPath, String expectedFormat, Nullable`1 expectedWidth, Nullable`1 expectedHeight, Nullable`1 expectedBitDepth) in C:\Data\code\photopipeline\gui\windows\Photopipeline.Tests\FunctionalTests\ApiChannel\ApiTestBase.cs:line 138&#xD;
   at Photopipeline.Tests.FunctionalTests.ApiChannel.PluginApiTests.ExecutePluginPipeline(TestCaseDefinition tc) in C:\Data\code\photopipeline\gui\windows\Photopipeline.Tests\FunctionalTests\ApiChannel\PluginApiTests.cs:line 55&#xD;
--- End of stack trace from previous location ---</StackTrace>
        </ErrorInfo>
      </Output>
    </UnitTestResult>
    <UnitTestResult executionId="4e9da13a-2cd8-4fa1-a2ed-b8c39ecae5c6" testId="45254649-8c2d-8a12-e0ce-fd3234106ab0" testName="Photopipeline.Tests.FunctionalTests.ApiChannel.PluginApiTests.ExecutePluginPipeline(tc: TestCaseDefinition { Id = plugin_0025, Name = transform_flip_horizontal_False_checkerboard_4x4, Category = plugin, Tags = System.String[], InputImage = checkerboard_4x4, InputImages = , Pipeline = Photopipeline.Models.PipelineSpec, OutputFormat = PNG, OutputBitDepth = , OutputLossless = , TolerancePerChannel = 0, MinPSNR = , MinSSIM = , MaxDeltaE = , ExpectError = False, ExpectedErrorMessage = , SkipUiChannel = False, SkipApiChannel = False, IsSerialOnly = False })" computerName="WIN-GKU76LNHACV" duration="00:00:02.0222219" startTime="2026-05-27T11:58:51.7361158+08:00" endTime="2026-05-27T11:58:53.7589812+08:00" testType="13cdc9d9-ddb5-4fa4-a97d-d965ccfc6d4b" outcome="Failed" testListId="8c84fa94-04c1-424b-9868-57a2d4851a1d" relativeResultsDirectory="4e9da13a-2cd8-4fa1-a2ed-b8c39ecae5c6">
      <Output>
        <StdOut>Backend gRPC connected successfully.</StdOut>
        <ErrorInfo>
          <Message>PLUGIN HAD NO EFFECT: Output is pixel-identical to input. Test case 'transform_flip_horizontal_False_checkerboard_4x4' — plugin likely did not execute. Parameters: flip_horizontal=False</Message>
          <StackTrace>   at Photopipeline.Tests.FunctionalTests.ApiChannel.PluginApiTests.ExecutePluginPipeline(TestCaseDefinition tc) in C:\Data\code\photopipeline\gui\windows\Photopipeline.Tests\FunctionalTests\ApiChannel\PluginApiTests.cs:line 72&#xD;
--- End of stack trace from previous location ---</StackTrace>
        </ErrorInfo>
      </Output>
    </UnitTestResult>
    <UnitTestResult executionId="de085fa8-387e-40ee-a568-394d63de8437" testId="45254649-8c2d-8a12-e0ce-fd3234106ab0" testName="Photopipeline.Tests.FunctionalTests.ApiChannel.PluginApiTests.ExecutePluginPipeline(tc: TestCaseDefinition { Id = plugin_0109, Name = raw_input_raw_mode_dcraw_gradient_horiz_rgb, Category = plugin, Tags = System.String[], InputImage = gradient_horiz_rgb, InputImages = , Pipeline = Photopipeline.Models.PipelineSpec, OutputFormat = PNG, OutputBitDepth = , OutputLossless = , TolerancePerChannel = 0, MinPSNR = , MinSSIM = , MaxDeltaE = , ExpectError = False, ExpectedErrorMessage = , SkipUiChannel = False, SkipApiChannel = False, IsSerialOnly = False })" computerName="WIN-GKU76LNHACV" duration="00:00:02.0197444" startTime="2026-05-27T12:01:41.0354445+08:00" endTime="2026-05-27T12:01:43.0558349+08:00" testType="13cdc9d9-ddb5-4fa4-a97d-d965ccfc6d4b" outcome="Passed" testListId="8c84fa94-04c1-424b-9868-57a2d4851a1d" relativeResultsDirectory="de085fa8-387e-40ee-a568-394d63de8437">
      <Output>
        <StdOut>Backend gRPC connected successfully.&#xD;
PASS: raw_input_raw_mode_dcraw_gradient_horiz_rgb</StdOut>
      </Output>
    </UnitTestResult>
    <UnitTestResult executionId="aa51053e-0950-4312-90a5-38ad57d00d18" testId="45254649-8c2d-8a12-e0ce-fd3234106ab0" testName="Photopipeline.Tests.FunctionalTests.ApiChannel.PluginApiTests.ExecutePluginPipeline(tc: TestCaseDefinition { Id = plugin_0153, Name = heif_encoder_quality_95_color_bars_8bit, Category = plugin, Tags = System.String[], InputImage = color_bars_8bit, InputImages = , Pipeline = Photopipeline.Models.PipelineSpec, OutputFormat = PNG, OutputBitDepth = , OutputLossless = , TolerancePerChannel = 0, MinPSNR = , MinSSIM = , MaxDeltaE = , ExpectError = False, ExpectedErrorMessage = , SkipUiChannel = False, SkipApiChannel = False, IsSerialOnly = False })" computerName="WIN-GKU76LNHACV" duration="00:00:02.0039691" startTime="2026-05-27T12:03:10.1411717+08:00" endTime="2026-05-27T12:03:12.1456624+08:00" testType="13cdc9d9-ddb5-4fa4-a97d-d965ccfc6d4b" outcome="Failed" testListId="8c84fa94-04c1-424b-9868-57a2d4851a1d" relativeResultsDirectory="aa51053e-0950-4312-90a5-38ad57d00d18">
      <Output>
        <StdOut>Backend gRPC connected successfully.</StdOut>
        <ErrorInfo>
          <Message>System.IO.FileNotFoundException : Pipeline output not found: C:\Users\GMW\AppData\Local\Temp\photopipeline_tests\20260527_120310\heif_encoder_quality_95_color_bars_8bit\heif_encoder_quality_95_color_bars_8bit_output.heif</Message>
          <StackTrace>   at Photopipeline.Tests.FunctionalTests.ApiChannel.ApiTestBase.ExecuteAndGetOutput(PipelineSpec spec, String inputImagePath, String outputPath, CancellationToken ct) in C:\Data\code\photopipeline\gui\windows\Photopipeline.Tests\FunctionalTests\ApiChannel\ApiTestBase.cs:line 97&#xD;
   at Photopipeline.Tests.FunctionalTests.ApiChannel.PluginApiTests.ExecutePluginPipeline(TestCaseDefinition tc) in C:\Data\code\photopipeline\gui\windows\Photopipeline.Tests\FunctionalTests\ApiChannel\PluginApiTests.cs:line 51&#xD;
--- End of stack trace from previous location ---</StackTrace>
        </ErrorInfo>
      </Output>
    </UnitTestResult>
    <UnitTestResult executionId="1c9e29ce-4fc3-4ddd-be98-abc37e3a8fa9" testId="45254649-8c2d-8a12-e0ce-fd3234106ab0" testName="Photopipeline.Tests.FunctionalTests.ApiChannel.PluginApiTests.ExecutePluginPipeline(tc: TestCaseDefinition { Id = plugin_0088, Name = ai_denoise_default_all, Category = plugin, Tags = System.String[], InputImage = noise_grain, InputImages = , Pipeline = Photopipeline.Models.PipelineSpec, OutputFormat = PNG, OutputBitDepth = , OutputLossless = , TolerancePerChannel = 0, MinPSNR = , MinSSIM = , MaxDeltaE = , ExpectError = False, ExpectedErrorMessage = , SkipUiChannel = False, SkipApiChannel = False, IsSerialOnly = False })" computerName="WIN-GKU76LNHACV" duration="00:00:02.0098129" startTime="2026-05-27T12:00:58.7622465+08:00" endTime="2026-05-27T12:01:00.7725374+08:00" testType="13cdc9d9-ddb5-4fa4-a97d-d965ccfc6d4b" outcome="Failed" testListId="8c84fa94-04c1-424b-9868-57a2d4851a1d" relativeResultsDirectory="1c9e29ce-4fc3-4ddd-be98-abc37e3a8fa9">
      <Output>
        <StdOut>Backend gRPC connected successfully.</StdOut>
        <ErrorInfo>
          <Message>System.IO.FileNotFoundException : Pipeline output not found: C:\Users\GMW\AppData\Local\Temp\photopipeline_tests\20260527_120058\ai_denoise_default_all\ai_denoise_default_all_output.png</Message>
          <StackTrace>   at Photopipeline.Tests.FunctionalTests.ApiChannel.ApiTestBase.ExecuteAndGetOutput(PipelineSpec spec, String inputImagePath, String outputPath, CancellationToken ct) in C:\Data\code\photopipeline\gui\windows\Photopipeline.Tests\FunctionalTests\ApiChannel\ApiTestBase.cs:line 97&#xD;
   at Photopipeline.Tests.FunctionalTests.ApiChannel.ApiTestBase.ExecuteTwiceAndAssertDeterministic(PipelineSpec spec, String inputPath, String outputPath, TestOutputManager outputMgr, CancellationToken ct) in C:\Data\code\photopipeline\gui\windows\Photopipeline.Tests\FunctionalTests\ApiChannel\ApiTestBase.cs:line 120&#xD;
   at Photopipeline.Tests.FunctionalTests.ApiChannel.PluginApiTests.ExecutePluginPipeline(TestCaseDefinition tc) in C:\Data\code\photopipeline\gui\windows\Photopipeline.Tests\FunctionalTests\ApiChannel\PluginApiTests.cs:line 47&#xD;
--- End of stack trace from previous location ---</StackTrace>
        </ErrorInfo>
      </Output>
    </UnitTestResult>
    <UnitTestResult executionId="7346c7ce-7b8d-40ff-b5dc-05c9257baae3" testId="45254649-8c2d-8a12-e0ce-fd3234106ab0" testName="Photopipeline.Tests.FunctionalTests.ApiChannel.PluginApiTests.ExecutePluginPipeline(tc: TestCaseDefinition { Id = plugin_0148, Name = jxl_encoder_quality_60_gradient_horiz_rgb, Category = plugin, Tags = System.String[], InputImage = gradient_horiz_rgb, InputImages = , Pipeline = Photopipeline.Models.PipelineSpec, OutputFormat = PNG, OutputBitDepth = , OutputLossless = , TolerancePerChannel = 0, MinPSNR = , MinSSIM = , MaxDeltaE = , ExpectError = False, ExpectedErrorMessage = , SkipUiChannel = False, SkipApiChannel = False, IsSerialOnly = False })" computerName="WIN-GKU76LNHACV" duration="00:00:02.0072752" startTime="2026-05-27T12:03:00.1042261+08:00" endTime="2026-05-27T12:03:02.1121339+08:00" testType="13cdc9d9-ddb5-4fa4-a97d-d965ccfc6d4b" outcome="Failed" testListId="8c84fa94-04c1-424b-9868-57a2d4851a1d" relativeResultsDirectory="7346c7ce-7b8d-40ff-b5dc-05c9257baae3">
      <Output>
        <StdOut>Backend gRPC connected successfully.</StdOut>
        <ErrorInfo>
          <Message>System.IO.FileNotFoundException : Pipeline output not found: C:\Users\GMW\AppData\Local\Temp\photopipeline_tests\20260527_120300\jxl_encoder_quality_60_gradient_horiz_rgb\jxl_encoder_quality_60_gradient_horiz_rgb_output.jxl</Message>
          <StackTrace>   at Photopipeline.Tests.FunctionalTests.ApiChannel.ApiTestBase.ExecuteAndGetOutput(PipelineSpec spec, String inputImagePath, String outputPath, CancellationToken ct) in C:\Data\code\photopipeline\gui\windows\Photopipeline.Tests\FunctionalTests\ApiChannel\ApiTestBase.cs:line 97&#xD;
   at Photopipeline.Tests.FunctionalTests.ApiChannel.PluginApiTests.ExecutePluginPipeline(TestCaseDefinition tc) in C:\Data\code\photopipeline\gui\windows\Photopipeline.Tests\FunctionalTests\ApiChannel\PluginApiTests.cs:line 51&#xD;
--- End of stack trace from previous location ---</StackTrace>
        </ErrorInfo>
      </Output>
    </UnitTestResult>
    <UnitTestResult executionId="2bc572eb-0e7d-4647-85c8-1b8ff6a4fcf0" testId="45254649-8c2d-8a12-e0ce-fd3234106ab0" testName="Photopipeline.Tests.FunctionalTests.ApiChannel.PluginApiTests.ExecutePluginPipeline(tc: TestCaseDefinition { Id = plugin_0091, Name = lut3d_intensity_100_color_bars_8bit, Category = plugin, Tags = System.String[], InputImage = color_bars_8bit, InputImages = , Pipeline = Photopipeline.Models.PipelineSpec, OutputFormat = PNG, OutputBitDepth = , OutputLossless = , TolerancePerChannel = 0, MinPSNR = , MinSSIM = , MaxDeltaE = , ExpectError = False, ExpectedErrorMessage = , SkipUiChannel = False, SkipApiChannel = False, IsSerialOnly = False })" computerName="WIN-GKU76LNHACV" duration="00:00:02.0066706" startTime="2026-05-27T12:01:04.8004382+08:00" endTime="2026-05-27T12:01:06.8076025+08:00" testType="13cdc9d9-ddb5-4fa4-a97d-d965ccfc6d4b" outcome="Failed" testListId="8c84fa94-04c1-424b-9868-57a2d4851a1d" relativeResultsDirectory="2bc572eb-0e7d-4647-85c8-1b8ff6a4fcf0">
      <Output>
        <StdOut>Backend gRPC connected successfully.</StdOut>
        <ErrorInfo>
          <Message>PLUGIN HAD NO EFFECT: Output is pixel-identical to input. Test case 'lut3d_intensity_100_color_bars_8bit' — plugin likely did not execute. Parameters: intensity=100</Message>
          <StackTrace>   at Photopipeline.Tests.FunctionalTests.ApiChannel.PluginApiTests.ExecutePluginPipeline(TestCaseDefinition tc) in C:\Data\code\photopipeline\gui\windows\Photopipeline.Tests\FunctionalTests\ApiChannel\PluginApiTests.cs:line 72&#xD;
--- End of stack trace from previous location ---</StackTrace>
        </ErrorInfo>
      </Output>
    </UnitTestResult>
    <UnitTestResult executionId="828d4906-d213-4acd-b2d3-789504b3f742" testId="45254649-8c2d-8a12-e0ce-fd3234106ab0" testName="Photopipeline.Tests.FunctionalTests.ApiChannel.PluginApiTests.ExecutePluginPipeline(tc: TestCaseDefinition { Id = plugin_0051, Name = colorspace_rendering_intent_perceptual_color_bars_8bit, Category = plugin, Tags = System.String[], InputImage = color_bars_8bit, InputImages = , Pipeline = Photopipeline.Models.PipelineSpec, OutputFormat = PNG, OutputBitDepth = , OutputLossless = , TolerancePerChannel = 0, MinPSNR = , MinSSIM = , MaxDeltaE = , ExpectError = False, ExpectedErrorMessage = , SkipUiChannel = False, SkipApiChannel = False, IsSerialOnly = False })" computerName="WIN-GKU76LNHACV" duration="00:00:02.0079794" startTime="2026-05-27T11:59:44.3289676+08:00" endTime="2026-05-27T11:59:46.3373820+08:00" testType="13cdc9d9-ddb5-4fa4-a97d-d965ccfc6d4b" outcome="Failed" testListId="8c84fa94-04c1-424b-9868-57a2d4851a1d" relativeResultsDirectory="828d4906-d213-4acd-b2d3-789504b3f742">
      <Output>
        <StdOut>Backend gRPC connected successfully.</StdOut>
        <ErrorInfo>
          <Message>PLUGIN HAD NO EFFECT: Output is pixel-identical to input. Test case 'colorspace_rendering_intent_perceptual_color_bars_8bit' — plugin likely did not execute. Parameters: rendering_intent=perceptual</Message>
          <StackTrace>   at Photopipeline.Tests.FunctionalTests.ApiChannel.PluginApiTests.ExecutePluginPipeline(TestCaseDefinition tc) in C:\Data\code\photopipeline\gui\windows\Photopipeline.Tests\FunctionalTests\ApiChannel\PluginApiTests.cs:line 72&#xD;
--- End of stack trace from previous location ---</StackTrace>
        </ErrorInfo>
      </Output>
    </UnitTestResult>
    <UnitTestResult executionId="5c6e6b2c-b712-4fc2-8437-d2c4e4d43a3a" testId="45254649-8c2d-8a12-e0ce-fd3234106ab0" testName="Photopipeline.Tests.FunctionalTests.ApiChannel.PluginApiTests.ExecutePluginPipeline(tc: TestCaseDefinition { Id = plugin_0115, Name = raw_input_apply_white_balance_False_color_bars_8bit, Category = plugin, Tags = System.String[], InputImage = color_bars_8bit, InputImages = , Pipeline = Photopipeline.Models.PipelineSpec, OutputFormat = PNG, OutputBitDepth = , OutputLossless = , TolerancePerChannel = 0, MinPSNR = , MinSSIM = , MaxDeltaE = , ExpectError = False, ExpectedErrorMessage = , SkipUiChannel = False, SkipApiChannel = False, IsSerialOnly = False })" computerName="WIN-GKU76LNHACV" duration="00:00:02.0068188" startTime="2026-05-27T12:01:53.1105977+08:00" endTime="2026-05-27T12:01:55.1179501+08:00" testType="13cdc9d9-ddb5-4fa4-a97d-d965ccfc6d4b" outcome="Passed" testListId="8c84fa94-04c1-424b-9868-57a2d4851a1d" relativeResultsDirectory="5c6e6b2c-b712-4fc2-8437-d2c4e4d43a3a">
      <Output>
        <StdOut>Backend gRPC connected successfully.&#xD;
PASS: raw_input_apply_white_balance_False_color_bars_8bit</StdOut>
      </Output>
    </UnitTestResult>
    <UnitTestResult executionId="833a0fe8-c5ec-4215-968d-a4f2191efcfa" testId="45254649-8c2d-8a12-e0ce-fd3234106ab0" testName="Photopipeline.Tests.FunctionalTests.ApiChannel.PluginApiTests.ExecutePluginPipeline(tc: TestCaseDefinition { Id = plugin_0110, Name = raw_input_raw_mode_auto_color_bars_8bit, Category = plugin, Tags = System.String[], InputImage = color_bars_8bit, InputImages = , Pipeline = Photopipeline.Models.PipelineSpec, OutputFormat = PNG, OutputBitDepth = , OutputLossless = , TolerancePerChannel = 0, MinPSNR = , MinSSIM = , MaxDeltaE = , ExpectError = False, ExpectedErrorMessage = , SkipUiChannel = False, SkipApiChannel = False, IsSerialOnly = False })" computerName="WIN-GKU76LNHACV" duration="00:00:02.0074310" startTime="2026-05-27T12:01:43.0559068+08:00" endTime="2026-05-27T12:01:45.0636924+08:00" testType="13cdc9d9-ddb5-4fa4-a97d-d965ccfc6d4b" outcome="Passed" testListId="8c84fa94-04c1-424b-9868-57a2d4851a1d" relativeResultsDirectory="833a0fe8-c5ec-4215-968d-a4f2191efcfa">
      <Output>
        <StdOut>Backend gRPC connected successfully.&#xD;
PASS: raw_input_raw_mode_auto_color_bars_8bit</StdOut>
      </Output>
    </UnitTestResult>
    <UnitTestResult executionId="8a84e79c-7738-4c67-b22b-9e0df17a765f" testId="45254649-8c2d-8a12-e0ce-fd3234106ab0" testName="Photopipeline.Tests.FunctionalTests.ApiChannel.PluginApiTests.ExecutePluginPipeline(tc: TestCaseDefinition { Id = plugin_0021, Name = transform_angle_270_pure_red_small, Category = plugin, Tags = System.String[], InputImage = pure_red_small, InputImages = , Pipeline = Photopipeline.Models.PipelineSpec, OutputFormat = PNG, OutputBitDepth = , OutputLossless = , TolerancePerChannel = 0, MinPSNR = , MinSSIM = , MaxDeltaE = , ExpectError = False, ExpectedErrorMessage = , SkipUiChannel = False, SkipApiChannel = False, IsSerialOnly = False })" computerName="WIN-GKU76LNHACV" duration="00:00:02.0170371" startTime="2026-05-27T11:58:43.6593180+08:00" endTime="2026-05-27T11:58:45.6772307+08:00" testType="13cdc9d9-ddb5-4fa4-a97d-d965ccfc6d4b" outcome="Passed" testListId="8c84fa94-04c1-424b-9868-57a2d4851a1d" relativeResultsDirectory="8a84e79c-7738-4c67-b22b-9e0df17a765f">
      <Output>
        <StdOut>Backend gRPC connected successfully.&#xD;
PASS: transform_angle_270_pure_red_small</StdOut>
      </Output>
    </UnitTestResult>
    <UnitTestResult executionId="00c797a7-68b5-4e10-91e6-212643fb98b8" testId="45254649-8c2d-8a12-e0ce-fd3234106ab0" testName="Photopipeline.Tests.FunctionalTests.ApiChannel.PluginApiTests.ExecutePluginPipeline(tc: TestCaseDefinition { Id = plugin_0008, Name = transform_scale_percent_200_color_bars_8bit, Category = plugin, Tags = System.String[], InputImage = color_bars_8bit, InputImages = , Pipeline = Photopipeline.Models.PipelineSpec, OutputFormat = PNG, OutputBitDepth = , OutputLossless = , TolerancePerChannel = 0, MinPSNR = , MinSSIM = , MaxDeltaE = , ExpectError = False, ExpectedErrorMessage = , SkipUiChannel = False, SkipApiChannel = False, IsSerialOnly = False })" computerName="WIN-GKU76LNHACV" duration="00:00:02.0102611" startTime="2026-05-27T11:58:17.4604688+08:00" endTime="2026-05-27T11:58:19.4711604+08:00" testType="13cdc9d9-ddb5-4fa4-a97d-d965ccfc6d4b" outcome="Failed" testListId="8c84fa94-04c1-424b-9868-57a2d4851a1d" relativeResultsDirectory="00c797a7-68b5-4e10-91e6-212643fb98b8">
      <Output>
        <StdOut>Backend gRPC connected successfully.</StdOut>
        <ErrorInfo>
          <Message>PLUGIN HAD NO EFFECT: Output is pixel-identical to input. Test case 'transform_scale_percent_200_color_bars_8bit' — plugin likely did not execute. Parameters: scale_percent=200</Message>
          <StackTrace>   at Photopipeline.Tests.FunctionalTests.ApiChannel.PluginApiTests.ExecutePluginPipeline(TestCaseDefinition tc) in C:\Data\code\photopipeline\gui\windows\Photopipeline.Tests\FunctionalTests\ApiChannel\PluginApiTests.cs:line 72&#xD;
--- End of stack trace from previous location ---</StackTrace>
        </ErrorInfo>
      </Output>
    </UnitTestResult>
    <UnitTestResult executionId="2d4d2d9d-1169-44c8-89e8-217105599fd9" testId="45254649-8c2d-8a12-e0ce-fd3234106ab0" testName="Photopipeline.Tests.FunctionalTests.ApiChannel.PluginApiTests.ExecutePluginPipeline(tc: TestCaseDefinition { Id = plugin_0090, Name = lut3d_intensity_50_color_bars_8bit, Category = plugin, Tags = System.String[], InputImage = color_bars_8bit, InputImages = , Pipeline = Photopipeline.Models.PipelineSpec, OutputFormat = PNG, OutputBitDepth = , OutputLossless = , TolerancePerChannel = 0, MinPSNR = , MinSSIM = , MaxDeltaE = , ExpectError = False, ExpectedErrorMessage = , SkipUiChannel = False, SkipApiChannel = False, IsSerialOnly = False })" computerName="WIN-GKU76LNHACV" duration="00:00:02.0081829" startTime="2026-05-27T12:01:02.7917009+08:00" endTime="2026-05-27T12:01:04.8003009+08:00" testType="13cdc9d9-ddb5-4fa4-a97d-d965ccfc6d4b" outcome="Failed" testListId="8c84fa94-04c1-424b-9868-57a2d4851a1d" relativeResultsDirectory="2d4d2d9d-1169-44c8-89e8-217105599fd9">
      <Output>
        <StdOut>Backend gRPC connected successfully.</StdOut>
        <ErrorInfo>
          <Message>PLUGIN HAD NO EFFECT: Output is pixel-identical to input. Test case 'lut3d_intensity_50_color_bars_8bit' — plugin likely did not execute. Parameters: intensity=50</Message>
          <StackTrace>   at Photopipeline.Tests.FunctionalTests.ApiChannel.PluginApiTests.ExecutePluginPipeline(TestCaseDefinition tc) in C:\Data\code\photopipeline\gui\windows\Photopipeline.Tests\FunctionalTests\ApiChannel\PluginApiTests.cs:line 72&#xD;
--- End of stack trace from previous location ---</StackTrace>
        </ErrorInfo>
      </Output>
    </UnitTestResult>
    <UnitTestResult executionId="1bc55c40-c345-4020-aa15-fe4035db4e5f" testId="45254649-8c2d-8a12-e0ce-fd3234106ab0" testName="Photopipeline.Tests.FunctionalTests.ApiChannel.PluginApiTests.ExecutePluginPipeline(tc: TestCaseDefinition { Id = plugin_0086, Name = ai_denoise_denoise_model_lightweight_v1_checkerboard_8x8, Category = plugin, Tags = System.String[], InputImage = checkerboard_8x8, InputImages = , Pipeline = Photopipeline.Models.PipelineSpec, OutputFormat = PNG, OutputBitDepth = , OutputLossless = , TolerancePerChannel = 0, MinPSNR = , MinSSIM = , MaxDeltaE = , ExpectError = False, ExpectedErrorMessage = , SkipUiChannel = False, SkipApiChannel = False, IsSerialOnly = False })" computerName="WIN-GKU76LNHACV" duration="00:00:02.0067803" startTime="2026-05-27T12:00:54.7458110+08:00" endTime="2026-05-27T12:00:56.7531504+08:00" testType="13cdc9d9-ddb5-4fa4-a97d-d965ccfc6d4b" outcome="Failed" testListId="8c84fa94-04c1-424b-9868-57a2d4851a1d" relativeResultsDirectory="1bc55c40-c345-4020-aa15-fe4035db4e5f">
      <Output>
        <StdOut>Backend gRPC connected successfully.</StdOut>
        <ErrorInfo>
          <Message>System.IO.FileNotFoundException : Pipeline output not found: C:\Users\GMW\AppData\Local\Temp\photopipeline_tests\20260527_120054\ai_denoise_denoise_model_lightweight_v1_checkerboard_8x8\ai_denoise_denoise_model_lightweight_v1_checkerboard_8x8_output.png</Message>
          <StackTrace>   at Photopipeline.Tests.FunctionalTests.ApiChannel.ApiTestBase.ExecuteAndGetOutput(PipelineSpec spec, String inputImagePath, String outputPath, CancellationToken ct) in C:\Data\code\photopipeline\gui\windows\Photopipeline.Tests\FunctionalTests\ApiChannel\ApiTestBase.cs:line 97&#xD;
   at Photopipeline.Tests.FunctionalTests.ApiChannel.PluginApiTests.ExecutePluginPipeline(TestCaseDefinition tc) in C:\Data\code\photopipeline\gui\windows\Photopipeline.Tests\FunctionalTests\ApiChannel\PluginApiTests.cs:line 51&#xD;
--- End of stack trace from previous location ---</StackTrace>
        </ErrorInfo>
      </Output>
    </UnitTestResult>
    <UnitTestResult executionId="c281036f-157d-4183-8d8e-db44242ad1a9" testId="45254649-8c2d-8a12-e0ce-fd3234106ab0" testName="Photopipeline.Tests.FunctionalTests.ApiChannel.PluginApiTests.ExecutePluginPipeline(tc: TestCaseDefinition { Id = plugin_0137, Name = avif_encoder_quality_30_color_bars_8bit, Category = plugin, Tags = System.String[], InputImage = color_bars_8bit, InputImages = , Pipeline = Photopipeline.Models.PipelineSpec, OutputFormat = PNG, OutputBitDepth = , OutputLossless = , TolerancePerChannel = 0, MinPSNR = , MinSSIM = , MaxDeltaE = , ExpectError = False, ExpectedErrorMessage = , SkipUiChannel = False, SkipApiChannel = False, IsSerialOnly = False })" computerName="WIN-GKU76LNHACV" duration="00:00:02.0226375" startTime="2026-05-27T12:02:37.3624055+08:00" endTime="2026-05-27T12:02:39.3855064+08:00" testType="13cdc9d9-ddb5-4fa4-a97d-d965ccfc6d4b" outcome="Failed" testListId="8c84fa94-04c1-424b-9868-57a2d4851a1d" relativeResultsDirectory="c281036f-157d-4183-8d8e-db44242ad1a9">
      <Output>
        <StdOut>Backend gRPC connected successfully.</StdOut>
        <ErrorInfo>
          <Message>System.InvalidOperationException : Failed to decode image: C:\Users\GMW\AppData\Local\Temp\photopipeline_tests\20260527_120237\avif_encoder_quality_30_color_bars_8bit\avif_encoder_quality_30_color_bars_8bit_output.avif</Message>
          <StackTrace>   at Photopipeline.Tests.FunctionalTests.Infrastructure.ImageAssert.LoadBitmap(String path) in C:\Data\code\photopipeline\gui\windows\Photopipeline.Tests\FunctionalTests\Infrastructure\ImageAssert.cs:line 237&#xD;
   at Photopipeline.Tests.FunctionalTests.Infrastructure.ImageAssert.IsValidFormat(String path, String expectedFormat, Nullable`1 expectedWidth, Nullable`1 expectedHeight, Nullable`1 expectedBitDepth) in C:\Data\code\photopipeline\gui\windows\Photopipeline.Tests\FunctionalTests\Infrastructure\ImageAssert.cs:line 123&#xD;
   at Photopipeline.Tests.FunctionalTests.ApiChannel.ApiTestBase.AssertValidOutput(String outputPath, String expectedFormat, Nullable`1 expectedWidth, Nullable`1 expectedHeight, Nullable`1 expectedBitDepth) in C:\Data\code\photopipeline\gui\windows\Photopipeline.Tests\FunctionalTests\ApiChannel\ApiTestBase.cs:line 138&#xD;
   at Photopipeline.Tests.FunctionalTests.ApiChannel.PluginApiTests.ExecutePluginPipeline(TestCaseDefinition tc) in C:\Data\code\photopipeline\gui\windows\Photopipeline.Tests\FunctionalTests\ApiChannel\PluginApiTests.cs:line 55&#xD;
--- End of stack trace from previous location ---</StackTrace>
        </ErrorInfo>
      </Output>
    </UnitTestResult>
    <UnitTestResult executionId="b76358a1-4928-4119-abba-c3796b613069" testId="45254649-8c2d-8a12-e0ce-fd3234106ab0" testName="Photopipeline.Tests.FunctionalTests.ApiChannel.PluginApiTests.ExecutePluginPipeline(tc: TestCaseDefinition { Id = plugin_0134, Name = tiff_encoder_compression_lzw_gradient_horiz_rgb, Category = plugin, Tags = System.String[], InputImage = gradient_horiz_rgb, InputImages = , Pipeline = Photopipeline.Models.PipelineSpec, OutputFormat = PNG, OutputBitDepth = , OutputLossless = , TolerancePerChannel = 0, MinPSNR = , MinSSIM = , MaxDeltaE = , ExpectError = False, ExpectedErrorMessage = , SkipUiChannel = False, SkipApiChannel = False, IsSerialOnly = False })" computerName="WIN-GKU76LNHACV" duration="00:00:02.0109927" startTime="2026-05-27T12:02:31.3191873+08:00" endTime="2026-05-27T12:02:33.3306336+08:00" testType="13cdc9d9-ddb5-4fa4-a97d-d965ccfc6d4b" outcome="Failed" testListId="8c84fa94-04c1-424b-9868-57a2d4851a1d" relativeResultsDirectory="b76358a1-4928-4119-abba-c3796b613069">
      <Output>
        <StdOut>Backend gRPC connected successfully.</StdOut>
        <ErrorInfo>
          <Message>System.InvalidOperationException : Failed to decode image: C:\Users\GMW\AppData\Local\Temp\photopipeline_tests\20260527_120231\tiff_encoder_compression_lzw_gradient_horiz_rgb\tiff_encoder_compression_lzw_gradient_horiz_rgb_output.tif</Message>
          <StackTrace>   at Photopipeline.Tests.FunctionalTests.Infrastructure.ImageAssert.LoadBitmap(String path) in C:\Data\code\photopipeline\gui\windows\Photopipeline.Tests\FunctionalTests\Infrastructure\ImageAssert.cs:line 237&#xD;
   at Photopipeline.Tests.FunctionalTests.Infrastructure.ImageAssert.IsValidFormat(String path, String expectedFormat, Nullable`1 expectedWidth, Nullable`1 expectedHeight, Nullable`1 expectedBitDepth) in C:\Data\code\photopipeline\gui\windows\Photopipeline.Tests\FunctionalTests\Infrastructure\ImageAssert.cs:line 123&#xD;
   at Photopipeline.Tests.FunctionalTests.ApiChannel.ApiTestBase.AssertValidOutput(String outputPath, String expectedFormat, Nullable`1 expectedWidth, Nullable`1 expectedHeight, Nullable`1 expectedBitDepth) in C:\Data\code\photopipeline\gui\windows\Photopipeline.Tests\FunctionalTests\ApiChannel\ApiTestBase.cs:line 138&#xD;
   at Photopipeline.Tests.FunctionalTests.ApiChannel.PluginApiTests.ExecutePluginPipeline(TestCaseDefinition tc) in C:\Data\code\photopipeline\gui\windows\Photopipeline.Tests\FunctionalTests\ApiChannel\PluginApiTests.cs:line 55&#xD;
--- End of stack trace from previous location ---</StackTrace>
        </ErrorInfo>
      </Output>
    </UnitTestResult>
    <UnitTestResult executionId="773e0fc4-4b39-4c44-b708-257e991e7e78" testId="45254649-8c2d-8a12-e0ce-fd3234106ab0" testName="Photopipeline.Tests.FunctionalTests.ApiChannel.PluginApiTests.ExecutePluginPipeline(tc: TestCaseDefinition { Id = plugin_0126, Name = png_encoder_bit_depth_16_gradient_horiz_rgb, Category = plugin, Tags = System.String[], InputImage = gradient_horiz_rgb, InputImages = , Pipeline = Photopipeline.Models.PipelineSpec, OutputFormat = PNG, OutputBitDepth = , OutputLossless = , TolerancePerChannel = 0, MinPSNR = , MinSSIM = , MaxDeltaE = , ExpectError = False, ExpectedErrorMessage = , SkipUiChannel = False, SkipApiChannel = False, IsSerialOnly = False })" computerName="WIN-GKU76LNHACV" duration="00:00:02.0088938" startTime="2026-05-27T12:02:15.2241394+08:00" endTime="2026-05-27T12:02:17.2334401+08:00" testType="13cdc9d9-ddb5-4fa4-a97d-d965ccfc6d4b" outcome="Passed" testListId="8c84fa94-04c1-424b-9868-57a2d4851a1d" relativeResultsDirectory="773e0fc4-4b39-4c44-b708-257e991e7e78">
      <Output>
        <StdOut>Backend gRPC connected successfully.&#xD;
PASS: png_encoder_bit_depth_16_gradient_horiz_rgb</StdOut>
      </Output>
    </UnitTestResult>
[...]
      </RunInfo>
      <RunInfo computerName="WIN-GKU76LNHACV" outcome="Error" timestamp="2026-05-27T12:02:27.2888076+08:00">
        <Text>[xUnit.net 00:04:26.24]     Photopipeline.Tests.FunctionalTests.ApiChannel.PluginApiTests.ExecutePluginPipeline(tc: TestCaseDefinition { Id = plugin_0131, Name = tiff_encoder_compression_lzw_color_bars_8bit, Category = plugin, Tags = System.String[], InputImage = color_bars_8bit, InputImages = , Pipeline = Photopipeline.Models.PipelineSpec, OutputFormat = PNG, OutputBitDepth = , OutputLossless = , TolerancePerChannel = 0, MinPSNR = , MinSSIM = , MaxDeltaE = , ExpectError = False, ExpectedErrorMessage = , SkipUiChannel = False, SkipApiChannel = False, IsSerialOnly = False }) [FAIL]</Text>
      </RunInfo>
      <RunInfo computerName="WIN-GKU76LNHACV" outcome="Error" timestamp="2026-05-27T12:02:29.2991272+08:00">
        <Text>[xUnit.net 00:04:28.25]     Photopipeline.Tests.FunctionalTests.ApiChannel.PluginApiTests.ExecutePluginPipeline(tc: TestCaseDefinition { Id = plugin_0132, Name = tiff_encoder_compression_deflate_color_bars_8bit, Category = plugin, Tags = System.String[], InputImage = color_bars_8bit, InputImages = , Pipeline = Photopipeline.Models.PipelineSpec, OutputFormat = PNG, OutputBitDepth = , OutputLossless = , TolerancePerChannel = 0, MinPSNR = , MinSSIM = , MaxDeltaE = , ExpectError = False, ExpectedErrorMessage = , SkipUiChannel = False, SkipApiChannel = False, IsSerialOnly = False }) [FAIL]</Text>
      </RunInfo>
      <RunInfo computerName="WIN-GKU76LNHACV" outcome="Error" timestamp="2026-05-27T12:02:31.3191951+08:00">
        <Text>[xUnit.net 00:04:30.27]     Photopipeline.Tests.FunctionalTests.ApiChannel.PluginApiTests.ExecutePluginPipeline(tc: TestCaseDefinition { Id = plugin_0133, Name = tiff_encoder_compression_none_gradient_horiz_rgb, Category = plugin, Tags = System.String[], InputImage = gradient_horiz_rgb, InputImages = , Pipeline = Photopipeline.Models.PipelineSpec, OutputFormat = PNG, OutputBitDepth = , OutputLossless = , TolerancePerChannel = 0, MinPSNR = , MinSSIM = , MaxDeltaE = , ExpectError = False, ExpectedErrorMessage = , SkipUiChannel = False, SkipApiChannel = False, IsSerialOnly = False }) [FAIL]</Text>
      </RunInfo>
      <RunInfo computerName="WIN-GKU76LNHACV" outcome="Error" timestamp="2026-05-27T12:02:33.3308308+08:00">
        <Text>[xUnit.net 00:04:32.28]     Photopipeline.Tests.FunctionalTests.ApiChannel.PluginApiTests.ExecutePluginPipeline(tc: TestCaseDefinition { Id = plugin_0134, Name = tiff_encoder_compression_lzw_gradient_horiz_rgb, Category = plugin, Tags = System.String[], InputImage = gradient_horiz_rgb, InputImages = , Pipeline = Photopipeline.Models.PipelineSpec, OutputFormat = PNG, OutputBitDepth = , OutputLossless = , TolerancePerChannel = 0, MinPSNR = , MinSSIM = , MaxDeltaE = , ExpectError = False, ExpectedErrorMessage = , SkipUiChannel = False, SkipApiChannel = False, IsSerialOnly = False }) [FAIL]</Text>
      </RunInfo>
      <RunInfo computerName="WIN-GKU76LNHACV" outcome="Error" timestamp="2026-05-27T12:02:35.3412910+08:00">
        <Text>[xUnit.net 00:04:34.29]     Photopipeline.Tests.FunctionalTests.ApiChannel.PluginApiTests.ExecutePluginPipeline(tc: TestCaseDefinition { Id = plugin_0135, Name = tiff_encoder_compression_deflate_gradient_horiz_rgb, Category = plugin, Tags = System.String[], InputImage = gradient_horiz_rgb, InputImages = , Pipeline = Photopipeline.Models.PipelineSpec, OutputFormat = PNG, OutputBitDepth = , OutputLossless = , TolerancePerChannel = 0, MinPSNR = , MinSSIM = , MaxDeltaE = , ExpectError = False, ExpectedErrorMessage = , SkipUiChannel = False, SkipApiChannel = False, IsSerialOnly = False }) [FAIL]</Text>
      </RunInfo>
      <RunInfo computerName="WIN-GKU76LNHACV" outcome="Error" timestamp="2026-05-27T12:02:37.3624665+08:00">
        <Text>[xUnit.net 00:04:36.31]     Photopipeline.Tests.FunctionalTests.ApiChannel.PluginApiTests.ExecutePluginPipeline(tc: TestCaseDefinition { Id = plugin_0136, Name = tiff_encoder_default_all, Category = plugin, Tags = System.String[], InputImage = color_bars_8bit, InputImages = , Pipeline = Photopipeline.Models.PipelineSpec, OutputFormat = PNG, OutputBitDepth = , OutputLossless = , TolerancePerChannel = 0, MinPSNR = , MinSSIM = , MaxDeltaE = , ExpectError = False, ExpectedErrorMessage = , SkipUiChannel = False, SkipApiChannel = False, IsSerialOnly = False }) [FAIL]</Text>
      </RunInfo>
      <RunInfo computerName="WIN-GKU76LNHACV" outcome="Error" timestamp="2026-05-27T12:02:39.3859077+08:00">
        <Text>[xUnit.net 00:04:38.33]     Photopipeline.Tests.FunctionalTests.ApiChannel.PluginApiTests.ExecutePluginPipeline(tc: TestCaseDefinition { Id = plugin_0137, Name = avif_encoder_quality_30_color_bars_8bit, Category = plugin, Tags = System.String[], InputImage = color_bars_8bit, InputImages = , Pipeline = Photopipeline.Models.PipelineSpec, OutputFormat = PNG, OutputBitDepth = , OutputLossless = , TolerancePerChannel = 0, MinPSNR = , MinSSIM = , MaxDeltaE = , ExpectError = False, ExpectedErrorMessage = , SkipUiChannel = False, SkipApiChannel = False, IsSerialOnly = False }) [FAIL]</Text>
      </RunInfo>
      <RunInfo computerName="WIN-GKU76LNHACV" outcome="Error" timestamp="2026-05-27T12:02:41.4182237+08:00">
        <Text>[xUnit.net 00:04:40.37]     Photopipeline.Tests.FunctionalTests.ApiChannel.PluginApiTests.ExecutePluginPipeline(tc: TestCaseDefinition { Id = plugin_0138, Name = avif_encoder_quality_60_color_bars_8bit, Category = plugin, Tags = System.String[], InputImage = color_bars_8bit, InputImages = , Pipeline = Photopipeline.Models.PipelineSpec, OutputFormat = PNG, OutputBitDepth = , OutputLossless = , TolerancePerChannel = 0, MinPSNR = , MinSSIM = , MaxDeltaE = , ExpectError = False, ExpectedErrorMessage = , SkipUiChannel = False, SkipApiChannel = False, IsSerialOnly = False }) [FAIL]</Text>
      </RunInfo>
      <RunInfo computerName="WIN-GKU76LNHACV" outcome="Error" timestamp="2026-05-27T12:02:43.4844515+08:00">
        <Text>[xUnit.net 00:04:42.43]     Photopipeline.Tests.FunctionalTests.ApiChannel.PluginApiTests.ExecutePluginPipeline(tc: TestCaseDefinition { Id = plugin_0139, Name = avif_encoder_quality_90_color_bars_8bit, Category = plugin, Tags = System.String[], InputImage = color_bars_8bit, InputImages = , Pipeline = Photopipeline.Models.PipelineSpec, OutputFormat = PNG, OutputBitDepth = , OutputLossless = , TolerancePerChannel = 0, MinPSNR = , MinSSIM = , MaxDeltaE = , ExpectError = False, ExpectedErrorMessage = , SkipUiChannel = False, SkipApiChannel = False, IsSerialOnly = False }) [FAIL]</Text>
      </RunInfo>
      <RunInfo computerName="WIN-GKU76LNHACV" outcome="Error" timestamp="2026-05-27T12:02:45.5858427+08:00">
        <Text>[xUnit.net 00:04:44.53]     Photopipeline.Tests.FunctionalTests.ApiChannel.PluginApiTests.ExecutePluginPipeline(tc: TestCaseDefinition { Id = plugin_0140, Name = avif_encoder_quality_30_gradient_horiz_rgb, Category = plugin, Tags = System.String[], InputImage = gradient_horiz_rgb, InputImages = , Pipeline = Photopipeline.Models.PipelineSpec, OutputFormat = PNG, OutputBitDepth = , OutputLossless = , TolerancePerChannel = 0, MinPSNR = , MinSSIM = , MaxDeltaE = , ExpectError = False, ExpectedErrorMessage = , SkipUiChannel = False, SkipApiChannel = False, IsSerialOnly = False }) [FAIL]</Text>
      </RunInfo>
      <RunInfo computerName="WIN-GKU76LNHACV" outcome="Error" timestamp="2026-05-27T12:02:47.7780068+08:00">
        <Text>[xUnit.net 00:04:46.73]     Photopipeline.Tests.FunctionalTests.ApiChannel.PluginApiTests.ExecutePluginPipeline(tc: TestCaseDefinition { Id = plugin_0141, Name = avif_encoder_quality_60_gradient_horiz_rgb, Category = plugin, Tags = System.String[], InputImage = gradient_horiz_rgb, InputImages = , Pipeline = Photopipeline.Models.PipelineSpec, OutputFormat = PNG, OutputBitDepth = , OutputLossless = , TolerancePerChannel = 0, MinPSNR = , MinSSIM = , MaxDeltaE = , ExpectError = False, ExpectedErrorMessage = , SkipUiChannel = False, SkipApiChannel = False, IsSerialOnly = False }) [FAIL]</Text>
      </RunInfo>
      <RunInfo computerName="WIN-GKU76LNHACV" outcome="Error" timestamp="2026-05-27T12:02:49.9494017+08:00">
        <Text>[xUnit.net 00:04:48.90]     Photopipeline.Tests.FunctionalTests.ApiChannel.PluginApiTests.ExecutePluginPipeline(tc: TestCaseDefinition { Id = plugin_0142, Name = avif_encoder_quality_90_gradient_horiz_rgb, Category = plugin, Tags = System.String[], InputImage = gradient_horiz_rgb, InputImages = , Pipeline = Photopipeline.Models.PipelineSpec, OutputFormat = PNG, OutputBitDepth = , OutputLossless = , TolerancePerChannel = 0, MinPSNR = , MinSSIM = , MaxDeltaE = , ExpectError = False, ExpectedErrorMessage = , SkipUiChannel = False, SkipApiChannel = False, IsSerialOnly = False }) [FAIL]</Text>
      </RunInfo>
      <RunInfo computerName="WIN-GKU76LNHACV" outcome="Error" timestamp="2026-05-27T12:02:52.0761843+08:00">
        <Text>[xUnit.net 00:04:51.02]     Photopipeline.Tests.FunctionalTests.ApiChannel.PluginApiTests.ExecutePluginPipeline(tc: TestCaseDefinition { Id = plugin_0143, Name = avif_encoder_default_all, Category = plugin, Tags = System.String[], InputImage = color_bars_8bit, InputImages = , Pipeline = Photopipeline.Models.PipelineSpec, OutputFormat = PNG, OutputBitDepth = , OutputLossless = , TolerancePerChannel = 0, MinPSNR = , MinSSIM = , MaxDeltaE = , ExpectError = False, ExpectedErrorMessage = , SkipUiChannel = False, SkipApiChannel = False, IsSerialOnly = False }) [FAIL]</Text>
      </RunInfo>
      <RunInfo computerName="WIN-GKU76LNHACV" outcome="Error" timestamp="2026-05-27T12:02:54.0843363+08:00">
        <Text>[xUnit.net 00:04:53.03]     Photopipeline.Tests.FunctionalTests.ApiChannel.PluginApiTests.ExecutePluginPipeline(tc: TestCaseDefinition { Id = plugin_0144, Name = jxl_encoder_quality_30_color_bars_8bit, Category = plugin, Tags = System.String[], InputImage = color_bars_8bit, InputImages = , Pipeline = Photopipeline.Models.PipelineSpec, OutputFormat = PNG, OutputBitDepth = , OutputLossless = , TolerancePerChannel = 0, MinPSNR = , MinSSIM = , MaxDeltaE = , ExpectError = False, ExpectedErrorMessage = , SkipUiChannel = False, SkipApiChannel = False, IsSerialOnly = False }) [FAIL]</Text>
      </RunInfo>
      <RunInfo computerName="WIN-GKU76LNHACV" outcome="Error" timestamp="2026-05-27T12:02:56.0913284+08:00">
        <Text>[xUnit.net 00:04:55.04]     Photopipeline.Tests.FunctionalTests.ApiChannel.PluginApiTests.ExecutePluginPipeline(tc: TestCaseDefinition { Id = plugin_0145, Name = jxl_encoder_quality_60_color_bars_8bit, Category = plugin, Tags = System.String[], InputImage = color_bars_8bit, InputImages = , Pipeline = Photopipeline.Models.PipelineSpec, OutputFormat = PNG, OutputBitDepth = , OutputLossless = , TolerancePerChannel = 0, MinPSNR = , MinSSIM = , MaxDeltaE = , ExpectError = False, ExpectedErrorMessage = , SkipUiChannel = False, SkipApiChannel = False, IsSerialOnly = False }) [FAIL]</Text>
      </RunInfo>
      <RunInfo computerName="WIN-GKU76LNHACV" outcome="Error" timestamp="2026-05-27T12:02:58.0964680+08:00">
        <Text>[xUnit.net 00:04:57.04]     Photopipeline.Tests.FunctionalTests.ApiChannel.PluginApiTests.ExecutePluginPipeline(tc: TestCaseDefinition { Id = plugin_0146, Name = jxl_encoder_quality_90_color_bars_8bit, Category = plugin, Tags = System.String[], InputImage = color_bars_8bit, InputImages = , Pipeline = Photopipeline.Models.PipelineSpec, OutputFormat = PNG, OutputBitDepth = , OutputLossless = , TolerancePerChannel = 0, MinPSNR = , MinSSIM = , MaxDeltaE = , ExpectError = False, ExpectedErrorMessage = , SkipUiChannel = False, SkipApiChannel = False, IsSerialOnly = False }) [FAIL]</Text>
      </RunInfo>
      <RunInfo computerName="WIN-GKU76LNHACV" outcome="Error" timestamp="2026-05-27T12:03:00.1042530+08:00">
        <Text>[xUnit.net 00:04:59.05]     Photopipeline.Tests.FunctionalTests.ApiChannel.PluginApiTests.ExecutePluginPipeline(tc: TestCaseDefinition { Id = plugin_0147, Name = jxl_encoder_quality_30_gradient_horiz_rgb, Category = plugin, Tags = System.String[], InputImage = gradient_horiz_rgb, InputImages = , Pipeline = Photopipeline.Models.PipelineSpec, OutputFormat = PNG, OutputBitDepth = , OutputLossless = , TolerancePerChannel = 0, MinPSNR = , MinSSIM = , MaxDeltaE = , ExpectError = False, ExpectedErrorMessage = , SkipUiChannel = False, SkipApiChannel = False, IsSerialOnly = False }) [FAIL]</Text>
      </RunInfo>
      <RunInfo computerName="WIN-GKU76LNHACV" outcome="Error" timestamp="2026-05-27T12:03:02.1122983+08:00">
        <Text>[xUnit.net 00:05:01.06]     Photopipeline.Tests.FunctionalTests.ApiChannel.PluginApiTests.ExecutePluginPipeline(tc: TestCaseDefinition { Id = plugin_0148, Name = jxl_encoder_quality_60_gradient_horiz_rgb, Category = plugin, Tags = System.String[], InputImage = gradient_horiz_rgb, InputImages = , Pipeline = Photopipeline.Models.PipelineSpec, OutputFormat = PNG, OutputBitDepth = , OutputLossless = , TolerancePerChannel = 0, MinPSNR = , MinSSIM = , MaxDeltaE = , ExpectError = False, ExpectedErrorMessage = , SkipUiChannel = False, SkipApiChannel = False, IsSerialOnly = False }) [FAIL]</Text>
      </RunInfo>
      <RunInfo computerName="WIN-GKU76LNHACV" outcome="Error" timestamp="2026-05-27T12:03:04.1209413+08:00">
        <Text>[xUnit.net 00:05:03.07]     Photopipeline.Tests.FunctionalTests.ApiChannel.PluginApiTests.ExecutePluginPipeline(tc: TestCaseDefinition { Id = plugin_0149, Name = jxl_encoder_quality_90_gradient_horiz_rgb, Category = plugin, Tags = System.String[], InputImage = gradient_horiz_rgb, InputImages = , Pipeline = Photopipeline.Models.PipelineSpec, OutputFormat = PNG, OutputBitDepth = , OutputLossless = , TolerancePerChannel = 0, MinPSNR = , MinSSIM = , MaxDeltaE = , ExpectError = False, ExpectedErrorMessage = , SkipUiChannel = False, SkipApiChannel = False, IsSerialOnly = False }) [FAIL]</Text>
      </RunInfo>
      <RunInfo computerName="WIN-GKU76LNHACV" outcome="Error" timestamp="2026-05-27T12:03:06.1274621+08:00">
        <Text>[xUnit.net 00:05:05.07]     Photopipeline.Tests.FunctionalTests.ApiChannel.PluginApiTests.ExecutePluginPipeline(tc: TestCaseDefinition { Id = plugin_0150, Name = jxl_encoder_default_all, Category = plugin, Tags = System.String[], InputImage = color_bars_8bit, InputImages = , Pipeline = Photopipeline.Models.PipelineSpec, OutputFormat = PNG, OutputBitDepth = , OutputLossless = , TolerancePerChannel = 0, MinPSNR = , MinSSIM = , MaxDeltaE = , ExpectError = False, ExpectedErrorMessage = , SkipUiChannel = False, SkipApiChannel = False, IsSerialOnly = False }) [FAIL]</Text>
      </RunInfo>
      <RunInfo computerName="WIN-GKU76LNHACV" outcome="Error" timestamp="2026-05-27T12:03:08.1335925+08:00">
        <Text>[xUnit.net 00:05:07.08]     Photopipeline.Tests.FunctionalTests.ApiChannel.PluginApiTests.ExecutePluginPipeline(tc: TestCaseDefinition { Id = plugin_0151, Name = heif_encoder_quality_30_color_bars_8bit, Category = plugin, Tags = System.String[], InputImage = color_bars_8bit, InputImages = , Pipeline = Photopipeline.Models.PipelineSpec, OutputFormat = PNG, OutputBitDepth = , OutputLossless = , TolerancePerChannel = 0, MinPSNR = , MinSSIM = , MaxDeltaE = , ExpectError = False, ExpectedErrorMessage = , SkipUiChannel = False, SkipApiChannel = False, IsSerialOnly = False }) [FAIL]</Text>
      </RunInfo>
      <RunInfo computerName="WIN-GKU76LNHACV" outcome="Error" timestamp="2026-05-27T12:03:10.1413715+08:00">
        <Text>[xUnit.net 00:05:09.09]     Photopipeline.Tests.FunctionalTests.ApiChannel.PluginApiTests.ExecutePluginPipeline(tc: TestCaseDefinition { Id = plugin_0152, Name = heif_encoder_quality_60_color_bars_8bit, Category = plugin, Tags = System.String[], InputImage = color_bars_8bit, InputImages = , Pipeline = Photopipeline.Models.PipelineSpec, OutputFormat = PNG, OutputBitDepth = , OutputLossless = , TolerancePerChannel = 0, MinPSNR = , MinSSIM = , MaxDeltaE = , ExpectError = False, ExpectedErrorMessage = , SkipUiChannel = False, SkipApiChannel = False, IsSerialOnly = False }) [FAIL]</Text>
      </RunInfo>
      <RunInfo computerName="WIN-GKU76LNHACV" outcome="Error" timestamp="2026-05-27T12:03:12.1458311+08:00">
        <Text>[xUnit.net 00:05:11.09]     Photopipeline.Tests.FunctionalTests.ApiChannel.PluginApiTests.ExecutePluginPipeline(tc: TestCaseDefinition { Id = plugin_0153, Name = heif_encoder_quality_95_color_bars_8bit, Category = plugin, Tags = System.String[], InputImage = color_bars_8bit, InputImages = , Pipeline = Photopipeline.Models.PipelineSpec, OutputFormat = PNG, OutputBitDepth = , OutputLossless = , TolerancePerChannel = 0, MinPSNR = , MinSSIM = , MaxDeltaE = , ExpectError = False, ExpectedErrorMessage = , SkipUiChannel = False, SkipApiChannel = False, IsSerialOnly = False }) [FAIL]</Text>
      </RunInfo>
      <RunInfo computerName="WIN-GKU76LNHACV" outcome="Error" timestamp="2026-05-27T12:03:14.1617963+08:00">
        <Text>[xUnit.net 00:05:13.11]     Photopipeline.Tests.FunctionalTests.ApiChannel.PluginApiTests.ExecutePluginPipeline(tc: TestCaseDefinition { Id = plugin_0154, Name = heif_encoder_quality_30_gradient_horiz_rgb, Category = plugin, Tags = System.String[], InputImage = gradient_horiz_rgb, InputImages = , Pipeline = Photopipeline.Models.PipelineSpec, OutputFormat = PNG, OutputBitDepth = , OutputLossless = , TolerancePerChannel = 0, MinPSNR = , MinSSIM = , MaxDeltaE = , ExpectError = False, ExpectedErrorMessage = , SkipUiChannel = False, SkipApiChannel = False, IsSerialOnly = False }) [FAIL]</Text>
      </RunInfo>
      <RunInfo computerName="WIN-GKU76LNHACV" outcome="Error" timestamp="2026-05-27T12:03:16.1696346+08:00">
        <Text>[xUnit.net 00:05:15.12]     Photopipeline.Tests.FunctionalTests.ApiChannel.PluginApiTests.ExecutePluginPipeline(tc: TestCaseDefinition { Id = plugin_0155, Name = heif_encoder_quality_60_gradient_horiz_rgb, Category = plugin, Tags = System.String[], InputImage = gradient_horiz_rgb, InputImages = , Pipeline = Photopipeline.Models.PipelineSpec, OutputFormat = PNG, OutputBitDepth = , OutputLossless = , TolerancePerChannel = 0, MinPSNR = , MinSSIM = , MaxDeltaE = , ExpectError = False, ExpectedErrorMessage = , SkipUiChannel = False, SkipApiChannel = False, IsSerialOnly = False }) [FAIL]</Text>
      </RunInfo>
      <RunInfo computerName="WIN-GKU76LNHACV" outcome="Error" timestamp="2026-05-27T12:03:18.1770090+08:00">
        <Text>[xUnit.net 00:05:17.12]     Photopipeline.Tests.FunctionalTests.ApiChannel.PluginApiTests.ExecutePluginPipeline(tc: TestCaseDefinition { Id = plugin_0156, Name = heif_encoder_quality_95_gradient_horiz_rgb, Category = plugin, Tags = System.String[], InputImage = gradient_horiz_rgb, InputImages = , Pipeline = Photopipeline.Models.PipelineSpec, OutputFormat = PNG, OutputBitDepth = , OutputLossless = , TolerancePerChannel = 0, MinPSNR = , MinSSIM = , MaxDeltaE = , ExpectError = False, ExpectedErrorMessage = , SkipUiChannel = False, SkipApiChannel = False, IsSerialOnly = False }) [FAIL]</Text>
      </RunInfo>
      <RunInfo computerName="WIN-GKU76LNHACV" outcome="Error" timestamp="2026-05-27T12:03:20.1849010+08:00">
        <Text>[xUnit.net 00:05:19.13]     Photopipeline.Tests.FunctionalTests.ApiChannel.PluginApiTests.ExecutePluginPipeline(tc: TestCaseDefinition { Id = plugin_0157, Name = heif_encoder_default_all, Category = plugin, Tags = System.String[], InputImage = color_bars_8bit, InputImages = , Pipeline = Photopipeline.Models.PipelineSpec, OutputFormat = PNG, OutputBitDepth = , OutputLossless = , TolerancePerChannel = 0, MinPSNR = , MinSSIM = , MaxDeltaE = , ExpectError = False, ExpectedErrorMessage = , SkipUiChannel = False, SkipApiChannel = False, IsSerialOnly = False }) [FAIL]</Text>
      </RunInfo>
    </RunInfos>
  </ResultSummary>
</TestRun>